# JRE version: Java(TM) SE Runtime Environment (8.0_281-b09) (build 1.8.0_281-b09)
# Java VM: Java HotSpot(TM) 64-Bit Server VM (25.281-b09 mixed mode windows-amd64 compressed oops)
Heap:
 PSYoungGen      total 184832K, used 87913K [0x00000000e0000000, 0x00000000ed180000, 0x0000000100000000)
  eden space 171008K, 43% used [0x00000000e0000000,0x00000000e48836d0,0x00000000ea700000)
  from space 13824K, 98% used [0x00000000ec400000,0x00000000ed156d30,0x00000000ed180000)
  to   space 17920K, 0% used [0x00000000eae80000,0x00000000eae80000,0x00000000ec000000)
 ParOldGen       total 46592K, used 33483K [0x00000000a0000000, 0x00000000a2d80000, 0x00000000e0000000)
  object space 46592K, 71% used [0x00000000a0000000,0x00000000a20b2c18,0x00000000a2d80000)
 Metaspace       used 68708K, capacity 71750K, committed 71936K, reserved 1112064K
  class space    used 9613K, capacity 10211K, committed 10240K, reserved 1048576K
GC Heap History (10 events):
Event: 10.387 GC heap before
{Heap before GC invocations=15 (full 2):
 PSYoungGen      total 122368K, used 112640K [0x00000000e0000000, 0x00000000e9400000, 0x0000000100000000)
  eden space 112640K, 100% used [0x00000000e0000000,0x00000000e6e00000,0x00000000e6e00000)
  from space 9728K, 0% used [0x00000000e7800000,0x00000000e7800000,0x00000000e8180000)
  to   space 10240K, 0% used [0x00000000e6e00000,0x00000000e6e00000,0x00000000e7800000)
 ParOldGen       total 46592K, used 14097K [0x00000000a0000000, 0x00000000a2d80000, 0x00000000e0000000)
  object space 46592K, 30% used [0x00000000a0000000,0x00000000a0dc4688,0x00000000a2d80000)
 Metaspace       used 37895K, capacity 39382K, committed 39552K, reserved 1083392K
  class space    used 5334K, capacity 5652K, committed 5760K, reserved 1048576K
Event: 10.410 GC heap after
Heap after GC invocations=15 (full 2):
 PSYoungGen      total 122880K, used 7338K [0x00000000e0000000, 0x00000000ea680000, 0x0000000100000000)
  eden space 112640K, 0% used [0x00000000e0000000,0x00000000e0000000,0x00000000e6e00000)
  from space 10240K, 71% used [0x00000000e6e00000,0x00000000e752aa48,0x00000000e7800000)
  to   space 10752K, 0% used [0x00000000e9c00000,0x00000000e9c00000,0x00000000ea680000)
 ParOldGen       total 46592K, used 14105K [0x00000000a0000000, 0x00000000a2d80000, 0x00000000e0000000)
  object space 46592K, 30% used [0x00000000a0000000,0x00000000a0dc6688,0x00000000a2d80000)
 Metaspace       used 37895K, capacity 39382K, committed 39552K, reserved 1083392K
  class space    used 5334K, capacity 5652K, committed 5760K, reserved 1048576K
}
Event: 12.907 GC heap before
{Heap before GC invocations=16 (full 2):
 PSYoungGen      total 122880K, used 119978K [0x00000000e0000000, 0x00000000ea680000, 0x0000000100000000)
  eden space 112640K, 100% used [0x00000000e0000000,0x00000000e6e00000,0x00000000e6e00000)
  from space 10240K, 71% used [0x00000000e6e00000,0x00000000e752aa48,0x00000000e7800000)
  to   space 10752K, 0% used [0x00000000e9c00000,0x00000000e9c00000,0x00000000ea680000)
 ParOldGen       total 46592K, used 14105K [0x00000000a0000000, 0x00000000a2d80000, 0x00000000e0000000)
  object space 46592K, 30% used [0x00000000a0000000,0x00000000a0dc6688,0x00000000a2d80000)
 Metaspace       used 50475K, capacity 52250K, committed 52608K, reserved 1095680K
  class space    used 6868K, capacity 7230K, committed 7296K, reserved 1048576K
Event: 12.933 GC heap after
Heap after GC invocations=16 (full 2):
 PSYoungGen      total 155136K, used 10749K [0x00000000e0000000, 0x00000000eac80000, 0x0000000100000000)
  eden space 144384K, 0% used [0x00000000e0000000,0x00000000e0000000,0x00000000e8d00000)
  from space 10752K, 99% used [0x00000000e9c00000,0x00000000ea67f440,0x00000000ea680000)
  to   space 15360K, 0% used [0x00000000e8d00000,0x00000000e8d00000,0x00000000e9c00000)
 ParOldGen       total 46592K, used 22290K [0x00000000a0000000, 0x00000000a2d80000, 0x00000000e0000000)
  object space 46592K, 47% used [0x00000000a0000000,0x00000000a15c4828,0x00000000a2d80000)
 Metaspace       used 50475K, capacity 52250K, committed 52608K, reserved 1095680K
  class space    used 6868K, capacity 7230K, committed 7296K, reserved 1048576K
}
Event: 14.771 GC heap before
{Heap before GC invocations=17 (full 2):
 PSYoungGen      total 155136K, used 105935K [0x00000000e0000000, 0x00000000eac80000, 0x0000000100000000)
  eden space 144384K, 65% used [0x00000000e0000000,0x00000000e5cf4af0,0x00000000e8d00000)
  from space 10752K, 99% used [0x00000000e9c00000,0x00000000ea67f440,0x00000000ea680000)
  to   space 15360K, 0% used [0x00000000e8d00000,0x00000000e8d00000,0x00000000e9c00000)
 ParOldGen       total 46592K, used 22290K [0x00000000a0000000, 0x00000000a2d80000, 0x00000000e0000000)
  object space 46592K, 47% used [0x00000000a0000000,0x00000000a15c4828,0x00000000a2d80000)
 Metaspace       used 56850K, capacity 59034K, committed 59136K, reserved 1099776K
  class space    used 7922K, capacity 8406K, committed 8448K, reserved 1048576K
Event: 14.797 GC heap after
Heap after GC invocations=17 (full 2):
 PSYoungGen      total 159744K, used 10783K [0x00000000e0000000, 0x00000000ed380000, 0x0000000100000000)
  eden space 144384K, 0% used [0x00000000e0000000,0x00000000e0000000,0x00000000e8d00000)
  from space 15360K, 70% used [0x00000000e8d00000,0x00000000e9787c10,0x00000000e9c00000)
  to   space 15872K, 0% used [0x00000000ec400000,0x00000000ec400000,0x00000000ed380000)
 ParOldGen       total 46592K, used 28776K [0x00000000a0000000, 0x00000000a2d80000, 0x00000000e0000000)
  object space 46592K, 61% used [0x00000000a0000000,0x00000000a1c1a3c0,0x00000000a2d80000)
 Metaspace       used 56850K, capacity 59034K, committed 59136K, reserved 1099776K
  class space    used 7922K, capacity 8406K, committed 8448K, reserved 1048576K
}
Event: 14.797 GC heap before
{Heap before GC invocations=18 (full 3):
 PSYoungGen      total 159744K, used 10783K [0x00000000e0000000, 0x00000000ed380000, 0x0000000100000000)
  eden space 144384K, 0% used [0x00000000e0000000,0x00000000e0000000,0x00000000e8d00000)
  from space 15360K, 70% used [0x00000000e8d00000,0x00000000e9787c10,0x00000000e9c00000)
  to   space 15872K, 0% used [0x00000000ec400000,0x00000000ec400000,0x00000000ed380000)
 ParOldGen       total 46592K, used 28776K [0x00000000a0000000, 0x00000000a2d80000, 0x00000000e0000000)
  object space 46592K, 61% used [0x00000000a0000000,0x00000000a1c1a3c0,0x00000000a2d80000)
 Metaspace       used 56850K, capacity 59034K, committed 59136K, reserved 1099776K
  class space    used 7922K, capacity 8406K, committed 8448K, reserved 1048576K
Event: 15.250 GC heap after
Heap after GC invocations=18 (full 3):
 PSYoungGen      total 159744K, used 0K [0x00000000e0000000, 0x00000000ed380000, 0x0000000100000000)
  eden space 144384K, 0% used [0x00000000e0000000,0x00000000e0000000,0x00000000e8d00000)
  from space 15360K, 0% used [0x00000000e8d00000,0x00000000e8d00000,0x00000000e9c00000)
  to   space 15872K, 0% used [0x00000000ec400000,0x00000000ec400000,0x00000000ed380000)
 ParOldGen       total 46592K, used 33475K [0x00000000a0000000, 0x00000000a2d80000, 0x00000000e0000000)
  object space 46592K, 71% used [0x00000000a0000000,0x00000000a20b0c18,0x00000000a2d80000)
 Metaspace       used 56850K, capacity 59034K, committed 59136K, reserved 1099776K
  class space    used 7922K, capacity 8406K, committed 8448K, reserved 1048576K
}
Event: 19.506 GC heap before
{Heap before GC invocations=19 (full 3):
 PSYoungGen      total 159744K, used 144384K [0x00000000e0000000, 0x00000000ed380000, 0x0000000100000000)
  eden space 144384K, 100% used [0x00000000e0000000,0x00000000e8d00000,0x00000000e8d00000)
  from space 15360K, 0% used [0x00000000e8d00000,0x00000000e8d00000,0x00000000e9c00000)
  to   space 15872K, 0% used [0x00000000ec400000,0x00000000ec400000,0x00000000ed380000)
 ParOldGen       total 46592K, used 33475K [0x00000000a0000000, 0x00000000a2d80000, 0x00000000e0000000)
  object space 46592K, 71% used [0x00000000a0000000,0x00000000a20b0c18,0x00000000a2d80000)
 Metaspace       used 63532K, capacity 66346K, committed 66560K, reserved 1105920K
  class space    used 8917K, capacity 9466K, committed 9472K, reserved 1048576K
Event: 19.534 GC heap after
Heap after GC invocations=19 (full 3):
 PSYoungGen      total 184832K, used 13659K [0x00000000e0000000, 0x00000000ed180000, 0x0000000100000000)
  eden space 171008K, 0% used [0x00000000e0000000,0x00000000e0000000,0x00000000ea700000)
  from space 13824K, 98% used [0x00000000ec400000,0x00000000ed156d30,0x00000000ed180000)
  to   space 17920K, 0% used [0x00000000eae80000,0x00000000eae80000,0x00000000ec000000)
 ParOldGen       total 46592K, used 33483K [0x00000000a0000000, 0x00000000a2d80000, 0x00000000e0000000)
  object space 46592K, 71% used [0x00000000a0000000,0x00000000a20b2c18,0x00000000a2d80000)
 Metaspace       used 63532K, capacity 66346K, committed 66560K, reserved 1105920K
  class space    used 8917K, capacity 9466K, committed 9472K, reserved 1048576K
}

