# JRE version: Java(TM) SE Runtime Environment (8.0_281-b09) (build 1.8.0_281-b09)
# Java VM: Java HotSpot(TM) 64-Bit Server VM (25.281-b09 mixed mode windows-amd64 compressed oops)
Heap:
 PSYoungGen      total 85504K, used 74800K [0x00000000e0000000, 0x00000000e6100000, 0x0000000100000000)
  eden space 75776K, 98% used [0x00000000e0000000,0x00000000e490c038,0x00000000e4a00000)
  from space 9728K, 0% used [0x00000000e5380000,0x00000000e5380000,0x00000000e5d00000)
  to   space 9728K, 0% used [0x00000000e4a00000,0x00000000e4a00000,0x00000000e5380000)
 ParOldGen       total 36352K, used 14751K [0x00000000a0000000, 0x00000000a2380000, 0x00000000e0000000)
  object space 36352K, 40% used [0x00000000a0000000,0x00000000a0e67d90,0x00000000a2380000)
 Metaspace       used 36606K, capacity 38002K, committed 38272K, reserved 1081344K
  class space    used 5132K, capacity 5418K, committed 5504K, reserved 1048576K
GC Heap History (10 events):
Event: 4.444 GC heap before
{Heap before GC invocations=8 (full 1):
 PSYoungGen      total 65536K, used 6626K [0x00000000e0000000, 0x00000000e4700000, 0x0000000100000000)
  eden space 58880K, 0% used [0x00000000e0000000,0x00000000e0000000,0x00000000e3980000)
  from space 6656K, 99% used [0x00000000e3980000,0x00000000e3ff89a8,0x00000000e4000000)
  to   space 6144K, 0% used [0x00000000e4000000,0x00000000e4000000,0x00000000e4600000)
 ParOldGen       total 38400K, used 9483K [0x00000000a0000000, 0x00000000a2580000, 0x00000000e0000000)
  object space 38400K, 24% used [0x00000000a0000000,0x00000000a0942c98,0x00000000a2580000)
 Metaspace       used 20602K, capacity 21190K, committed 21296K, reserved 1067008K
  class space    used 2933K, capacity 3107K, committed 3200K, reserved 1048576K
Event: 4.503 GC heap after
Heap after GC invocations=8 (full 1):
 PSYoungGen      total 65536K, used 0K [0x00000000e0000000, 0x00000000e4700000, 0x0000000100000000)
  eden space 58880K, 0% used [0x00000000e0000000,0x00000000e0000000,0x00000000e3980000)
  from space 6656K, 0% used [0x00000000e3980000,0x00000000e3980000,0x00000000e4000000)
  to   space 6144K, 0% used [0x00000000e4000000,0x00000000e4000000,0x00000000e4600000)
 ParOldGen       total 36352K, used 10929K [0x00000000a0000000, 0x00000000a2380000, 0x00000000e0000000)
  object space 36352K, 30% used [0x00000000a0000000,0x00000000a0aac628,0x00000000a2380000)
 Metaspace       used 20602K, capacity 21190K, committed 21296K, reserved 1067008K
  class space    used 2933K, capacity 3107K, committed 3200K, reserved 1048576K
}
Event: 5.465 GC heap before
{Heap before GC invocations=9 (full 1):
 PSYoungGen      total 65536K, used 58880K [0x00000000e0000000, 0x00000000e4700000, 0x0000000100000000)
  eden space 58880K, 100% used [0x00000000e0000000,0x00000000e3980000,0x00000000e3980000)
  from space 6656K, 0% used [0x00000000e3980000,0x00000000e3980000,0x00000000e4000000)
  to   space 6144K, 0% used [0x00000000e4000000,0x00000000e4000000,0x00000000e4600000)
 ParOldGen       total 36352K, used 10929K [0x00000000a0000000, 0x00000000a2380000, 0x00000000e0000000)
  object space 36352K, 30% used [0x00000000a0000000,0x00000000a0aac628,0x00000000a2380000)
 Metaspace       used 25790K, capacity 26544K, committed 26752K, reserved 1073152K
  class space    used 3670K, capacity 3870K, committed 3968K, reserved 1048576K
Event: 5.477 GC heap after
Heap after GC invocations=9 (full 1):
 PSYoungGen      total 63488K, used 6137K [0x00000000e0000000, 0x00000000e6880000, 0x0000000100000000)
  eden space 57344K, 0% used [0x00000000e0000000,0x00000000e0000000,0x00000000e3800000)
  from space 6144K, 99% used [0x00000000e4000000,0x00000000e45fe680,0x00000000e4600000)
  to   space 8192K, 0% used [0x00000000e3800000,0x00000000e3800000,0x00000000e4000000)
 ParOldGen       total 36352K, used 11020K [0x00000000a0000000, 0x00000000a2380000, 0x00000000e0000000)
  object space 36352K, 30% used [0x00000000a0000000,0x00000000a0ac3310,0x00000000a2380000)
 Metaspace       used 25790K, capacity 26544K, committed 26752K, reserved 1073152K
  class space    used 3670K, capacity 3870K, committed 3968K, reserved 1048576K
}
Event: 6.335 GC heap before
{Heap before GC invocations=10 (full 1):
 PSYoungGen      total 63488K, used 63481K [0x00000000e0000000, 0x00000000e6880000, 0x0000000100000000)
  eden space 57344K, 100% used [0x00000000e0000000,0x00000000e3800000,0x00000000e3800000)
  from space 6144K, 99% used [0x00000000e4000000,0x00000000e45fe680,0x00000000e4600000)
  to   space 8192K, 0% used [0x00000000e3800000,0x00000000e3800000,0x00000000e4000000)
 ParOldGen       total 36352K, used 11020K [0x00000000a0000000, 0x00000000a2380000, 0x00000000e0000000)
  object space 36352K, 30% used [0x00000000a0000000,0x00000000a0ac3310,0x00000000a2380000)
 Metaspace       used 32403K, capacity 33344K, committed 33536K, reserved 1077248K
  class space    used 4525K, capacity 4771K, committed 4864K, reserved 1048576K
Event: 6.346 GC heap after
Heap after GC invocations=10 (full 1):
 PSYoungGen      total 65536K, used 8179K [0x00000000e0000000, 0x00000000e5d00000, 0x0000000100000000)
  eden space 57344K, 0% used [0x00000000e0000000,0x00000000e0000000,0x00000000e3800000)
  from space 8192K, 99% used [0x00000000e3800000,0x00000000e3ffcd90,0x00000000e4000000)
  to   space 9728K, 0% used [0x00000000e5380000,0x00000000e5380000,0x00000000e5d00000)
 ParOldGen       total 36352K, used 11367K [0x00000000a0000000, 0x00000000a2380000, 0x00000000e0000000)
  object space 36352K, 31% used [0x00000000a0000000,0x00000000a0b19f10,0x00000000a2380000)
 Metaspace       used 32403K, capacity 33344K, committed 33536K, reserved 1077248K
  class space    used 4525K, capacity 4771K, committed 4864K, reserved 1048576K
}
Event: 6.809 GC heap before
{Heap before GC invocations=11 (full 1):
 PSYoungGen      total 65536K, used 53952K [0x00000000e0000000, 0x00000000e5d00000, 0x0000000100000000)
  eden space 57344K, 79% used [0x00000000e0000000,0x00000000e2cb3278,0x00000000e3800000)
  from space 8192K, 99% used [0x00000000e3800000,0x00000000e3ffcd90,0x00000000e4000000)
  to   space 9728K, 0% used [0x00000000e5380000,0x00000000e5380000,0x00000000e5d00000)
 ParOldGen       total 36352K, used 11367K [0x00000000a0000000, 0x00000000a2380000, 0x00000000e0000000)
  object space 36352K, 31% used [0x00000000a0000000,0x00000000a0b19f10,0x00000000a2380000)
 Metaspace       used 34361K, capacity 35442K, committed 35496K, reserved 1079296K
  class space    used 4836K, capacity 5096K, committed 5120K, reserved 1048576K
Event: 6.832 GC heap after
Heap after GC invocations=11 (full 1):
 PSYoungGen      total 85504K, used 6442K [0x00000000e0000000, 0x00000000e6100000, 0x0000000100000000)
  eden space 75776K, 0% used [0x00000000e0000000,0x00000000e0000000,0x00000000e4a00000)
  from space 9728K, 66% used [0x00000000e5380000,0x00000000e59cabf8,0x00000000e5d00000)
  to   space 9728K, 0% used [0x00000000e4a00000,0x00000000e4a00000,0x00000000e5380000)
 ParOldGen       total 36352K, used 13319K [0x00000000a0000000, 0x00000000a2380000, 0x00000000e0000000)
  object space 36352K, 36% used [0x00000000a0000000,0x00000000a0d01d80,0x00000000a2380000)
 Metaspace       used 34361K, capacity 35442K, committed 35496K, reserved 1079296K
  class space    used 4836K, capacity 5096K, committed 5120K, reserved 1048576K
}
Event: 6.832 GC heap before
{Heap before GC invocations=12 (full 2):
 PSYoungGen      total 85504K, used 6442K [0x00000000e0000000, 0x00000000e6100000, 0x0000000100000000)
  eden space 75776K, 0% used [0x00000000e0000000,0x00000000e0000000,0x00000000e4a00000)
  from space 9728K, 66% used [0x00000000e5380000,0x00000000e59cabf8,0x00000000e5d00000)
  to   space 9728K, 0% used [0x00000000e4a00000,0x00000000e4a00000,0x00000000e5380000)
 ParOldGen       total 36352K, used 13319K [0x00000000a0000000, 0x00000000a2380000, 0x00000000e0000000)
  object space 36352K, 36% used [0x00000000a0000000,0x00000000a0d01d80,0x00000000a2380000)
 Metaspace       used 34361K, capacity 35442K, committed 35496K, reserved 1079296K
  class space    used 4836K, capacity 5096K, committed 5120K, reserved 1048576K
Event: 6.940 GC heap after
Heap after GC invocations=12 (full 2):
 PSYoungGen      total 85504K, used 0K [0x00000000e0000000, 0x00000000e6100000, 0x0000000100000000)
  eden space 75776K, 0% used [0x00000000e0000000,0x00000000e0000000,0x00000000e4a00000)
  from space 9728K, 0% used [0x00000000e5380000,0x00000000e5380000,0x00000000e5d00000)
  to   space 9728K, 0% used [0x00000000e4a00000,0x00000000e4a00000,0x00000000e5380000)
 ParOldGen       total 36352K, used 14751K [0x00000000a0000000, 0x00000000a2380000, 0x00000000e0000000)
  object space 36352K, 40% used [0x00000000a0000000,0x00000000a0e67d90,0x00000000a2380000)
 Metaspace       used 34361K, capacity 35442K, committed 35496K, reserved 1079296K
  class space    used 4836K, capacity 5096K, committed 5120K, reserved 1048576K
}

