# JRE version: Java(TM) SE Runtime Environment (8.0_281-b09) (build 1.8.0_281-b09)
# Java VM: Java HotSpot(TM) 64-Bit Server VM (25.281-b09 mixed mode windows-amd64 compressed oops)
Heap:
 PSYoungGen      total 112640K, used 37418K [0x00000000e0000000, 0x00000000e8900000, 0x0000000100000000)
  eden space 100864K, 27% used [0x00000000e0000000,0x00000000e1b2fef8,0x00000000e6280000)
  from space 11776K, 81% used [0x00000000e6f00000,0x00000000e785ac10,0x00000000e7a80000)
  to   space 12800K, 0% used [0x00000000e6280000,0x00000000e6280000,0x00000000e6f00000)
 ParOldGen       total 54272K, used 18156K [0x00000000a0000000, 0x00000000a3500000, 0x00000000e0000000)
  object space 54272K, 33% used [0x00000000a0000000,0x00000000a11bb268,0x00000000a3500000)
 Metaspace       used 41761K, capacity 42804K, committed 42968K, reserved 1087488K
  class space    used 5571K, capacity 5868K, committed 5888K, reserved 1048576K
GC Heap History (10 events):
Event: 11.006 GC heap before
{Heap before GC invocations=8 (full 1):
 PSYoungGen      total 63488K, used 57344K [0x00000000e0000000, 0x00000000e4a00000, 0x0000000100000000)
  eden space 57344K, 100% used [0x00000000e0000000,0x00000000e3800000,0x00000000e3800000)
  from space 6144K, 0% used [0x00000000e4000000,0x00000000e4000000,0x00000000e4600000)
  to   space 8192K, 0% used [0x00000000e3800000,0x00000000e3800000,0x00000000e4000000)
 ParOldGen       total 35840K, used 9906K [0x00000000a0000000, 0x00000000a2300000, 0x00000000e0000000)
  object space 35840K, 27% used [0x00000000a0000000,0x00000000a09acad8,0x00000000a2300000)
 Metaspace       used 25962K, capacity 26324K, committed 26624K, reserved 1073152K
  class space    used 3648K, capacity 3774K, committed 3840K, reserved 1048576K
Event: 11.026 GC heap after
Heap after GC invocations=8 (full 1):
 PSYoungGen      total 65536K, used 6730K [0x00000000e0000000, 0x00000000e6480000, 0x0000000100000000)
  eden space 57344K, 0% used [0x00000000e0000000,0x00000000e0000000,0x00000000e3800000)
  from space 8192K, 82% used [0x00000000e3800000,0x00000000e3e92868,0x00000000e4000000)
  to   space 8704K, 0% used [0x00000000e5c00000,0x00000000e5c00000,0x00000000e6480000)
 ParOldGen       total 35840K, used 9914K [0x00000000a0000000, 0x00000000a2300000, 0x00000000e0000000)
  object space 35840K, 27% used [0x00000000a0000000,0x00000000a09aead8,0x00000000a2300000)
 Metaspace       used 25962K, capacity 26324K, committed 26624K, reserved 1073152K
  class space    used 3648K, capacity 3774K, committed 3840K, reserved 1048576K
}
Event: 620.685 GC heap before
{Heap before GC invocations=9 (full 1):
 PSYoungGen      total 65536K, used 64074K [0x00000000e0000000, 0x00000000e6480000, 0x0000000100000000)
  eden space 57344K, 100% used [0x00000000e0000000,0x00000000e3800000,0x00000000e3800000)
  from space 8192K, 82% used [0x00000000e3800000,0x00000000e3e92868,0x00000000e4000000)
  to   space 8704K, 0% used [0x00000000e5c00000,0x00000000e5c00000,0x00000000e6480000)
 ParOldGen       total 35840K, used 9914K [0x00000000a0000000, 0x00000000a2300000, 0x00000000e0000000)
  object space 35840K, 27% used [0x00000000a0000000,0x00000000a09aead8,0x00000000a2300000)
 Metaspace       used 28915K, capacity 29504K, committed 29696K, reserved 1075200K
  class space    used 4093K, capacity 4286K, committed 4352K, reserved 1048576K
Event: 620.791 GC heap after
Heap after GC invocations=9 (full 1):
 PSYoungGen      total 89088K, used 7315K [0x00000000e0000000, 0x00000000e6380000, 0x0000000100000000)
  eden space 81408K, 0% used [0x00000000e0000000,0x00000000e0000000,0x00000000e4f80000)
  from space 7680K, 95% used [0x00000000e5c00000,0x00000000e6324fe0,0x00000000e6380000)
  to   space 9216K, 0% used [0x00000000e5180000,0x00000000e5180000,0x00000000e5a80000)
 ParOldGen       total 35840K, used 9922K [0x00000000a0000000, 0x00000000a2300000, 0x00000000e0000000)
  object space 35840K, 27% used [0x00000000a0000000,0x00000000a09b0ad8,0x00000000a2300000)
 Metaspace       used 28915K, capacity 29504K, committed 29696K, reserved 1075200K
  class space    used 4093K, capacity 4286K, committed 4352K, reserved 1048576K
}
Event: 624.447 GC heap before
{Heap before GC invocations=10 (full 1):
 PSYoungGen      total 89088K, used 64699K [0x00000000e0000000, 0x00000000e6380000, 0x0000000100000000)
  eden space 81408K, 70% used [0x00000000e0000000,0x00000000e3809d40,0x00000000e4f80000)
  from space 7680K, 95% used [0x00000000e5c00000,0x00000000e6324fe0,0x00000000e6380000)
  to   space 9216K, 0% used [0x00000000e5180000,0x00000000e5180000,0x00000000e5a80000)
 ParOldGen       total 35840K, used 9922K [0x00000000a0000000, 0x00000000a2300000, 0x00000000e0000000)
  object space 35840K, 27% used [0x00000000a0000000,0x00000000a09b0ad8,0x00000000a2300000)
 Metaspace       used 34464K, capacity 35400K, committed 35416K, reserved 1079296K
  class space    used 4662K, capacity 4990K, committed 4992K, reserved 1048576K
Event: 624.475 GC heap after
Heap after GC invocations=10 (full 1):
 PSYoungGen      total 92672K, used 9188K [0x00000000e0000000, 0x00000000e7a80000, 0x0000000100000000)
  eden space 83456K, 0% used [0x00000000e0000000,0x00000000e0000000,0x00000000e5180000)
  from space 9216K, 99% used [0x00000000e5180000,0x00000000e5a79110,0x00000000e5a80000)
  to   space 11776K, 0% used [0x00000000e6f00000,0x00000000e6f00000,0x00000000e7a80000)
 ParOldGen       total 35840K, used 13246K [0x00000000a0000000, 0x00000000a2300000, 0x00000000e0000000)
  object space 35840K, 36% used [0x00000000a0000000,0x00000000a0cef840,0x00000000a2300000)
 Metaspace       used 34464K, capacity 35400K, committed 35416K, reserved 1079296K
  class space    used 4662K, capacity 4990K, committed 4992K, reserved 1048576K
}
Event: 624.476 GC heap before
{Heap before GC invocations=11 (full 2):
 PSYoungGen      total 92672K, used 9188K [0x00000000e0000000, 0x00000000e7a80000, 0x0000000100000000)
  eden space 83456K, 0% used [0x00000000e0000000,0x00000000e0000000,0x00000000e5180000)
  from space 9216K, 99% used [0x00000000e5180000,0x00000000e5a79110,0x00000000e5a80000)
  to   space 11776K, 0% used [0x00000000e6f00000,0x00000000e6f00000,0x00000000e7a80000)
 ParOldGen       total 35840K, used 13246K [0x00000000a0000000, 0x00000000a2300000, 0x00000000e0000000)
  object space 35840K, 36% used [0x00000000a0000000,0x00000000a0cef840,0x00000000a2300000)
 Metaspace       used 34464K, capacity 35400K, committed 35416K, reserved 1079296K
  class space    used 4662K, capacity 4990K, committed 4992K, reserved 1048576K
Event: 624.644 GC heap after
Heap after GC invocations=11 (full 2):
 PSYoungGen      total 92672K, used 0K [0x00000000e0000000, 0x00000000e7a80000, 0x0000000100000000)
  eden space 83456K, 0% used [0x00000000e0000000,0x00000000e0000000,0x00000000e5180000)
  from space 9216K, 0% used [0x00000000e5180000,0x00000000e5180000,0x00000000e5a80000)
  to   space 11776K, 0% used [0x00000000e6f00000,0x00000000e6f00000,0x00000000e7a80000)
 ParOldGen       total 54272K, used 18156K [0x00000000a0000000, 0x00000000a3500000, 0x00000000e0000000)
  object space 54272K, 33% used [0x00000000a0000000,0x00000000a11bb268,0x00000000a3500000)
 Metaspace       used 34386K, capacity 35146K, committed 35416K, reserved 1079296K
  class space    used 4637K, capacity 4904K, committed 4992K, reserved 1048576K
}
Event: 627.058 GC heap before
{Heap before GC invocations=12 (full 2):
 PSYoungGen      total 92672K, used 83456K [0x00000000e0000000, 0x00000000e7a80000, 0x0000000100000000)
  eden space 83456K, 100% used [0x00000000e0000000,0x00000000e5180000,0x00000000e5180000)
  from space 9216K, 0% used [0x00000000e5180000,0x00000000e5180000,0x00000000e5a80000)
  to   space 11776K, 0% used [0x00000000e6f00000,0x00000000e6f00000,0x00000000e7a80000)
 ParOldGen       total 54272K, used 18156K [0x00000000a0000000, 0x00000000a3500000, 0x00000000e0000000)
  object space 54272K, 33% used [0x00000000a0000000,0x00000000a11bb268,0x00000000a3500000)
 Metaspace       used 40950K, capacity 41872K, committed 42072K, reserved 1085440K
  class space    used 5433K, capacity 5689K, committed 5760K, reserved 1048576K
Event: 627.097 GC heap after
Heap after GC invocations=12 (full 2):
 PSYoungGen      total 112640K, used 9579K [0x00000000e0000000, 0x00000000e8900000, 0x0000000100000000)
  eden space 100864K, 0% used [0x00000000e0000000,0x00000000e0000000,0x00000000e6280000)
  from space 11776K, 81% used [0x00000000e6f00000,0x00000000e785ac10,0x00000000e7a80000)
  to   space 12800K, 0% used [0x00000000e6280000,0x00000000e6280000,0x00000000e6f00000)
 ParOldGen       total 54272K, used 18156K [0x00000000a0000000, 0x00000000a3500000, 0x00000000e0000000)
  object space 54272K, 33% used [0x00000000a0000000,0x00000000a11bb268,0x00000000a3500000)
 Metaspace       used 40950K, capacity 41872K, committed 42072K, reserved 1085440K
  class space    used 5433K, capacity 5689K, committed 5760K, reserved 1048576K
}

