# JRE version: Java(TM) SE Runtime Environment (8.0_281-b09) (build 1.8.0_281-b09)
# Java VM: Java HotSpot(TM) 64-Bit Server VM (25.281-b09 mixed mode windows-amd64 compressed oops)
Heap:
 PSYoungGen      total 174592K, used 21157K [0x00000000e0000000, 0x00000000ebc00000, 0x0000000100000000)
  eden space 158720K, 13% used [0x00000000e0000000,0x00000000e14a9790,0x00000000e9b00000)
  from space 15872K, 0% used [0x00000000e9b00000,0x00000000e9b00000,0x00000000eaa80000)
  to   space 10752K, 0% used [0x00000000eaa80000,0x00000000eaa80000,0x00000000eb500000)
 ParOldGen       total 75776K, used 32839K [0x00000000a0000000, 0x00000000a4a00000, 0x00000000e0000000)
  object space 75776K, 43% used [0x00000000a0000000,0x00000000a2011cf0,0x00000000a4a00000)
 Metaspace       used 58366K, capacity 60570K, committed 60672K, reserved 1101824K
  class space    used 8213K, capacity 8662K, committed 8704K, reserved 1048576K
GC Heap History (10 events):
Event: 9.989 GC heap before
{Heap before GC invocations=14 (full 2):
 PSYoungGen      total 126976K, used 1806K [0x00000000e0000000, 0x00000000e9900000, 0x0000000100000000)
  eden space 117248K, 0% used [0x00000000e0000000,0x00000000e0000000,0x00000000e7280000)
  from space 9728K, 18% used [0x00000000e7c00000,0x00000000e7dc3a28,0x00000000e8580000)
  to   space 9728K, 0% used [0x00000000e7280000,0x00000000e7280000,0x00000000e7c00000)
 ParOldGen       total 32768K, used 17317K [0x00000000a0000000, 0x00000000a2000000, 0x00000000e0000000)
  object space 32768K, 52% used [0x00000000a0000000,0x00000000a10e9488,0x00000000a2000000)
 Metaspace       used 34374K, capacity 35442K, committed 35496K, reserved 1079296K
  class space    used 4837K, capacity 5096K, committed 5120K, reserved 1048576K
Event: 10.169 GC heap after
Heap after GC invocations=14 (full 2):
 PSYoungGen      total 126976K, used 0K [0x00000000e0000000, 0x00000000e9900000, 0x0000000100000000)
  eden space 117248K, 0% used [0x00000000e0000000,0x00000000e0000000,0x00000000e7280000)
  from space 9728K, 0% used [0x00000000e7c00000,0x00000000e7c00000,0x00000000e8580000)
  to   space 9728K, 0% used [0x00000000e7280000,0x00000000e7280000,0x00000000e7c00000)
 ParOldGen       total 45056K, used 14234K [0x00000000a0000000, 0x00000000a2c00000, 0x00000000e0000000)
  object space 45056K, 31% used [0x00000000a0000000,0x00000000a0de6808,0x00000000a2c00000)
 Metaspace       used 34374K, capacity 35442K, committed 35496K, reserved 1079296K
  class space    used 4837K, capacity 5096K, committed 5120K, reserved 1048576K
}
Event: 12.567 GC heap before
{Heap before GC invocations=15 (full 2):
 PSYoungGen      total 126976K, used 117248K [0x00000000e0000000, 0x00000000e9900000, 0x0000000100000000)
  eden space 117248K, 100% used [0x00000000e0000000,0x00000000e7280000,0x00000000e7280000)
  from space 9728K, 0% used [0x00000000e7c00000,0x00000000e7c00000,0x00000000e8580000)
  to   space 9728K, 0% used [0x00000000e7280000,0x00000000e7280000,0x00000000e7c00000)
 ParOldGen       total 45056K, used 14234K [0x00000000a0000000, 0x00000000a2c00000, 0x00000000e0000000)
  object space 45056K, 31% used [0x00000000a0000000,0x00000000a0de6808,0x00000000a2c00000)
 Metaspace       used 38985K, capacity 40606K, committed 40704K, reserved 1083392K
  class space    used 5488K, capacity 5814K, committed 5888K, reserved 1048576K
Event: 12.629 GC heap after
Heap after GC invocations=15 (full 2):
 PSYoungGen      total 126976K, used 8809K [0x00000000e0000000, 0x00000000eb500000, 0x0000000100000000)
  eden space 117248K, 0% used [0x00000000e0000000,0x00000000e0000000,0x00000000e7280000)
  from space 9728K, 90% used [0x00000000e7280000,0x00000000e7b1a7a8,0x00000000e7c00000)
  to   space 10752K, 0% used [0x00000000eaa80000,0x00000000eaa80000,0x00000000eb500000)
 ParOldGen       total 45056K, used 14242K [0x00000000a0000000, 0x00000000a2c00000, 0x00000000e0000000)
  object space 45056K, 31% used [0x00000000a0000000,0x00000000a0de8808,0x00000000a2c00000)
 Metaspace       used 38985K, capacity 40606K, committed 40704K, reserved 1083392K
  class space    used 5488K, capacity 5814K, committed 5888K, reserved 1048576K
}
Event: 15.242 GC heap before
{Heap before GC invocations=16 (full 2):
 PSYoungGen      total 126976K, used 126057K [0x00000000e0000000, 0x00000000eb500000, 0x0000000100000000)
  eden space 117248K, 100% used [0x00000000e0000000,0x00000000e7280000,0x00000000e7280000)
  from space 9728K, 90% used [0x00000000e7280000,0x00000000e7b1a7a8,0x00000000e7c00000)
  to   space 10752K, 0% used [0x00000000eaa80000,0x00000000eaa80000,0x00000000eb500000)
 ParOldGen       total 45056K, used 14242K [0x00000000a0000000, 0x00000000a2c00000, 0x00000000e0000000)
  object space 45056K, 31% used [0x00000000a0000000,0x00000000a0de8808,0x00000000a2c00000)
 Metaspace       used 50988K, capacity 52910K, committed 53248K, reserved 1095680K
  class space    used 6956K, capacity 7315K, committed 7424K, reserved 1048576K
Event: 15.288 GC heap after
Heap after GC invocations=16 (full 2):
 PSYoungGen      total 169472K, used 10731K [0x00000000e0000000, 0x00000000ebc00000, 0x0000000100000000)
  eden space 158720K, 0% used [0x00000000e0000000,0x00000000e0000000,0x00000000e9b00000)
  from space 10752K, 99% used [0x00000000eaa80000,0x00000000eb4fac10,0x00000000eb500000)
  to   space 15872K, 0% used [0x00000000e9b00000,0x00000000e9b00000,0x00000000eaa80000)
 ParOldGen       total 45056K, used 23279K [0x00000000a0000000, 0x00000000a2c00000, 0x00000000e0000000)
  object space 45056K, 51% used [0x00000000a0000000,0x00000000a16bbd08,0x00000000a2c00000)
 Metaspace       used 50988K, capacity 52910K, committed 53248K, reserved 1095680K
  class space    used 6956K, capacity 7315K, committed 7424K, reserved 1048576K
}
Event: 17.037 GC heap before
{Heap before GC invocations=17 (full 2):
 PSYoungGen      total 169472K, used 90574K [0x00000000e0000000, 0x00000000ebc00000, 0x0000000100000000)
  eden space 158720K, 50% used [0x00000000e0000000,0x00000000e4df8ed8,0x00000000e9b00000)
  from space 10752K, 99% used [0x00000000eaa80000,0x00000000eb4fac10,0x00000000eb500000)
  to   space 15872K, 0% used [0x00000000e9b00000,0x00000000e9b00000,0x00000000eaa80000)
 ParOldGen       total 45056K, used 23279K [0x00000000a0000000, 0x00000000a2c00000, 0x00000000e0000000)
  object space 45056K, 51% used [0x00000000a0000000,0x00000000a16bbd08,0x00000000a2c00000)
 Metaspace       used 56697K, capacity 59014K, committed 59136K, reserved 1099776K
  class space    used 7897K, capacity 8376K, committed 8448K, reserved 1048576K
Event: 17.079 GC heap after
Heap after GC invocations=17 (full 2):
 PSYoungGen      total 174592K, used 8624K [0x00000000e0000000, 0x00000000ebc00000, 0x0000000100000000)
  eden space 158720K, 0% used [0x00000000e0000000,0x00000000e0000000,0x00000000e9b00000)
  from space 15872K, 54% used [0x00000000e9b00000,0x00000000ea36c108,0x00000000eaa80000)
  to   space 10752K, 0% used [0x00000000eaa80000,0x00000000eaa80000,0x00000000eb500000)
 ParOldGen       total 45056K, used 31016K [0x00000000a0000000, 0x00000000a2c00000, 0x00000000e0000000)
  object space 45056K, 68% used [0x00000000a0000000,0x00000000a1e4a050,0x00000000a2c00000)
 Metaspace       used 56697K, capacity 59014K, committed 59136K, reserved 1099776K
  class space    used 7897K, capacity 8376K, committed 8448K, reserved 1048576K
}
Event: 17.079 GC heap before
{Heap before GC invocations=18 (full 3):
 PSYoungGen      total 174592K, used 8624K [0x00000000e0000000, 0x00000000ebc00000, 0x0000000100000000)
  eden space 158720K, 0% used [0x00000000e0000000,0x00000000e0000000,0x00000000e9b00000)
  from space 15872K, 54% used [0x00000000e9b00000,0x00000000ea36c108,0x00000000eaa80000)
  to   space 10752K, 0% used [0x00000000eaa80000,0x00000000eaa80000,0x00000000eb500000)
 ParOldGen       total 45056K, used 31016K [0x00000000a0000000, 0x00000000a2c00000, 0x00000000e0000000)
  object space 45056K, 68% used [0x00000000a0000000,0x00000000a1e4a050,0x00000000a2c00000)
 Metaspace       used 56697K, capacity 59014K, committed 59136K, reserved 1099776K
  class space    used 7897K, capacity 8376K, committed 8448K, reserved 1048576K
Event: 17.414 GC heap after
Heap after GC invocations=18 (full 3):
 PSYoungGen      total 174592K, used 0K [0x00000000e0000000, 0x00000000ebc00000, 0x0000000100000000)
  eden space 158720K, 0% used [0x00000000e0000000,0x00000000e0000000,0x00000000e9b00000)
  from space 15872K, 0% used [0x00000000e9b00000,0x00000000e9b00000,0x00000000eaa80000)
  to   space 10752K, 0% used [0x00000000eaa80000,0x00000000eaa80000,0x00000000eb500000)
 ParOldGen       total 75776K, used 32839K [0x00000000a0000000, 0x00000000a4a00000, 0x00000000e0000000)
  object space 75776K, 43% used [0x00000000a0000000,0x00000000a2011cf0,0x00000000a4a00000)
 Metaspace       used 56692K, capacity 58996K, committed 59136K, reserved 1099776K
  class space    used 7895K, capacity 8373K, committed 8448K, reserved 1048576K
}

