# JRE version: Java(TM) SE Runtime Environment (8.0_281-b09) (build 1.8.0_281-b09)
# Java VM: Java HotSpot(TM) 64-Bit Server VM (25.281-b09 mixed mode windows-amd64 compressed oops)
Heap:
 PSYoungGen      total 222208K, used 68629K [0x00000000e0000000, 0x00000000f1100000, 0x0000000100000000)
  eden space 200704K, 24% used [0x00000000e0000000,0x00000000e302e510,0x00000000ec400000)
  from space 21504K, 89% used [0x00000000ec400000,0x00000000ed6d71f0,0x00000000ed900000)
  to   space 24064K, 0% used [0x00000000ef980000,0x00000000ef980000,0x00000000f1100000)
 ParOldGen       total 99328K, used 36422K [0x00000000a0000000, 0x00000000a6100000, 0x00000000e0000000)
  object space 99328K, 36% used [0x00000000a0000000,0x00000000a23918e8,0x00000000a6100000)
 Metaspace       used 70192K, capacity 73268K, committed 73344K, reserved 1112064K
  class space    used 9725K, capacity 10320K, committed 10368K, reserved 1048576K
GC Heap History (10 events):
Event: 6.985 GC heap before
{Heap before GC invocations=10 (full 2):
 PSYoungGen      total 184320K, used 8476K [0x00000000e0000000, 0x00000000ec400000, 0x0000000100000000)
  eden space 172032K, 0% used [0x00000000e0000000,0x00000000e0000000,0x00000000ea800000)
  from space 12288K, 68% used [0x00000000eb480000,0x00000000ebcc7000,0x00000000ec080000)
  to   space 12800K, 0% used [0x00000000ea800000,0x00000000ea800000,0x00000000eb480000)
 ParOldGen       total 44544K, used 19002K [0x00000000a0000000, 0x00000000a2b80000, 0x00000000e0000000)
  object space 44544K, 42% used [0x00000000a0000000,0x00000000a128eb10,0x00000000a2b80000)
 Metaspace       used 34332K, capacity 35442K, committed 35496K, reserved 1079296K
  class space    used 4834K, capacity 5096K, committed 5120K, reserved 1048576K
Event: 7.110 GC heap after
Heap after GC invocations=10 (full 2):
 PSYoungGen      total 184320K, used 0K [0x00000000e0000000, 0x00000000ec400000, 0x0000000100000000)
  eden space 172032K, 0% used [0x00000000e0000000,0x00000000e0000000,0x00000000ea800000)
  from space 12288K, 0% used [0x00000000eb480000,0x00000000eb480000,0x00000000ec080000)
  to   space 12800K, 0% used [0x00000000ea800000,0x00000000ea800000,0x00000000eb480000)
 ParOldGen       total 58880K, used 14904K [0x00000000a0000000, 0x00000000a3980000, 0x00000000e0000000)
  object space 58880K, 25% used [0x00000000a0000000,0x00000000a0e8e0f0,0x00000000a3980000)
 Metaspace       used 34332K, capacity 35442K, committed 35496K, reserved 1079296K
  class space    used 4834K, capacity 5096K, committed 5120K, reserved 1048576K
}
Event: 10.531 GC heap before
{Heap before GC invocations=11 (full 2):
 PSYoungGen      total 184320K, used 172032K [0x00000000e0000000, 0x00000000ec400000, 0x0000000100000000)
  eden space 172032K, 100% used [0x00000000e0000000,0x00000000ea800000,0x00000000ea800000)
  from space 12288K, 0% used [0x00000000eb480000,0x00000000eb480000,0x00000000ec080000)
  to   space 12800K, 0% used [0x00000000ea800000,0x00000000ea800000,0x00000000eb480000)
 ParOldGen       total 58880K, used 14904K [0x00000000a0000000, 0x00000000a3980000, 0x00000000e0000000)
  object space 58880K, 25% used [0x00000000a0000000,0x00000000a0e8e0f0,0x00000000a3980000)
 Metaspace       used 45651K, capacity 47392K, committed 47616K, reserved 1089536K
  class space    used 6294K, capacity 6653K, committed 6656K, reserved 1048576K
Event: 10.583 GC heap after
Heap after GC invocations=11 (full 2):
 PSYoungGen      total 184832K, used 12768K [0x00000000e0000000, 0x00000000ee880000, 0x0000000100000000)
  eden space 172032K, 0% used [0x00000000e0000000,0x00000000e0000000,0x00000000ea800000)
  from space 12800K, 99% used [0x00000000ea800000,0x00000000eb4782b0,0x00000000eb480000)
  to   space 15872K, 0% used [0x00000000ed900000,0x00000000ed900000,0x00000000ee880000)
 ParOldGen       total 58880K, used 17267K [0x00000000a0000000, 0x00000000a3980000, 0x00000000e0000000)
  object space 58880K, 29% used [0x00000000a0000000,0x00000000a10dcc18,0x00000000a3980000)
 Metaspace       used 45651K, capacity 47392K, committed 47616K, reserved 1089536K
  class space    used 6294K, capacity 6653K, committed 6656K, reserved 1048576K
}
Event: 13.825 GC heap before
{Heap before GC invocations=12 (full 2):
 PSYoungGen      total 184832K, used 162136K [0x00000000e0000000, 0x00000000ee880000, 0x0000000100000000)
  eden space 172032K, 86% used [0x00000000e0000000,0x00000000e91ddd68,0x00000000ea800000)
  from space 12800K, 99% used [0x00000000ea800000,0x00000000eb4782b0,0x00000000eb480000)
  to   space 15872K, 0% used [0x00000000ed900000,0x00000000ed900000,0x00000000ee880000)
 ParOldGen       total 58880K, used 17267K [0x00000000a0000000, 0x00000000a3980000, 0x00000000e0000000)
  object space 58880K, 29% used [0x00000000a0000000,0x00000000a10dcc18,0x00000000a3980000)
 Metaspace       used 56836K, capacity 59066K, committed 59160K, reserved 1099776K
  class space    used 7921K, capacity 8374K, committed 8448K, reserved 1048576K
Event: 13.874 GC heap after
Heap after GC invocations=12 (full 2):
 PSYoungGen      total 216576K, used 15852K [0x00000000e0000000, 0x00000000ef400000, 0x0000000100000000)
  eden space 200704K, 0% used [0x00000000e0000000,0x00000000e0000000,0x00000000ec400000)
  from space 15872K, 99% used [0x00000000ed900000,0x00000000ee87b330,0x00000000ee880000)
  to   space 21504K, 0% used [0x00000000ec400000,0x00000000ec400000,0x00000000ed900000)
 ParOldGen       total 58880K, used 26015K [0x00000000a0000000, 0x00000000a3980000, 0x00000000e0000000)
  object space 58880K, 44% used [0x00000000a0000000,0x00000000a1967cb0,0x00000000a3980000)
 Metaspace       used 56836K, capacity 59066K, committed 59160K, reserved 1099776K
  class space    used 7921K, capacity 8374K, committed 8448K, reserved 1048576K
}
Event: 13.874 GC heap before
{Heap before GC invocations=13 (full 3):
 PSYoungGen      total 216576K, used 15852K [0x00000000e0000000, 0x00000000ef400000, 0x0000000100000000)
  eden space 200704K, 0% used [0x00000000e0000000,0x00000000e0000000,0x00000000ec400000)
  from space 15872K, 99% used [0x00000000ed900000,0x00000000ee87b330,0x00000000ee880000)
  to   space 21504K, 0% used [0x00000000ec400000,0x00000000ec400000,0x00000000ed900000)
 ParOldGen       total 58880K, used 26015K [0x00000000a0000000, 0x00000000a3980000, 0x00000000e0000000)
  object space 58880K, 44% used [0x00000000a0000000,0x00000000a1967cb0,0x00000000a3980000)
 Metaspace       used 56836K, capacity 59066K, committed 59160K, reserved 1099776K
  class space    used 7921K, capacity 8374K, committed 8448K, reserved 1048576K
Event: 14.239 GC heap after
Heap after GC invocations=13 (full 3):
 PSYoungGen      total 216576K, used 0K [0x00000000e0000000, 0x00000000ef400000, 0x0000000100000000)
  eden space 200704K, 0% used [0x00000000e0000000,0x00000000e0000000,0x00000000ec400000)
  from space 15872K, 0% used [0x00000000ed900000,0x00000000ed900000,0x00000000ee880000)
  to   space 21504K, 0% used [0x00000000ec400000,0x00000000ec400000,0x00000000ed900000)
 ParOldGen       total 99328K, used 36414K [0x00000000a0000000, 0x00000000a6100000, 0x00000000e0000000)
  object space 99328K, 36% used [0x00000000a0000000,0x00000000a238f8e8,0x00000000a6100000)
 Metaspace       used 56836K, capacity 59066K, committed 59160K, reserved 1099776K
  class space    used 7921K, capacity 8374K, committed 8448K, reserved 1048576K
}
Event: 19.762 GC heap before
{Heap before GC invocations=14 (full 3):
 PSYoungGen      total 216576K, used 200704K [0x00000000e0000000, 0x00000000ef400000, 0x0000000100000000)
  eden space 200704K, 100% used [0x00000000e0000000,0x00000000ec400000,0x00000000ec400000)
  from space 15872K, 0% used [0x00000000ed900000,0x00000000ed900000,0x00000000ee880000)
  to   space 21504K, 0% used [0x00000000ec400000,0x00000000ec400000,0x00000000ed900000)
 ParOldGen       total 99328K, used 36414K [0x00000000a0000000, 0x00000000a6100000, 0x00000000e0000000)
  object space 99328K, 36% used [0x00000000a0000000,0x00000000a238f8e8,0x00000000a6100000)
 Metaspace       used 66411K, capacity 69510K, committed 69632K, reserved 1110016K
  class space    used 9348K, capacity 9965K, committed 9984K, reserved 1048576K
Event: 19.801 GC heap after
Heap after GC invocations=14 (full 3):
 PSYoungGen      total 222208K, used 19292K [0x00000000e0000000, 0x00000000f1100000, 0x0000000100000000)
  eden space 200704K, 0% used [0x00000000e0000000,0x00000000e0000000,0x00000000ec400000)
  from space 21504K, 89% used [0x00000000ec400000,0x00000000ed6d71f0,0x00000000ed900000)
  to   space 24064K, 0% used [0x00000000ef980000,0x00000000ef980000,0x00000000f1100000)
 ParOldGen       total 99328K, used 36422K [0x00000000a0000000, 0x00000000a6100000, 0x00000000e0000000)
  object space 99328K, 36% used [0x00000000a0000000,0x00000000a23918e8,0x00000000a6100000)
 Metaspace       used 66411K, capacity 69510K, committed 69632K, reserved 1110016K
  class space    used 9348K, capacity 9965K, committed 9984K, reserved 1048576K
}

