# JRE version: Java(TM) SE Runtime Environment (8.0_281-b09) (build 1.8.0_281-b09)
# Java VM: Java HotSpot(TM) 64-Bit Server VM (25.281-b09 mixed mode windows-amd64 compressed oops)
Heap:
 PSYoungGen      total 176128K, used 95172K [0x00000000e0000000, 0x00000000eef80000, 0x0000000100000000)
  eden space 164352K, 50% used [0x00000000e0000000,0x00000000e5177a70,0x00000000ea080000)
  from space 11776K, 99% used [0x00000000ea080000,0x00000000eabf9908,0x00000000eac00000)
  to   space 14336K, 0% used [0x00000000ee180000,0x00000000ee180000,0x00000000eef80000)
 ParOldGen       total 46592K, used 16657K [0x00000000a0000000, 0x00000000a2d80000, 0x00000000e0000000)
  object space 46592K, 35% used [0x00000000a0000000,0x00000000a10447b0,0x00000000a2d80000)
 Metaspace       used 50988K, capacity 52830K, committed 53248K, reserved 1095680K
  class space    used 6947K, capacity 7310K, committed 7424K, reserved 1048576K
GC Heap History (10 events):
Event: 5.227 GC heap before
{Heap before GC invocations=9 (full 1):
 PSYoungGen      total 124416K, used 5023K [0x00000000e0000000, 0x00000000e8200000, 0x0000000100000000)
  eden space 116736K, 0% used [0x00000000e0000000,0x00000000e0000000,0x00000000e7200000)
  from space 7680K, 65% used [0x00000000e7a80000,0x00000000e7f67d60,0x00000000e8200000)
  to   space 8192K, 0% used [0x00000000e7200000,0x00000000e7200000,0x00000000e7a00000)
 ParOldGen       total 38400K, used 8910K [0x00000000a0000000, 0x00000000a2580000, 0x00000000e0000000)
  object space 38400K, 23% used [0x00000000a0000000,0x00000000a08b3bb8,0x00000000a2580000)
 Metaspace       used 20598K, capacity 21190K, committed 21296K, reserved 1067008K
  class space    used 2932K, capacity 3107K, committed 3200K, reserved 1048576K
Event: 5.279 GC heap after
Heap after GC invocations=9 (full 1):
 PSYoungGen      total 124416K, used 0K [0x00000000e0000000, 0x00000000e8200000, 0x0000000100000000)
  eden space 116736K, 0% used [0x00000000e0000000,0x00000000e0000000,0x00000000e7200000)
  from space 7680K, 0% used [0x00000000e7a80000,0x00000000e7a80000,0x00000000e8200000)
  to   space 8192K, 0% used [0x00000000e7200000,0x00000000e7200000,0x00000000e7a00000)
 ParOldGen       total 30720K, used 7796K [0x00000000a0000000, 0x00000000a1e00000, 0x00000000e0000000)
  object space 30720K, 25% used [0x00000000a0000000,0x00000000a079d050,0x00000000a1e00000)
 Metaspace       used 20598K, capacity 21190K, committed 21296K, reserved 1067008K
  class space    used 2932K, capacity 3107K, committed 3200K, reserved 1048576K
}
Event: 7.415 GC heap before
{Heap before GC invocations=10 (full 1):
 PSYoungGen      total 124416K, used 116736K [0x00000000e0000000, 0x00000000e8200000, 0x0000000100000000)
  eden space 116736K, 100% used [0x00000000e0000000,0x00000000e7200000,0x00000000e7200000)
  from space 7680K, 0% used [0x00000000e7a80000,0x00000000e7a80000,0x00000000e8200000)
  to   space 8192K, 0% used [0x00000000e7200000,0x00000000e7200000,0x00000000e7a00000)
 ParOldGen       total 30720K, used 7796K [0x00000000a0000000, 0x00000000a1e00000, 0x00000000e0000000)
  object space 30720K, 25% used [0x00000000a0000000,0x00000000a079d050,0x00000000a1e00000)
 Metaspace       used 32337K, capacity 33330K, committed 33536K, reserved 1077248K
  class space    used 4515K, capacity 4770K, committed 4864K, reserved 1048576K
Event: 7.432 GC heap after
Heap after GC invocations=10 (full 1):
 PSYoungGen      total 124928K, used 8176K [0x00000000e0000000, 0x00000000eb880000, 0x0000000100000000)
  eden space 116736K, 0% used [0x00000000e0000000,0x00000000e0000000,0x00000000e7200000)
  from space 8192K, 99% used [0x00000000e7200000,0x00000000e79fc358,0x00000000e7a00000)
  to   space 11264K, 0% used [0x00000000ead80000,0x00000000ead80000,0x00000000eb880000)
 ParOldGen       total 30720K, used 12225K [0x00000000a0000000, 0x00000000a1e00000, 0x00000000e0000000)
  object space 30720K, 39% used [0x00000000a0000000,0x00000000a0bf0648,0x00000000a1e00000)
 Metaspace       used 32337K, capacity 33330K, committed 33536K, reserved 1077248K
  class space    used 4515K, capacity 4770K, committed 4864K, reserved 1048576K
}
Event: 8.529 GC heap before
{Heap before GC invocations=11 (full 1):
 PSYoungGen      total 124928K, used 55487K [0x00000000e0000000, 0x00000000eb880000, 0x0000000100000000)
  eden space 116736K, 40% used [0x00000000e0000000,0x00000000e2e33968,0x00000000e7200000)
  from space 8192K, 99% used [0x00000000e7200000,0x00000000e79fc358,0x00000000e7a00000)
  to   space 11264K, 0% used [0x00000000ead80000,0x00000000ead80000,0x00000000eb880000)
 ParOldGen       total 30720K, used 12225K [0x00000000a0000000, 0x00000000a1e00000, 0x00000000e0000000)
  object space 30720K, 39% used [0x00000000a0000000,0x00000000a0bf0648,0x00000000a1e00000)
 Metaspace       used 34307K, capacity 35442K, committed 35496K, reserved 1079296K
  class space    used 4820K, capacity 5096K, committed 5120K, reserved 1048576K
Event: 8.543 GC heap after
Heap after GC invocations=11 (full 1):
 PSYoungGen      total 174592K, used 8396K [0x00000000e0000000, 0x00000000eb780000, 0x0000000100000000)
  eden space 164352K, 0% used [0x00000000e0000000,0x00000000e0000000,0x00000000ea080000)
  from space 10240K, 81% used [0x00000000ead80000,0x00000000eb5b32a8,0x00000000eb780000)
  to   space 11776K, 0% used [0x00000000ea080000,0x00000000ea080000,0x00000000eac00000)
 ParOldGen       total 30720K, used 12233K [0x00000000a0000000, 0x00000000a1e00000, 0x00000000e0000000)
  object space 30720K, 39% used [0x00000000a0000000,0x00000000a0bf2648,0x00000000a1e00000)
 Metaspace       used 34307K, capacity 35442K, committed 35496K, reserved 1079296K
  class space    used 4820K, capacity 5096K, committed 5120K, reserved 1048576K
}
Event: 8.543 GC heap before
{Heap before GC invocations=12 (full 2):
 PSYoungGen      total 174592K, used 8396K [0x00000000e0000000, 0x00000000eb780000, 0x0000000100000000)
  eden space 164352K, 0% used [0x00000000e0000000,0x00000000e0000000,0x00000000ea080000)
  from space 10240K, 81% used [0x00000000ead80000,0x00000000eb5b32a8,0x00000000eb780000)
  to   space 11776K, 0% used [0x00000000ea080000,0x00000000ea080000,0x00000000eac00000)
 ParOldGen       total 30720K, used 12233K [0x00000000a0000000, 0x00000000a1e00000, 0x00000000e0000000)
  object space 30720K, 39% used [0x00000000a0000000,0x00000000a0bf2648,0x00000000a1e00000)
 Metaspace       used 34307K, capacity 35442K, committed 35496K, reserved 1079296K
  class space    used 4820K, capacity 5096K, committed 5120K, reserved 1048576K
Event: 8.615 GC heap after
Heap after GC invocations=12 (full 2):
 PSYoungGen      total 174592K, used 0K [0x00000000e0000000, 0x00000000eb780000, 0x0000000100000000)
  eden space 164352K, 0% used [0x00000000e0000000,0x00000000e0000000,0x00000000ea080000)
  from space 10240K, 0% used [0x00000000ead80000,0x00000000ead80000,0x00000000eb780000)
  to   space 11776K, 0% used [0x00000000ea080000,0x00000000ea080000,0x00000000eac00000)
 ParOldGen       total 46592K, used 14811K [0x00000000a0000000, 0x00000000a2d80000, 0x00000000e0000000)
  object space 46592K, 31% used [0x00000000a0000000,0x00000000a0e76c98,0x00000000a2d80000)
 Metaspace       used 34307K, capacity 35442K, committed 35496K, reserved 1079296K
  class space    used 4820K, capacity 5096K, committed 5120K, reserved 1048576K
}
Event: 11.145 GC heap before
{Heap before GC invocations=13 (full 2):
 PSYoungGen      total 174592K, used 164352K [0x00000000e0000000, 0x00000000eb780000, 0x0000000100000000)
  eden space 164352K, 100% used [0x00000000e0000000,0x00000000ea080000,0x00000000ea080000)
  from space 10240K, 0% used [0x00000000ead80000,0x00000000ead80000,0x00000000eb780000)
  to   space 11776K, 0% used [0x00000000ea080000,0x00000000ea080000,0x00000000eac00000)
 ParOldGen       total 46592K, used 14811K [0x00000000a0000000, 0x00000000a2d80000, 0x00000000e0000000)
  object space 46592K, 31% used [0x00000000a0000000,0x00000000a0e76c98,0x00000000a2d80000)
 Metaspace       used 44127K, capacity 45894K, committed 46208K, reserved 1089536K
  class space    used 6092K, capacity 6456K, committed 6528K, reserved 1048576K
Event: 11.166 GC heap after
Heap after GC invocations=13 (full 2):
 PSYoungGen      total 176128K, used 11750K [0x00000000e0000000, 0x00000000eef80000, 0x0000000100000000)
  eden space 164352K, 0% used [0x00000000e0000000,0x00000000e0000000,0x00000000ea080000)
  from space 11776K, 99% used [0x00000000ea080000,0x00000000eabf9908,0x00000000eac00000)
  to   space 14336K, 0% used [0x00000000ee180000,0x00000000ee180000,0x00000000eef80000)
 ParOldGen       total 46592K, used 16657K [0x00000000a0000000, 0x00000000a2d80000, 0x00000000e0000000)
  object space 46592K, 35% used [0x00000000a0000000,0x00000000a10447b0,0x00000000a2d80000)
 Metaspace       used 44127K, capacity 45894K, committed 46208K, reserved 1089536K
  class space    used 6092K, capacity 6456K, committed 6528K, reserved 1048576K
}

