# JRE version: Java(TM) SE Runtime Environment (8.0_281-b09) (build 1.8.0_281-b09)
# Java VM: Java HotSpot(TM) 64-Bit Server VM (25.281-b09 mixed mode windows-amd64 compressed oops)
Heap:
 PSYoungGen      total 124416K, used 103665K [0x00000000e0000000, 0x00000000e8200000, 0x0000000100000000)
  eden space 116736K, 88% used [0x00000000e0000000,0x00000000e653c6b0,0x00000000e7200000)
  from space 7680K, 0% used [0x00000000e7a80000,0x00000000e7a80000,0x00000000e8200000)
  to   space 8192K, 0% used [0x00000000e7200000,0x00000000e7200000,0x00000000e7a00000)
 ParOldGen       total 32768K, used 9318K [0x00000000a0000000, 0x00000000a2000000, 0x00000000e0000000)
  object space 32768K, 28% used [0x00000000a0000000,0x00000000a0919bf0,0x00000000a2000000)
 Metaspace       used 31487K, capacity 32402K, committed 32640K, reserved 1077248K
  class space    used 4371K, capacity 4626K, committed 4736K, reserved 1048576K
GC Heap History (10 events):
Event: 3.773 GC heap before
{Heap before GC invocations=5 (full 0):
 PSYoungGen      total 31744K, used 31712K [0x00000000e0000000, 0x00000000e2100000, 0x0000000100000000)
  eden space 29696K, 100% used [0x00000000e0000000,0x00000000e1d00000,0x00000000e1d00000)
  from space 2048K, 98% used [0x00000000e1f00000,0x00000000e20f8040,0x00000000e2100000)
  to   space 2048K, 0% used [0x00000000e1d00000,0x00000000e1d00000,0x00000000e1f00000)
 ParOldGen       total 38400K, used 2782K [0x00000000a0000000, 0x00000000a2580000, 0x00000000e0000000)
  object space 38400K, 7% used [0x00000000a0000000,0x00000000a02b78b0,0x00000000a2580000)
 Metaspace       used 10699K, capacity 11038K, committed 11392K, reserved 1058816K
  class space    used 1452K, capacity 1573K, committed 1664K, reserved 1048576K
Event: 3.782 GC heap after
Heap after GC invocations=5 (full 0):
 PSYoungGen      total 31744K, used 2016K [0x00000000e0000000, 0x00000000e4400000, 0x0000000100000000)
  eden space 29696K, 0% used [0x00000000e0000000,0x00000000e0000000,0x00000000e1d00000)
  from space 2048K, 98% used [0x00000000e1d00000,0x00000000e1ef8020,0x00000000e1f00000)
  to   space 5120K, 0% used [0x00000000e3f00000,0x00000000e3f00000,0x00000000e4400000)
 ParOldGen       total 38400K, used 5622K [0x00000000a0000000, 0x00000000a2580000, 0x00000000e0000000)
  object space 38400K, 14% used [0x00000000a0000000,0x00000000a057d810,0x00000000a2580000)
 Metaspace       used 10699K, capacity 11038K, committed 11392K, reserved 1058816K
  class space    used 1452K, capacity 1573K, committed 1664K, reserved 1048576K
}
Event: 4.850 GC heap before
{Heap before GC invocations=6 (full 0):
 PSYoungGen      total 31744K, used 31706K [0x00000000e0000000, 0x00000000e4400000, 0x0000000100000000)
  eden space 29696K, 99% used [0x00000000e0000000,0x00000000e1cfe838,0x00000000e1d00000)
  from space 2048K, 98% used [0x00000000e1d00000,0x00000000e1ef8020,0x00000000e1f00000)
  to   space 5120K, 0% used [0x00000000e3f00000,0x00000000e3f00000,0x00000000e4400000)
 ParOldGen       total 38400K, used 5622K [0x00000000a0000000, 0x00000000a2580000, 0x00000000e0000000)
  object space 38400K, 14% used [0x00000000a0000000,0x00000000a057d810,0x00000000a2580000)
 Metaspace       used 14016K, capacity 14438K, committed 14720K, reserved 1062912K
  class space    used 1967K, capacity 2107K, committed 2176K, reserved 1048576K
Event: 4.859 GC heap after
Heap after GC invocations=6 (full 0):
 PSYoungGen      total 63488K, used 5116K [0x00000000e0000000, 0x00000000e4600000, 0x0000000100000000)
  eden space 58368K, 0% used [0x00000000e0000000,0x00000000e0000000,0x00000000e3900000)
  from space 5120K, 99% used [0x00000000e3f00000,0x00000000e43ff0d0,0x00000000e4400000)
  to   space 6144K, 0% used [0x00000000e3900000,0x00000000e3900000,0x00000000e3f00000)
 ParOldGen       total 38400K, used 5679K [0x00000000a0000000, 0x00000000a2580000, 0x00000000e0000000)
  object space 38400K, 14% used [0x00000000a0000000,0x00000000a058bfd0,0x00000000a2580000)
 Metaspace       used 14016K, capacity 14438K, committed 14720K, reserved 1062912K
  class space    used 1967K, capacity 2107K, committed 2176K, reserved 1048576K
}
Event: 5.925 GC heap before
{Heap before GC invocations=7 (full 0):
 PSYoungGen      total 63488K, used 63484K [0x00000000e0000000, 0x00000000e4600000, 0x0000000100000000)
  eden space 58368K, 100% used [0x00000000e0000000,0x00000000e3900000,0x00000000e3900000)
  from space 5120K, 99% used [0x00000000e3f00000,0x00000000e43ff0d0,0x00000000e4400000)
  to   space 6144K, 0% used [0x00000000e3900000,0x00000000e3900000,0x00000000e3f00000)
 ParOldGen       total 38400K, used 5679K [0x00000000a0000000, 0x00000000a2580000, 0x00000000e0000000)
  object space 38400K, 14% used [0x00000000a0000000,0x00000000a058bfd0,0x00000000a2580000)
 Metaspace       used 19410K, capacity 20060K, committed 20352K, reserved 1067008K
  class space    used 2728K, capacity 2904K, committed 2944K, reserved 1048576K
Event: 5.940 GC heap after
Heap after GC invocations=7 (full 0):
 PSYoungGen      total 64512K, used 6132K [0x00000000e0000000, 0x00000000e8300000, 0x0000000100000000)
  eden space 58368K, 0% used [0x00000000e0000000,0x00000000e0000000,0x00000000e3900000)
  from space 6144K, 99% used [0x00000000e3900000,0x00000000e3efd2f8,0x00000000e3f00000)
  to   space 8704K, 0% used [0x00000000e7a80000,0x00000000e7a80000,0x00000000e8300000)
 ParOldGen       total 38400K, used 8775K [0x00000000a0000000, 0x00000000a2580000, 0x00000000e0000000)
  object space 38400K, 22% used [0x00000000a0000000,0x00000000a0891fe8,0x00000000a2580000)
 Metaspace       used 19410K, capacity 20060K, committed 20352K, reserved 1067008K
  class space    used 2728K, capacity 2904K, committed 2944K, reserved 1048576K
}
Event: 6.136 GC heap before
{Heap before GC invocations=8 (full 0):
 PSYoungGen      total 64512K, used 21757K [0x00000000e0000000, 0x00000000e8300000, 0x0000000100000000)
  eden space 58368K, 26% used [0x00000000e0000000,0x00000000e0f423f0,0x00000000e3900000)
  from space 6144K, 99% used [0x00000000e3900000,0x00000000e3efd2f8,0x00000000e3f00000)
  to   space 8704K, 0% used [0x00000000e7a80000,0x00000000e7a80000,0x00000000e8300000)
 ParOldGen       total 38400K, used 8775K [0x00000000a0000000, 0x00000000a2580000, 0x00000000e0000000)
  object space 38400K, 22% used [0x00000000a0000000,0x00000000a0891fe8,0x00000000a2580000)
 Metaspace       used 20603K, capacity 21190K, committed 21296K, reserved 1067008K
  class space    used 2930K, capacity 3107K, committed 3200K, reserved 1048576K
Event: 6.149 GC heap after
Heap after GC invocations=8 (full 0):
 PSYoungGen      total 124416K, used 4857K [0x00000000e0000000, 0x00000000e8200000, 0x0000000100000000)
  eden space 116736K, 0% used [0x00000000e0000000,0x00000000e0000000,0x00000000e7200000)
  from space 7680K, 63% used [0x00000000e7a80000,0x00000000e7f3e678,0x00000000e8200000)
  to   space 8192K, 0% used [0x00000000e7200000,0x00000000e7200000,0x00000000e7a00000)
 ParOldGen       total 38400K, used 9127K [0x00000000a0000000, 0x00000000a2580000, 0x00000000e0000000)
  object space 38400K, 23% used [0x00000000a0000000,0x00000000a08e9fe8,0x00000000a2580000)
 Metaspace       used 20603K, capacity 21190K, committed 21296K, reserved 1067008K
  class space    used 2930K, capacity 3107K, committed 3200K, reserved 1048576K
}
Event: 6.149 GC heap before
{Heap before GC invocations=9 (full 1):
 PSYoungGen      total 124416K, used 4857K [0x00000000e0000000, 0x00000000e8200000, 0x0000000100000000)
  eden space 116736K, 0% used [0x00000000e0000000,0x00000000e0000000,0x00000000e7200000)
  from space 7680K, 63% used [0x00000000e7a80000,0x00000000e7f3e678,0x00000000e8200000)
  to   space 8192K, 0% used [0x00000000e7200000,0x00000000e7200000,0x00000000e7a00000)
 ParOldGen       total 38400K, used 9127K [0x00000000a0000000, 0x00000000a2580000, 0x00000000e0000000)
  object space 38400K, 23% used [0x00000000a0000000,0x00000000a08e9fe8,0x00000000a2580000)
 Metaspace       used 20603K, capacity 21190K, committed 21296K, reserved 1067008K
  class space    used 2930K, capacity 3107K, committed 3200K, reserved 1048576K
Event: 6.203 GC heap after
Heap after GC invocations=9 (full 1):
 PSYoungGen      total 124416K, used 0K [0x00000000e0000000, 0x00000000e8200000, 0x0000000100000000)
  eden space 116736K, 0% used [0x00000000e0000000,0x00000000e0000000,0x00000000e7200000)
  from space 7680K, 0% used [0x00000000e7a80000,0x00000000e7a80000,0x00000000e8200000)
  to   space 8192K, 0% used [0x00000000e7200000,0x00000000e7200000,0x00000000e7a00000)
 ParOldGen       total 32768K, used 9318K [0x00000000a0000000, 0x00000000a2000000, 0x00000000e0000000)
  object space 32768K, 28% used [0x00000000a0000000,0x00000000a0919bf0,0x00000000a2000000)
 Metaspace       used 20603K, capacity 21190K, committed 21296K, reserved 1067008K
  class space    used 2930K, capacity 3107K, committed 3200K, reserved 1048576K
}

