# JRE version: Java(TM) SE Runtime Environment (8.0_281-b09) (build 1.8.0_281-b09)
# Java VM: Java HotSpot(TM) 64-Bit Server VM (25.281-b09 mixed mode windows-amd64 compressed oops)
Heap:
 PSYoungGen      total 290816K, used 222777K [0x00000000e0000000, 0x00000000f5d80000, 0x0000000100000000)
  eden space 265216K, 83% used [0x00000000e0000000,0x00000000ed98e598,0x00000000f0300000)
  from space 25600K, 0% used [0x00000000f0300000,0x00000000f0300000,0x00000000f1c00000)
  to   space 43008K, 0% used [0x00000000f3380000,0x00000000f3380000,0x00000000f5d80000)
 ParOldGen       total 377344K, used 49446K [0x00000000a0000000, 0x00000000b7080000, 0x00000000e0000000)
  object space 377344K, 13% used [0x00000000a0000000,0x00000000a3049a30,0x00000000b7080000)
 Metaspace       used 88676K, capacity 93012K, committed 93312K, reserved 1140736K
  class space    used 12048K, capacity 12846K, committed 12928K, reserved 1048576K
GC Heap History (10 events):
Event: 26.764 GC heap before
{Heap before GC invocations=30 (full 9):
 PSYoungGen      total 272384K, used 40962K [0x00000000e0000000, 0x00000000f2800000, 0x0000000100000000)
  eden space 260096K, 15% used [0x00000000e0000000,0x00000000e2800850,0x00000000efe00000)
  from space 12288K, 0% used [0x00000000f1c00000,0x00000000f1c00000,0x00000000f2800000)
  to   space 21504K, 0% used [0x00000000efe00000,0x00000000efe00000,0x00000000f1300000)
 ParOldGen       total 79872K, used 38564K [0x00000000a0000000, 0x00000000a4e00000, 0x00000000e0000000)
  object space 79872K, 48% used [0x00000000a0000000,0x00000000a25a9380,0x00000000a4e00000)
 Metaspace       used 78620K, capacity 82314K, committed 82432K, reserved 1132544K
  class space    used 11013K, capacity 11721K, committed 11776K, reserved 1048576K
Event: 26.877 GC heap after
Heap after GC invocations=30 (full 9):
 PSYoungGen      total 281600K, used 3068K [0x00000000e0000000, 0x00000000f2800000, 0x0000000100000000)
  eden space 260096K, 0% used [0x00000000e0000000,0x00000000e0000000,0x00000000efe00000)
  from space 21504K, 14% used [0x00000000efe00000,0x00000000f00ff320,0x00000000f1300000)
  to   space 12288K, 0% used [0x00000000f1c00000,0x00000000f1c00000,0x00000000f2800000)
 ParOldGen       total 79872K, used 38564K [0x00000000a0000000, 0x00000000a4e00000, 0x00000000e0000000)
  object space 79872K, 48% used [0x00000000a0000000,0x00000000a25a9380,0x00000000a4e00000)
 Metaspace       used 78620K, capacity 82314K, committed 82432K, reserved 1132544K
  class space    used 11013K, capacity 11721K, committed 11776K, reserved 1048576K
}
Event: 26.877 GC heap before
{Heap before GC invocations=31 (full 10):
 PSYoungGen      total 281600K, used 3068K [0x00000000e0000000, 0x00000000f2800000, 0x0000000100000000)
  eden space 260096K, 0% used [0x00000000e0000000,0x00000000e0000000,0x00000000efe00000)
  from space 21504K, 14% used [0x00000000efe00000,0x00000000f00ff320,0x00000000f1300000)
  to   space 12288K, 0% used [0x00000000f1c00000,0x00000000f1c00000,0x00000000f2800000)
 ParOldGen       total 79872K, used 38564K [0x00000000a0000000, 0x00000000a4e00000, 0x00000000e0000000)
  object space 79872K, 48% used [0x00000000a0000000,0x00000000a25a9380,0x00000000a4e00000)
 Metaspace       used 78620K, capacity 82314K, committed 82432K, reserved 1132544K
  class space    used 11013K, capacity 11721K, committed 11776K, reserved 1048576K
Event: 27.379 GC heap after
Heap after GC invocations=31 (full 10):
 PSYoungGen      total 281600K, used 0K [0x00000000e0000000, 0x00000000f2800000, 0x0000000100000000)
  eden space 260096K, 0% used [0x00000000e0000000,0x00000000e0000000,0x00000000efe00000)
  from space 21504K, 0% used [0x00000000efe00000,0x00000000efe00000,0x00000000f1300000)
  to   space 12288K, 0% used [0x00000000f1c00000,0x00000000f1c00000,0x00000000f2800000)
 ParOldGen       total 79872K, used 39675K [0x00000000a0000000, 0x00000000a4e00000, 0x00000000e0000000)
  object space 79872K, 49% used [0x00000000a0000000,0x00000000a26bed60,0x00000000a4e00000)
 Metaspace       used 78620K, capacity 82314K, committed 82432K, reserved 1130496K
  class space    used 11013K, capacity 11721K, committed 11776K, reserved 1048576K
}
Event: 187.902 GC heap before
{Heap before GC invocations=32 (full 10):
 PSYoungGen      total 281600K, used 260096K [0x00000000e0000000, 0x00000000f2800000, 0x0000000100000000)
  eden space 260096K, 100% used [0x00000000e0000000,0x00000000efe00000,0x00000000efe00000)
  from space 21504K, 0% used [0x00000000efe00000,0x00000000efe00000,0x00000000f1300000)
  to   space 12288K, 0% used [0x00000000f1c00000,0x00000000f1c00000,0x00000000f2800000)
 ParOldGen       total 79872K, used 39675K [0x00000000a0000000, 0x00000000a4e00000, 0x00000000e0000000)
  object space 79872K, 49% used [0x00000000a0000000,0x00000000a26bed60,0x00000000a4e00000)
 Metaspace       used 82395K, capacity 86482K, committed 86528K, reserved 1134592K
  class space    used 11290K, capacity 12025K, committed 12032K, reserved 1048576K
Event: 188.095 GC heap after
Heap after GC invocations=32 (full 10):
 PSYoungGen      total 277504K, used 12259K [0x00000000e0000000, 0x00000000f3600000, 0x0000000100000000)
  eden space 265216K, 0% used [0x00000000e0000000,0x00000000e0000000,0x00000000f0300000)
  from space 12288K, 99% used [0x00000000f1c00000,0x00000000f27f8c08,0x00000000f2800000)
  to   space 25600K, 0% used [0x00000000f0300000,0x00000000f0300000,0x00000000f1c00000)
 ParOldGen       total 79872K, used 53735K [0x00000000a0000000, 0x00000000a4e00000, 0x00000000e0000000)
  object space 79872K, 67% used [0x00000000a0000000,0x00000000a3479c90,0x00000000a4e00000)
 Metaspace       used 82395K, capacity 86482K, committed 86528K, reserved 1134592K
  class space    used 11290K, capacity 12025K, committed 12032K, reserved 1048576K
}
Event: 198.054 GC heap before
{Heap before GC invocations=33 (full 10):
 PSYoungGen      total 277504K, used 277475K [0x00000000e0000000, 0x00000000f3600000, 0x0000000100000000)
  eden space 265216K, 100% used [0x00000000e0000000,0x00000000f0300000,0x00000000f0300000)
  from space 12288K, 99% used [0x00000000f1c00000,0x00000000f27f8c08,0x00000000f2800000)
  to   space 25600K, 0% used [0x00000000f0300000,0x00000000f0300000,0x00000000f1c00000)
 ParOldGen       total 79872K, used 53735K [0x00000000a0000000, 0x00000000a4e00000, 0x00000000e0000000)
  object space 79872K, 67% used [0x00000000a0000000,0x00000000a3479c90,0x00000000a4e00000)
 Metaspace       used 87902K, capacity 92210K, committed 92544K, reserved 1138688K
  class space    used 12021K, capacity 12821K, committed 12928K, reserved 1048576K
Event: 198.351 GC heap after
Heap after GC invocations=33 (full 10):
 PSYoungGen      total 290816K, used 25597K [0x00000000e0000000, 0x00000000f5d80000, 0x0000000100000000)
  eden space 265216K, 0% used [0x00000000e0000000,0x00000000e0000000,0x00000000f0300000)
  from space 25600K, 99% used [0x00000000f0300000,0x00000000f1bff4b0,0x00000000f1c00000)
  to   space 43008K, 0% used [0x00000000f3380000,0x00000000f3380000,0x00000000f5d80000)
 ParOldGen       total 88064K, used 87891K [0x00000000a0000000, 0x00000000a5600000, 0x00000000e0000000)
  object space 88064K, 99% used [0x00000000a0000000,0x00000000a55d4d40,0x00000000a5600000)
 Metaspace       used 87902K, capacity 92210K, committed 92544K, reserved 1138688K
  class space    used 12021K, capacity 12821K, committed 12928K, reserved 1048576K
}
Event: 198.351 GC heap before
{Heap before GC invocations=34 (full 11):
 PSYoungGen      total 290816K, used 25597K [0x00000000e0000000, 0x00000000f5d80000, 0x0000000100000000)
  eden space 265216K, 0% used [0x00000000e0000000,0x00000000e0000000,0x00000000f0300000)
  from space 25600K, 99% used [0x00000000f0300000,0x00000000f1bff4b0,0x00000000f1c00000)
  to   space 43008K, 0% used [0x00000000f3380000,0x00000000f3380000,0x00000000f5d80000)
 ParOldGen       total 88064K, used 87891K [0x00000000a0000000, 0x00000000a5600000, 0x00000000e0000000)
  object space 88064K, 99% used [0x00000000a0000000,0x00000000a55d4d40,0x00000000a5600000)
 Metaspace       used 87902K, capacity 92210K, committed 92544K, reserved 1138688K
  class space    used 12021K, capacity 12821K, committed 12928K, reserved 1048576K
Event: 198.682 GC heap after
Heap after GC invocations=34 (full 11):
 PSYoungGen      total 290816K, used 0K [0x00000000e0000000, 0x00000000f5d80000, 0x0000000100000000)
  eden space 265216K, 0% used [0x00000000e0000000,0x00000000e0000000,0x00000000f0300000)
  from space 25600K, 0% used [0x00000000f0300000,0x00000000f0300000,0x00000000f1c00000)
  to   space 43008K, 0% used [0x00000000f3380000,0x00000000f3380000,0x00000000f5d80000)
 ParOldGen       total 377344K, used 49446K [0x00000000a0000000, 0x00000000b7080000, 0x00000000e0000000)
  object space 377344K, 13% used [0x00000000a0000000,0x00000000a3049a30,0x00000000b7080000)
 Metaspace       used 87902K, capacity 92210K, committed 92544K, reserved 1138688K
  class space    used 12021K, capacity 12821K, committed 12928K, reserved 1048576K
}

