# JRE version: Java(TM) SE Runtime Environment (8.0_281-b09) (build 1.8.0_281-b09)
# Java VM: Java HotSpot(TM) 64-Bit Server VM (25.281-b09 mixed mode windows-amd64 compressed oops)
Heap:
 PSYoungGen      total 229376K, used 62977K [0x00000000e0000000, 0x00000000f3d00000, 0x0000000100000000)
  eden space 183296K, 9% used [0x00000000e0000000,0x00000000e10bed68,0x00000000eb300000)
  from space 46080K, 99% used [0x00000000eb300000,0x00000000edfc19b8,0x00000000ee000000)
  to   space 54272K, 0% used [0x00000000f0800000,0x00000000f0800000,0x00000000f3d00000)
 ParOldGen       total 91136K, used 59667K [0x00000000a0000000, 0x00000000a5900000, 0x00000000e0000000)
  object space 91136K, 65% used [0x00000000a0000000,0x00000000a3a44d68,0x00000000a5900000)
 Metaspace       used 87658K, capacity 91838K, committed 91904K, reserved 1128448K
  class space    used 11999K, capacity 12773K, committed 12800K, reserved 1048576K
GC Heap History (10 events):
Event: 40.374 GC heap before
{Heap before GC invocations=20 (full 3):
 PSYoungGen      total 195072K, used 193804K [0x00000000e0000000, 0x00000000ed300000, 0x0000000100000000)
  eden space 180224K, 100% used [0x00000000e0000000,0x00000000eb000000,0x00000000eb000000)
  from space 14848K, 91% used [0x00000000ec480000,0x00000000ed1c3008,0x00000000ed300000)
  to   space 17920K, 0% used [0x00000000eb000000,0x00000000eb000000,0x00000000ec180000)
 ParOldGen       total 78848K, used 33046K [0x00000000a0000000, 0x00000000a4d00000, 0x00000000e0000000)
  object space 78848K, 41% used [0x00000000a0000000,0x00000000a2045940,0x00000000a4d00000)
 Metaspace       used 77696K, capacity 81668K, committed 81920K, reserved 1120256K
  class space    used 10941K, capacity 11682K, committed 11776K, reserved 1048576K
Event: 40.489 GC heap after
Heap after GC invocations=20 (full 3):
 PSYoungGen      total 198144K, used 17899K [0x00000000e0000000, 0x00000000ef800000, 0x0000000100000000)
  eden space 180224K, 0% used [0x00000000e0000000,0x00000000e0000000,0x00000000eb000000)
  from space 17920K, 99% used [0x00000000eb000000,0x00000000ec17ae40,0x00000000ec180000)
  to   space 24576K, 0% used [0x00000000ee000000,0x00000000ee000000,0x00000000ef800000)
 ParOldGen       total 78848K, used 43637K [0x00000000a0000000, 0x00000000a4d00000, 0x00000000e0000000)
  object space 78848K, 55% used [0x00000000a0000000,0x00000000a2a9d5e0,0x00000000a4d00000)
 Metaspace       used 77696K, capacity 81668K, committed 81920K, reserved 1120256K
  class space    used 10941K, capacity 11682K, committed 11776K, reserved 1048576K
}
Event: 45.293 GC heap before
{Heap before GC invocations=21 (full 3):
 PSYoungGen      total 198144K, used 198123K [0x00000000e0000000, 0x00000000ef800000, 0x0000000100000000)
  eden space 180224K, 100% used [0x00000000e0000000,0x00000000eb000000,0x00000000eb000000)
  from space 17920K, 99% used [0x00000000eb000000,0x00000000ec17ae40,0x00000000ec180000)
  to   space 24576K, 0% used [0x00000000ee000000,0x00000000ee000000,0x00000000ef800000)
 ParOldGen       total 78848K, used 43637K [0x00000000a0000000, 0x00000000a4d00000, 0x00000000e0000000)
  object space 78848K, 55% used [0x00000000a0000000,0x00000000a2a9d5e0,0x00000000a4d00000)
 Metaspace       used 79444K, capacity 83454K, committed 83712K, reserved 1120256K
  class space    used 11199K, capacity 11939K, committed 12032K, reserved 1048576K
Event: 45.653 GC heap after
Heap after GC invocations=21 (full 3):
 PSYoungGen      total 207872K, used 24559K [0x00000000e0000000, 0x00000000f2c80000, 0x0000000100000000)
  eden space 183296K, 0% used [0x00000000e0000000,0x00000000e0000000,0x00000000eb300000)
  from space 24576K, 99% used [0x00000000ee000000,0x00000000ef7fbec8,0x00000000ef800000)
  to   space 46080K, 0% used [0x00000000eb300000,0x00000000eb300000,0x00000000ee000000)
 ParOldGen       total 91136K, used 90899K [0x00000000a0000000, 0x00000000a5900000, 0x00000000e0000000)
  object space 91136K, 99% used [0x00000000a0000000,0x00000000a58c4f60,0x00000000a5900000)
 Metaspace       used 79444K, capacity 83454K, committed 83712K, reserved 1120256K
  class space    used 11199K, capacity 11939K, committed 12032K, reserved 1048576K
}
Event: 45.653 GC heap before
{Heap before GC invocations=22 (full 4):
 PSYoungGen      total 207872K, used 24559K [0x00000000e0000000, 0x00000000f2c80000, 0x0000000100000000)
  eden space 183296K, 0% used [0x00000000e0000000,0x00000000e0000000,0x00000000eb300000)
  from space 24576K, 99% used [0x00000000ee000000,0x00000000ef7fbec8,0x00000000ef800000)
  to   space 46080K, 0% used [0x00000000eb300000,0x00000000eb300000,0x00000000ee000000)
 ParOldGen       total 91136K, used 90899K [0x00000000a0000000, 0x00000000a5900000, 0x00000000e0000000)
  object space 91136K, 99% used [0x00000000a0000000,0x00000000a58c4f60,0x00000000a5900000)
 Metaspace       used 79444K, capacity 83454K, committed 83712K, reserved 1120256K
  class space    used 11199K, capacity 11939K, committed 12032K, reserved 1048576K
Event: 46.823 GC heap after
Heap after GC invocations=22 (full 4):
 PSYoungGen      total 207872K, used 8677K [0x00000000e0000000, 0x00000000f2c80000, 0x0000000100000000)
  eden space 183296K, 0% used [0x00000000e0000000,0x00000000e0000000,0x00000000eb300000)
  from space 24576K, 35% used [0x00000000ee000000,0x00000000ee8797f8,0x00000000ef800000)
  to   space 46080K, 0% used [0x00000000eb300000,0x00000000eb300000,0x00000000ee000000)
 ParOldGen       total 91136K, used 90832K [0x00000000a0000000, 0x00000000a5900000, 0x00000000e0000000)
  object space 91136K, 99% used [0x00000000a0000000,0x00000000a58b4040,0x00000000a5900000)
 Metaspace       used 79413K, capacity 83368K, committed 83712K, reserved 1120256K
  class space    used 11189K, capacity 11922K, committed 12032K, reserved 1048576K
}
Event: 191.471 GC heap before
{Heap before GC invocations=23 (full 5):
 PSYoungGen      total 207872K, used 191973K [0x00000000e0000000, 0x00000000f2c80000, 0x0000000100000000)
  eden space 183296K, 100% used [0x00000000e0000000,0x00000000eb300000,0x00000000eb300000)
  from space 24576K, 35% used [0x00000000ee000000,0x00000000ee8797f8,0x00000000ef800000)
  to   space 46080K, 0% used [0x00000000eb300000,0x00000000eb300000,0x00000000ee000000)
 ParOldGen       total 91136K, used 90832K [0x00000000a0000000, 0x00000000a5900000, 0x00000000e0000000)
  object space 91136K, 99% used [0x00000000a0000000,0x00000000a58b4040,0x00000000a5900000)
 Metaspace       used 87013K, capacity 91138K, committed 91392K, reserved 1128448K
  class space    used 11937K, capacity 12721K, committed 12800K, reserved 1048576K
Event: 191.988 GC heap after
Heap after GC invocations=23 (full 5):
 PSYoungGen      total 207872K, used 0K [0x00000000e0000000, 0x00000000f2c80000, 0x0000000100000000)
  eden space 183296K, 0% used [0x00000000e0000000,0x00000000e0000000,0x00000000eb300000)
  from space 24576K, 0% used [0x00000000ee000000,0x00000000ee000000,0x00000000ef800000)
  to   space 46080K, 0% used [0x00000000eb300000,0x00000000eb300000,0x00000000ee000000)
 ParOldGen       total 91136K, used 59659K [0x00000000a0000000, 0x00000000a5900000, 0x00000000e0000000)
  object space 91136K, 65% used [0x00000000a0000000,0x00000000a3a42d68,0x00000000a5900000)
 Metaspace       used 87013K, capacity 91138K, committed 91392K, reserved 1128448K
  class space    used 11937K, capacity 12721K, committed 12800K, reserved 1048576K
}
Event: 199.612 GC heap before
{Heap before GC invocations=24 (full 5):
 PSYoungGen      total 207872K, used 183296K [0x00000000e0000000, 0x00000000f2c80000, 0x0000000100000000)
  eden space 183296K, 100% used [0x00000000e0000000,0x00000000eb300000,0x00000000eb300000)
  from space 24576K, 0% used [0x00000000ee000000,0x00000000ee000000,0x00000000ef800000)
  to   space 46080K, 0% used [0x00000000eb300000,0x00000000eb300000,0x00000000ee000000)
 ParOldGen       total 91136K, used 59659K [0x00000000a0000000, 0x00000000a5900000, 0x00000000e0000000)
  object space 91136K, 65% used [0x00000000a0000000,0x00000000a3a42d68,0x00000000a5900000)
 Metaspace       used 87656K, capacity 91838K, committed 91904K, reserved 1128448K
  class space    used 11999K, capacity 12773K, committed 12800K, reserved 1048576K
Event: 199.785 GC heap after
Heap after GC invocations=24 (full 5):
 PSYoungGen      total 229376K, used 45830K [0x00000000e0000000, 0x00000000f3d00000, 0x0000000100000000)
  eden space 183296K, 0% used [0x00000000e0000000,0x00000000e0000000,0x00000000eb300000)
  from space 46080K, 99% used [0x00000000eb300000,0x00000000edfc19b8,0x00000000ee000000)
  to   space 54272K, 0% used [0x00000000f0800000,0x00000000f0800000,0x00000000f3d00000)
 ParOldGen       total 91136K, used 59667K [0x00000000a0000000, 0x00000000a5900000, 0x00000000e0000000)
  object space 91136K, 65% used [0x00000000a0000000,0x00000000a3a44d68,0x00000000a5900000)
 Metaspace       used 87656K, capacity 91838K, committed 91904K, reserved 1128448K
  class space    used 11999K, capacity 12773K, committed 12800K, reserved 1048576K
}

