# JRE version: Java(TM) SE Runtime Environment (8.0_281-b09) (build 1.8.0_281-b09)
# Java VM: Java HotSpot(TM) 64-Bit Server VM (25.281-b09 mixed mode windows-amd64 compressed oops)
Heap:
 PSYoungGen      total 445440K, used 219476K [0x00000000e0000000, 0x0000000100000000, 0x0000000100000000)
  eden space 390144K, 42% used [0x00000000e0000000,0x00000000ea0971f8,0x00000000f7d00000)
  from space 55296K, 99% used [0x00000000f7d00000,0x00000000fb2bdee0,0x00000000fb300000)
  to   space 74240K, 0% used [0x00000000fb780000,0x00000000fb780000,0x0000000100000000)
 ParOldGen       total 198144K, used 120607K [0x00000000a0000000, 0x00000000ac180000, 0x00000000e0000000)
  object space 198144K, 60% used [0x00000000a0000000,0x00000000a75c7c70,0x00000000ac180000)
 Metaspace       used 91600K, capacity 97354K, committed 97536K, reserved 1134592K
  class space    used 12258K, capacity 13199K, committed 13312K, reserved 1048576K
GC Heap History (10 events):
Event: 425.061 GC heap before
{Heap before GC invocations=22 (full 4):
 PSYoungGen      total 453632K, used 423959K [0x00000000e0000000, 0x0000000100000000, 0x0000000100000000)
  eden space 406016K, 99% used [0x00000000e0000000,0x00000000f8b65160,0x00000000f8c80000)
  from space 47616K, 40% used [0x00000000f8c80000,0x00000000f9f20c78,0x00000000fbb00000)
  to   space 45568K, 0% used [0x00000000fd380000,0x00000000fd380000,0x0000000100000000)
 ParOldGen       total 153600K, used 109866K [0x00000000a0000000, 0x00000000a9600000, 0x00000000e0000000)
  object space 153600K, 71% used [0x00000000a0000000,0x00000000a6b4a998,0x00000000a9600000)
 Metaspace       used 89440K, capacity 93888K, committed 94080K, reserved 1130496K
  class space    used 12071K, capacity 12868K, committed 12928K, reserved 1048576K
Event: 425.157 GC heap after
Heap after GC invocations=22 (full 4):
 PSYoungGen      total 469504K, used 16109K [0x00000000e0000000, 0x00000000ff900000, 0x0000000100000000)
  eden space 431104K, 0% used [0x00000000e0000000,0x00000000e0000000,0x00000000fa500000)
  from space 38400K, 41% used [0x00000000fd380000,0x00000000fe33b768,0x00000000ff900000)
  to   space 43008K, 0% used [0x00000000fa500000,0x00000000fa500000,0x00000000fcf00000)
 ParOldGen       total 153600K, used 115117K [0x00000000a0000000, 0x00000000a9600000, 0x00000000e0000000)
  object space 153600K, 74% used [0x00000000a0000000,0x00000000a706b708,0x00000000a9600000)
 Metaspace       used 89440K, capacity 93888K, committed 94080K, reserved 1130496K
  class space    used 12071K, capacity 12868K, committed 12928K, reserved 1048576K
}
Event: 516.833 GC heap before
{Heap before GC invocations=23 (full 4):
 PSYoungGen      total 469504K, used 447213K [0x00000000e0000000, 0x00000000ff900000, 0x0000000100000000)
  eden space 431104K, 100% used [0x00000000e0000000,0x00000000fa500000,0x00000000fa500000)
  from space 38400K, 41% used [0x00000000fd380000,0x00000000fe33b768,0x00000000ff900000)
  to   space 43008K, 0% used [0x00000000fa500000,0x00000000fa500000,0x00000000fcf00000)
 ParOldGen       total 153600K, used 115117K [0x00000000a0000000, 0x00000000a9600000, 0x00000000e0000000)
  object space 153600K, 74% used [0x00000000a0000000,0x00000000a706b708,0x00000000a9600000)
 Metaspace       used 89882K, capacity 94464K, committed 94592K, reserved 1130496K
  class space    used 12075K, capacity 12874K, committed 12928K, reserved 1048576K
Event: 516.950 GC heap after
Heap after GC invocations=23 (full 4):
 PSYoungGen      total 474112K, used 42981K [0x00000000e0000000, 0x0000000100000000, 0x0000000100000000)
  eden space 431104K, 0% used [0x00000000e0000000,0x00000000e0000000,0x00000000fa500000)
  from space 43008K, 99% used [0x00000000fa500000,0x00000000fcef9528,0x00000000fcf00000)
  to   space 50176K, 0% used [0x00000000fcf00000,0x00000000fcf00000,0x0000000100000000)
 ParOldGen       total 153600K, used 124299K [0x00000000a0000000, 0x00000000a9600000, 0x00000000e0000000)
  object space 153600K, 80% used [0x00000000a0000000,0x00000000a7962ee0,0x00000000a9600000)
 Metaspace       used 89882K, capacity 94464K, committed 94592K, reserved 1130496K
  class space    used 12075K, capacity 12874K, committed 12928K, reserved 1048576K
}
Event: 617.974 GC heap before
{Heap before GC invocations=24 (full 4):
 PSYoungGen      total 474112K, used 474085K [0x00000000e0000000, 0x0000000100000000, 0x0000000100000000)
  eden space 431104K, 100% used [0x00000000e0000000,0x00000000fa500000,0x00000000fa500000)
  from space 43008K, 99% used [0x00000000fa500000,0x00000000fcef9528,0x00000000fcf00000)
  to   space 50176K, 0% used [0x00000000fcf00000,0x00000000fcf00000,0x0000000100000000)
 ParOldGen       total 153600K, used 124299K [0x00000000a0000000, 0x00000000a9600000, 0x00000000e0000000)
  object space 153600K, 80% used [0x00000000a0000000,0x00000000a7962ee0,0x00000000a9600000)
 Metaspace       used 90457K, capacity 95322K, committed 95488K, reserved 1132544K
  class space    used 12124K, capacity 12959K, committed 13056K, reserved 1048576K
Event: 618.250 GC heap after
Heap after GC invocations=24 (full 4):
 PSYoungGen      total 440320K, used 50165K [0x00000000e0000000, 0x0000000100000000, 0x0000000100000000)
  eden space 390144K, 0% used [0x00000000e0000000,0x00000000e0000000,0x00000000f7d00000)
  from space 50176K, 99% used [0x00000000fcf00000,0x00000000ffffd5a8,0x0000000100000000)
  to   space 67072K, 0% used [0x00000000f7d00000,0x00000000f7d00000,0x00000000fbe80000)
 ParOldGen       total 153600K, used 140509K [0x00000000a0000000, 0x00000000a9600000, 0x00000000e0000000)
  object space 153600K, 91% used [0x00000000a0000000,0x00000000a8937708,0x00000000a9600000)
 Metaspace       used 90457K, capacity 95322K, committed 95488K, reserved 1132544K
  class space    used 12124K, capacity 12959K, committed 13056K, reserved 1048576K
}
Event: 618.251 GC heap before
{Heap before GC invocations=25 (full 5):
 PSYoungGen      total 440320K, used 50165K [0x00000000e0000000, 0x0000000100000000, 0x0000000100000000)
  eden space 390144K, 0% used [0x00000000e0000000,0x00000000e0000000,0x00000000f7d00000)
  from space 50176K, 99% used [0x00000000fcf00000,0x00000000ffffd5a8,0x0000000100000000)
  to   space 67072K, 0% used [0x00000000f7d00000,0x00000000f7d00000,0x00000000fbe80000)
 ParOldGen       total 153600K, used 140509K [0x00000000a0000000, 0x00000000a9600000, 0x00000000e0000000)
  object space 153600K, 91% used [0x00000000a0000000,0x00000000a8937708,0x00000000a9600000)
 Metaspace       used 90457K, capacity 95322K, committed 95488K, reserved 1132544K
  class space    used 12124K, capacity 12959K, committed 13056K, reserved 1048576K
Event: 619.966 GC heap after
Heap after GC invocations=25 (full 5):
 PSYoungGen      total 440320K, used 0K [0x00000000e0000000, 0x0000000100000000, 0x0000000100000000)
  eden space 390144K, 0% used [0x00000000e0000000,0x00000000e0000000,0x00000000f7d00000)
  from space 50176K, 0% used [0x00000000fcf00000,0x00000000fcf00000,0x0000000100000000)
  to   space 67072K, 0% used [0x00000000f7d00000,0x00000000f7d00000,0x00000000fbe80000)
 ParOldGen       total 198144K, used 120599K [0x00000000a0000000, 0x00000000ac180000, 0x00000000e0000000)
  object space 198144K, 60% used [0x00000000a0000000,0x00000000a75c5c70,0x00000000ac180000)
 Metaspace       used 90457K, capacity 95322K, committed 95488K, reserved 1132544K
  class space    used 12124K, capacity 12959K, committed 13056K, reserved 1048576K
}
Event: 1668.174 GC heap before
{Heap before GC invocations=26 (full 5):
 PSYoungGen      total 440320K, used 390144K [0x00000000e0000000, 0x0000000100000000, 0x0000000100000000)
  eden space 390144K, 100% used [0x00000000e0000000,0x00000000f7d00000,0x00000000f7d00000)
  from space 50176K, 0% used [0x00000000fcf00000,0x00000000fcf00000,0x0000000100000000)
  to   space 67072K, 0% used [0x00000000f7d00000,0x00000000f7d00000,0x00000000fbe80000)
 ParOldGen       total 198144K, used 120599K [0x00000000a0000000, 0x00000000ac180000, 0x00000000e0000000)
  object space 198144K, 60% used [0x00000000a0000000,0x00000000a75c5c70,0x00000000ac180000)
 Metaspace       used 91534K, capacity 97234K, committed 97408K, reserved 1134592K
  class space    used 12247K, capacity 13179K, committed 13184K, reserved 1048576K
Event: 1668.638 GC heap after
Heap after GC invocations=26 (full 5):
 PSYoungGen      total 445440K, used 55031K [0x00000000e0000000, 0x0000000100000000, 0x0000000100000000)
  eden space 390144K, 0% used [0x00000000e0000000,0x00000000e0000000,0x00000000f7d00000)
  from space 55296K, 99% used [0x00000000f7d00000,0x00000000fb2bdee0,0x00000000fb300000)
  to   space 74240K, 0% used [0x00000000fb780000,0x00000000fb780000,0x0000000100000000)
 ParOldGen       total 198144K, used 120607K [0x00000000a0000000, 0x00000000ac180000, 0x00000000e0000000)
  object space 198144K, 60% used [0x00000000a0000000,0x00000000a75c7c70,0x00000000ac180000)
 Metaspace       used 91534K, capacity 97234K, committed 97408K, reserved 1134592K
  class space    used 12247K, capacity 13179K, committed 13184K, reserved 1048576K
}

