# JRE version: Java(TM) SE Runtime Environment (8.0_281-b09) (build 1.8.0_281-b09)
# Java VM: Java HotSpot(TM) 64-Bit Server VM (25.281-b09 mixed mode windows-amd64 compressed oops)
Heap:
 PSYoungGen      total 199168K, used 106801K [0x00000000e0000000, 0x00000000eef00000, 0x0000000100000000)
  eden space 156672K, 50% used [0x00000000e0000000,0x00000000e4da7eb0,0x00000000e9900000)
  from space 42496K, 64% used [0x00000000ec580000,0x00000000ee024918,0x00000000eef00000)
  to   space 44032K, 0% used [0x00000000e9900000,0x00000000e9900000,0x00000000ec400000)
 ParOldGen       total 170496K, used 85605K [0x00000000a0000000, 0x00000000aa680000, 0x00000000e0000000)
  object space 170496K, 50% used [0x00000000a0000000,0x00000000a5399540,0x00000000aa680000)
 Metaspace       used 87014K, capacity 91142K, committed 91392K, reserved 1128448K
  class space    used 11992K, capacity 12775K, committed 12800K, reserved 1048576K
GC Heap History (10 events):
Event: 38.101 GC heap before
{Heap before GC invocations=20 (full 3):
 PSYoungGen      total 148992K, used 148753K [0x00000000e0000000, 0x00000000ea500000, 0x0000000100000000)
  eden space 137728K, 100% used [0x00000000e0000000,0x00000000e8680000,0x00000000e8680000)
  from space 11264K, 97% used [0x00000000e9a00000,0x00000000ea4c45b0,0x00000000ea500000)
  to   space 15360K, 0% used [0x00000000e8700000,0x00000000e8700000,0x00000000e9600000)
 ParOldGen       total 84480K, used 29919K [0x00000000a0000000, 0x00000000a5280000, 0x00000000e0000000)
  object space 84480K, 35% used [0x00000000a0000000,0x00000000a1d37e68,0x00000000a5280000)
 Metaspace       used 66759K, capacity 69854K, committed 70016K, reserved 1110016K
  class space    used 9390K, capacity 10008K, committed 10112K, reserved 1048576K
Event: 38.186 GC heap after
Heap after GC invocations=20 (full 3):
 PSYoungGen      total 153600K, used 15328K [0x00000000e0000000, 0x00000000ec500000, 0x0000000100000000)
  eden space 138240K, 0% used [0x00000000e0000000,0x00000000e0000000,0x00000000e8700000)
  from space 15360K, 99% used [0x00000000e8700000,0x00000000e95f8138,0x00000000e9600000)
  to   space 22016K, 0% used [0x00000000eaf80000,0x00000000eaf80000,0x00000000ec500000)
 ParOldGen       total 84480K, used 41765K [0x00000000a0000000, 0x00000000a5280000, 0x00000000e0000000)
  object space 84480K, 49% used [0x00000000a0000000,0x00000000a28c9658,0x00000000a5280000)
 Metaspace       used 66759K, capacity 69854K, committed 70016K, reserved 1110016K
  class space    used 9390K, capacity 10008K, committed 10112K, reserved 1048576K
}
Event: 43.006 GC heap before
{Heap before GC invocations=21 (full 3):
 PSYoungGen      total 153600K, used 153568K [0x00000000e0000000, 0x00000000ec500000, 0x0000000100000000)
  eden space 138240K, 100% used [0x00000000e0000000,0x00000000e8700000,0x00000000e8700000)
  from space 15360K, 99% used [0x00000000e8700000,0x00000000e95f8138,0x00000000e9600000)
  to   space 22016K, 0% used [0x00000000eaf80000,0x00000000eaf80000,0x00000000ec500000)
 ParOldGen       total 84480K, used 41765K [0x00000000a0000000, 0x00000000a5280000, 0x00000000e0000000)
  object space 84480K, 49% used [0x00000000a0000000,0x00000000a28c9658,0x00000000a5280000)
 Metaspace       used 71035K, capacity 74530K, committed 74880K, reserved 1114112K
  class space    used 10082K, capacity 10772K, committed 10880K, reserved 1048576K
Event: 43.198 GC heap after
Heap after GC invocations=21 (full 3):
 PSYoungGen      total 160256K, used 21996K [0x00000000e0000000, 0x00000000ef180000, 0x0000000100000000)
  eden space 138240K, 0% used [0x00000000e0000000,0x00000000e0000000,0x00000000e8700000)
  from space 22016K, 99% used [0x00000000eaf80000,0x00000000ec4fb368,0x00000000ec500000)
  to   space 41472K, 0% used [0x00000000e8700000,0x00000000e8700000,0x00000000eaf80000)
 ParOldGen       total 84480K, used 84276K [0x00000000a0000000, 0x00000000a5280000, 0x00000000e0000000)
  object space 84480K, 99% used [0x00000000a0000000,0x00000000a524d3e8,0x00000000a5280000)
 Metaspace       used 71035K, capacity 74530K, committed 74880K, reserved 1114112K
  class space    used 10082K, capacity 10772K, committed 10880K, reserved 1048576K
}
Event: 43.198 GC heap before
{Heap before GC invocations=22 (full 4):
 PSYoungGen      total 160256K, used 21996K [0x00000000e0000000, 0x00000000ef180000, 0x0000000100000000)
  eden space 138240K, 0% used [0x00000000e0000000,0x00000000e0000000,0x00000000e8700000)
  from space 22016K, 99% used [0x00000000eaf80000,0x00000000ec4fb368,0x00000000ec500000)
  to   space 41472K, 0% used [0x00000000e8700000,0x00000000e8700000,0x00000000eaf80000)
 ParOldGen       total 84480K, used 84276K [0x00000000a0000000, 0x00000000a5280000, 0x00000000e0000000)
  object space 84480K, 99% used [0x00000000a0000000,0x00000000a524d3e8,0x00000000a5280000)
 Metaspace       used 71035K, capacity 74530K, committed 74880K, reserved 1114112K
  class space    used 10082K, capacity 10772K, committed 10880K, reserved 1048576K
Event: 44.492 GC heap after
Heap after GC invocations=22 (full 4):
 PSYoungGen      total 160256K, used 12636K [0x00000000e0000000, 0x00000000ef180000, 0x0000000100000000)
  eden space 138240K, 0% used [0x00000000e0000000,0x00000000e0000000,0x00000000e8700000)
  from space 22016K, 57% used [0x00000000eaf80000,0x00000000ebbd7380,0x00000000ec500000)
  to   space 41472K, 0% used [0x00000000e8700000,0x00000000e8700000,0x00000000eaf80000)
 ParOldGen       total 170496K, used 80978K [0x00000000a0000000, 0x00000000aa680000, 0x00000000e0000000)
  object space 170496K, 47% used [0x00000000a0000000,0x00000000a4f14918,0x00000000aa680000)
 Metaspace       used 71021K, capacity 74490K, committed 74880K, reserved 1114112K
  class space    used 10077K, capacity 10764K, committed 10880K, reserved 1048576K
}
Event: 48.043 GC heap before
{Heap before GC invocations=23 (full 4):
 PSYoungGen      total 160256K, used 150876K [0x00000000e0000000, 0x00000000ef180000, 0x0000000100000000)
  eden space 138240K, 100% used [0x00000000e0000000,0x00000000e8700000,0x00000000e8700000)
  from space 22016K, 57% used [0x00000000eaf80000,0x00000000ebbd7380,0x00000000ec500000)
  to   space 41472K, 0% used [0x00000000e8700000,0x00000000e8700000,0x00000000eaf80000)
 ParOldGen       total 170496K, used 80978K [0x00000000a0000000, 0x00000000aa680000, 0x00000000e0000000)
  object space 170496K, 47% used [0x00000000a0000000,0x00000000a4f14918,0x00000000aa680000)
 Metaspace       used 75256K, capacity 78994K, committed 79232K, reserved 1118208K
  class space    used 10664K, capacity 11386K, committed 11392K, reserved 1048576K
Event: 48.180 GC heap after
Heap after GC invocations=23 (full 4):
 PSYoungGen      total 179712K, used 25239K [0x00000000e0000000, 0x00000000eef00000, 0x0000000100000000)
  eden space 138240K, 0% used [0x00000000e0000000,0x00000000e0000000,0x00000000e8700000)
  from space 41472K, 60% used [0x00000000e8700000,0x00000000e9fa5dd0,0x00000000eaf80000)
  to   space 42496K, 0% used [0x00000000ec580000,0x00000000ec580000,0x00000000eef00000)
 ParOldGen       total 170496K, used 85597K [0x00000000a0000000, 0x00000000aa680000, 0x00000000e0000000)
  object space 170496K, 50% used [0x00000000a0000000,0x00000000a5397540,0x00000000aa680000)
 Metaspace       used 75256K, capacity 78994K, committed 79232K, reserved 1118208K
  class space    used 10664K, capacity 11386K, committed 11392K, reserved 1048576K
}
Event: 107.251 GC heap before
{Heap before GC invocations=24 (full 4):
 PSYoungGen      total 179712K, used 163479K [0x00000000e0000000, 0x00000000eef00000, 0x0000000100000000)
  eden space 138240K, 100% used [0x00000000e0000000,0x00000000e8700000,0x00000000e8700000)
  from space 41472K, 60% used [0x00000000e8700000,0x00000000e9fa5dd0,0x00000000eaf80000)
  to   space 42496K, 0% used [0x00000000ec580000,0x00000000ec580000,0x00000000eef00000)
 ParOldGen       total 170496K, used 85597K [0x00000000a0000000, 0x00000000aa680000, 0x00000000e0000000)
  object space 170496K, 50% used [0x00000000a0000000,0x00000000a5397540,0x00000000aa680000)
 Metaspace       used 79861K, capacity 83786K, committed 84096K, reserved 1122304K
  class space    used 11052K, capacity 11806K, committed 11904K, reserved 1048576K
Event: 107.345 GC heap after
Heap after GC invocations=24 (full 4):
 PSYoungGen      total 199168K, used 27282K [0x00000000e0000000, 0x00000000eef00000, 0x0000000100000000)
  eden space 156672K, 0% used [0x00000000e0000000,0x00000000e0000000,0x00000000e9900000)
  from space 42496K, 64% used [0x00000000ec580000,0x00000000ee024918,0x00000000eef00000)
  to   space 44032K, 0% used [0x00000000e9900000,0x00000000e9900000,0x00000000ec400000)
 ParOldGen       total 170496K, used 85605K [0x00000000a0000000, 0x00000000aa680000, 0x00000000e0000000)
  object space 170496K, 50% used [0x00000000a0000000,0x00000000a5399540,0x00000000aa680000)
 Metaspace       used 79861K, capacity 83786K, committed 84096K, reserved 1122304K
  class space    used 11052K, capacity 11806K, committed 11904K, reserved 1048576K
}

