# JRE version: Java(TM) SE Runtime Environment (8.0_281-b09) (build 1.8.0_281-b09)
# Java VM: Java HotSpot(TM) 64-Bit Server VM (25.281-b09 mixed mode windows-amd64 compressed oops)
Heap:
 PSYoungGen      total 75264K, used 36415K [0x00000000e0000000, 0x00000000e5f80000, 0x0000000100000000)
  eden space 65536K, 40% used [0x00000000e0000000,0x00000000e1a10368,0x00000000e4000000)
  from space 9728K, 99% used [0x00000000e4000000,0x00000000e497f980,0x00000000e4980000)
  to   space 10752K, 0% used [0x00000000e5500000,0x00000000e5500000,0x00000000e5f80000)
 ParOldGen       total 57344K, used 14812K [0x00000000a0000000, 0x00000000a3800000, 0x00000000e0000000)
  object space 57344K, 25% used [0x00000000a0000000,0x00000000a0e77258,0x00000000a3800000)
 Metaspace       used 45665K, capacity 47410K, committed 47616K, reserved 1089536K
  class space    used 6298K, capacity 6656K, committed 6656K, reserved 1048576K
GC Heap History (10 events):
Event: 6.862 GC heap before
{Heap before GC invocations=9 (full 1):
 PSYoungGen      total 61440K, used 61440K [0x00000000e0000000, 0x00000000e3e00000, 0x0000000100000000)
  eden space 59392K, 100% used [0x00000000e0000000,0x00000000e3a00000,0x00000000e3a00000)
  from space 2048K, 100% used [0x00000000e3a00000,0x00000000e3c00000,0x00000000e3c00000)
  to   space 2048K, 0% used [0x00000000e3c00000,0x00000000e3c00000,0x00000000e3e00000)
 ParOldGen       total 44544K, used 19878K [0x00000000a0000000, 0x00000000a2b80000, 0x00000000e0000000)
  object space 44544K, 44% used [0x00000000a0000000,0x00000000a1369ae8,0x00000000a2b80000)
 Metaspace       used 32473K, capacity 33424K, committed 33536K, reserved 1077248K
  class space    used 4536K, capacity 4775K, committed 4864K, reserved 1048576K
Event: 6.876 GC heap after
Heap after GC invocations=9 (full 1):
 PSYoungGen      total 53248K, used 2048K [0x00000000e0000000, 0x00000000e6b80000, 0x0000000100000000)
  eden space 51200K, 0% used [0x00000000e0000000,0x00000000e0000000,0x00000000e3200000)
  from space 2048K, 100% used [0x00000000e3c00000,0x00000000e3e00000,0x00000000e3e00000)
  to   space 10240K, 0% used [0x00000000e3200000,0x00000000e3200000,0x00000000e3c00000)
 ParOldGen       total 44544K, used 26474K [0x00000000a0000000, 0x00000000a2b80000, 0x00000000e0000000)
  object space 44544K, 59% used [0x00000000a0000000,0x00000000a19da820,0x00000000a2b80000)
 Metaspace       used 32473K, capacity 33424K, committed 33536K, reserved 1077248K
  class space    used 4536K, capacity 4775K, committed 4864K, reserved 1048576K
}
Event: 7.329 GC heap before
{Heap before GC invocations=10 (full 1):
 PSYoungGen      total 53248K, used 44855K [0x00000000e0000000, 0x00000000e6b80000, 0x0000000100000000)
  eden space 51200K, 83% used [0x00000000e0000000,0x00000000e29cdfe8,0x00000000e3200000)
  from space 2048K, 100% used [0x00000000e3c00000,0x00000000e3e00000,0x00000000e3e00000)
  to   space 10240K, 0% used [0x00000000e3200000,0x00000000e3200000,0x00000000e3c00000)
 ParOldGen       total 44544K, used 26474K [0x00000000a0000000, 0x00000000a2b80000, 0x00000000e0000000)
  object space 44544K, 59% used [0x00000000a0000000,0x00000000a19da820,0x00000000a2b80000)
 Metaspace       used 34357K, capacity 35442K, committed 35496K, reserved 1079296K
  class space    used 4837K, capacity 5096K, committed 5120K, reserved 1048576K
Event: 7.354 GC heap after
Heap after GC invocations=10 (full 1):
 PSYoungGen      total 61440K, used 5115K [0x00000000e0000000, 0x00000000e5880000, 0x0000000100000000)
  eden space 51200K, 0% used [0x00000000e0000000,0x00000000e0000000,0x00000000e3200000)
  from space 10240K, 49% used [0x00000000e3200000,0x00000000e36fed40,0x00000000e3c00000)
  to   space 9728K, 0% used [0x00000000e4f00000,0x00000000e4f00000,0x00000000e5880000)
 ParOldGen       total 44544K, used 26474K [0x00000000a0000000, 0x00000000a2b80000, 0x00000000e0000000)
  object space 44544K, 59% used [0x00000000a0000000,0x00000000a19da820,0x00000000a2b80000)
 Metaspace       used 34357K, capacity 35442K, committed 35496K, reserved 1079296K
  class space    used 4837K, capacity 5096K, committed 5120K, reserved 1048576K
}
Event: 7.354 GC heap before
{Heap before GC invocations=11 (full 2):
 PSYoungGen      total 61440K, used 5115K [0x00000000e0000000, 0x00000000e5880000, 0x0000000100000000)
  eden space 51200K, 0% used [0x00000000e0000000,0x00000000e0000000,0x00000000e3200000)
  from space 10240K, 49% used [0x00000000e3200000,0x00000000e36fed40,0x00000000e3c00000)
  to   space 9728K, 0% used [0x00000000e4f00000,0x00000000e4f00000,0x00000000e5880000)
 ParOldGen       total 44544K, used 26474K [0x00000000a0000000, 0x00000000a2b80000, 0x00000000e0000000)
  object space 44544K, 59% used [0x00000000a0000000,0x00000000a19da820,0x00000000a2b80000)
 Metaspace       used 34357K, capacity 35442K, committed 35496K, reserved 1079296K
  class space    used 4837K, capacity 5096K, committed 5120K, reserved 1048576K
Event: 7.476 GC heap after
Heap after GC invocations=11 (full 2):
 PSYoungGen      total 61440K, used 0K [0x00000000e0000000, 0x00000000e5880000, 0x0000000100000000)
  eden space 51200K, 0% used [0x00000000e0000000,0x00000000e0000000,0x00000000e3200000)
  from space 10240K, 0% used [0x00000000e3200000,0x00000000e3200000,0x00000000e3c00000)
  to   space 9728K, 0% used [0x00000000e4f00000,0x00000000e4f00000,0x00000000e5880000)
 ParOldGen       total 57344K, used 14796K [0x00000000a0000000, 0x00000000a3800000, 0x00000000e0000000)
  object space 57344K, 25% used [0x00000000a0000000,0x00000000a0e73258,0x00000000a3800000)
 Metaspace       used 34357K, capacity 35442K, committed 35496K, reserved 1079296K
  class space    used 4837K, capacity 5096K, committed 5120K, reserved 1048576K
}
Event: 8.531 GC heap before
{Heap before GC invocations=12 (full 2):
 PSYoungGen      total 61440K, used 51200K [0x00000000e0000000, 0x00000000e5880000, 0x0000000100000000)
  eden space 51200K, 100% used [0x00000000e0000000,0x00000000e3200000,0x00000000e3200000)
  from space 10240K, 0% used [0x00000000e3200000,0x00000000e3200000,0x00000000e3c00000)
  to   space 9728K, 0% used [0x00000000e4f00000,0x00000000e4f00000,0x00000000e5880000)
 ParOldGen       total 57344K, used 14796K [0x00000000a0000000, 0x00000000a3800000, 0x00000000e0000000)
  object space 57344K, 25% used [0x00000000a0000000,0x00000000a0e73258,0x00000000a3800000)
 Metaspace       used 36478K, capacity 37904K, committed 38016K, reserved 1081344K
  class space    used 5120K, capacity 5411K, committed 5504K, reserved 1048576K
Event: 8.538 GC heap after
Heap after GC invocations=12 (full 2):
 PSYoungGen      total 67072K, used 3981K [0x00000000e0000000, 0x00000000e5300000, 0x0000000100000000)
  eden space 62976K, 0% used [0x00000000e0000000,0x00000000e0000000,0x00000000e3d80000)
  from space 4096K, 97% used [0x00000000e4f00000,0x00000000e52e3428,0x00000000e5300000)
  to   space 9728K, 0% used [0x00000000e4000000,0x00000000e4000000,0x00000000e4980000)
 ParOldGen       total 57344K, used 14804K [0x00000000a0000000, 0x00000000a3800000, 0x00000000e0000000)
  object space 57344K, 25% used [0x00000000a0000000,0x00000000a0e75258,0x00000000a3800000)
 Metaspace       used 36478K, capacity 37904K, committed 38016K, reserved 1081344K
  class space    used 5120K, capacity 5411K, committed 5504K, reserved 1048576K
}
Event: 10.427 GC heap before
{Heap before GC invocations=13 (full 2):
 PSYoungGen      total 67072K, used 66957K [0x00000000e0000000, 0x00000000e5300000, 0x0000000100000000)
  eden space 62976K, 100% used [0x00000000e0000000,0x00000000e3d80000,0x00000000e3d80000)
  from space 4096K, 97% used [0x00000000e4f00000,0x00000000e52e3428,0x00000000e5300000)
  to   space 9728K, 0% used [0x00000000e4000000,0x00000000e4000000,0x00000000e4980000)
 ParOldGen       total 57344K, used 14804K [0x00000000a0000000, 0x00000000a3800000, 0x00000000e0000000)
  object space 57344K, 25% used [0x00000000a0000000,0x00000000a0e75258,0x00000000a3800000)
 Metaspace       used 42482K, capacity 44208K, committed 44544K, reserved 1087488K
  class space    used 5922K, capacity 6285K, committed 6400K, reserved 1048576K
Event: 10.444 GC heap after
Heap after GC invocations=13 (full 2):
 PSYoungGen      total 75264K, used 9726K [0x00000000e0000000, 0x00000000e5f80000, 0x0000000100000000)
  eden space 65536K, 0% used [0x00000000e0000000,0x00000000e0000000,0x00000000e4000000)
  from space 9728K, 99% used [0x00000000e4000000,0x00000000e497f980,0x00000000e4980000)
  to   space 10752K, 0% used [0x00000000e5500000,0x00000000e5500000,0x00000000e5f80000)
 ParOldGen       total 57344K, used 14812K [0x00000000a0000000, 0x00000000a3800000, 0x00000000e0000000)
  object space 57344K, 25% used [0x00000000a0000000,0x00000000a0e77258,0x00000000a3800000)
 Metaspace       used 42482K, capacity 44208K, committed 44544K, reserved 1087488K
  class space    used 5922K, capacity 6285K, committed 6400K, reserved 1048576K
}

