# JRE version: Java(TM) SE Runtime Environment (8.0_281-b09) (build 1.8.0_281-b09)
# Java VM: Java HotSpot(TM) 64-Bit Server VM (25.281-b09 mixed mode windows-amd64 compressed oops)
Heap:
 PSYoungGen      total 280576K, used 86667K [0x00000000e0000000, 0x00000000f2b80000, 0x0000000100000000)
  eden space 258560K, 33% used [0x00000000e0000000,0x00000000e54a2f50,0x00000000efc80000)
  from space 22016K, 0% used [0x00000000f0080000,0x00000000f0080000,0x00000000f1600000)
  to   space 16384K, 0% used [0x00000000f1b80000,0x00000000f1b80000,0x00000000f2b80000)
 ParOldGen       total 203264K, used 101907K [0x00000000a0000000, 0x00000000ac680000, 0x00000000e0000000)
  object space 203264K, 50% used [0x00000000a0000000,0x00000000a6384fa0,0x00000000ac680000)
 Metaspace       used 88216K, capacity 92336K, committed 92416K, reserved 1128448K
  class space    used 12015K, capacity 12778K, committed 12800K, reserved 1048576K
GC Heap History (10 events):
Event: 22.217 GC heap before
{Heap before GC invocations=18 (full 3):
 PSYoungGen      total 274944K, used 274590K [0x00000000e0000000, 0x00000000f2b80000, 0x0000000100000000)
  eden space 258560K, 100% used [0x00000000e0000000,0x00000000efc80000,0x00000000efc80000)
  from space 16384K, 97% used [0x00000000f1b80000,0x00000000f2b27ab8,0x00000000f2b80000)
  to   space 22016K, 0% used [0x00000000f0080000,0x00000000f0080000,0x00000000f1600000)
 ParOldGen       total 78848K, used 28912K [0x00000000a0000000, 0x00000000a4d00000, 0x00000000e0000000)
  object space 78848K, 36% used [0x00000000a0000000,0x00000000a1c3c058,0x00000000a4d00000)
 Metaspace       used 79557K, capacity 83546K, committed 83712K, reserved 1120256K
  class space    used 11225K, capacity 11975K, committed 12032K, reserved 1048576K
Event: 22.574 GC heap after
Heap after GC invocations=18 (full 3):
 PSYoungGen      total 280576K, used 22002K [0x00000000e0000000, 0x00000000f2b80000, 0x0000000100000000)
  eden space 258560K, 0% used [0x00000000e0000000,0x00000000e0000000,0x00000000efc80000)
  from space 22016K, 99% used [0x00000000f0080000,0x00000000f15fc808,0x00000000f1600000)
  to   space 16384K, 0% used [0x00000000f1b80000,0x00000000f1b80000,0x00000000f2b80000)
 ParOldGen       total 78848K, used 78721K [0x00000000a0000000, 0x00000000a4d00000, 0x00000000e0000000)
  object space 78848K, 99% used [0x00000000a0000000,0x00000000a4ce04e0,0x00000000a4d00000)
 Metaspace       used 79557K, capacity 83546K, committed 83712K, reserved 1120256K
  class space    used 11225K, capacity 11975K, committed 12032K, reserved 1048576K
}
Event: 22.574 GC heap before
{Heap before GC invocations=19 (full 4):
 PSYoungGen      total 280576K, used 22002K [0x00000000e0000000, 0x00000000f2b80000, 0x0000000100000000)
  eden space 258560K, 0% used [0x00000000e0000000,0x00000000e0000000,0x00000000efc80000)
  from space 22016K, 99% used [0x00000000f0080000,0x00000000f15fc808,0x00000000f1600000)
  to   space 16384K, 0% used [0x00000000f1b80000,0x00000000f1b80000,0x00000000f2b80000)
 ParOldGen       total 78848K, used 78721K [0x00000000a0000000, 0x00000000a4d00000, 0x00000000e0000000)
  object space 78848K, 99% used [0x00000000a0000000,0x00000000a4ce04e0,0x00000000a4d00000)
 Metaspace       used 79557K, capacity 83546K, committed 83712K, reserved 1120256K
  class space    used 11225K, capacity 11975K, committed 12032K, reserved 1048576K
Event: 23.683 GC heap after
Heap after GC invocations=19 (full 4):
 PSYoungGen      total 280576K, used 20337K [0x00000000e0000000, 0x00000000f2b80000, 0x0000000100000000)
  eden space 258560K, 0% used [0x00000000e0000000,0x00000000e0000000,0x00000000efc80000)
  from space 22016K, 92% used [0x00000000f0080000,0x00000000f145c5b8,0x00000000f1600000)
  to   space 16384K, 0% used [0x00000000f1b80000,0x00000000f1b80000,0x00000000f2b80000)
 ParOldGen       total 156672K, used 78721K [0x00000000a0000000, 0x00000000a9900000, 0x00000000e0000000)
  object space 156672K, 50% used [0x00000000a0000000,0x00000000a4ce04f0,0x00000000a9900000)
 Metaspace       used 79538K, capacity 83492K, committed 83712K, reserved 1120256K
  class space    used 11218K, capacity 11964K, committed 12032K, reserved 1048576K
}
Event: 150.866 GC heap before
{Heap before GC invocations=20 (full 4):
 PSYoungGen      total 280576K, used 278897K [0x00000000e0000000, 0x00000000f2b80000, 0x0000000100000000)
  eden space 258560K, 100% used [0x00000000e0000000,0x00000000efc80000,0x00000000efc80000)
  from space 22016K, 92% used [0x00000000f0080000,0x00000000f145c5b8,0x00000000f1600000)
  to   space 16384K, 0% used [0x00000000f1b80000,0x00000000f1b80000,0x00000000f2b80000)
 ParOldGen       total 156672K, used 78721K [0x00000000a0000000, 0x00000000a9900000, 0x00000000e0000000)
  object space 156672K, 50% used [0x00000000a0000000,0x00000000a4ce04f0,0x00000000a9900000)
 Metaspace       used 87233K, capacity 91342K, committed 91392K, reserved 1128448K
  class space    used 11967K, capacity 12765K, committed 12800K, reserved 1048576K
Event: 151.106 GC heap after
Heap after GC invocations=20 (full 4):
 PSYoungGen      total 274944K, used 16381K [0x00000000e0000000, 0x00000000f2b80000, 0x0000000100000000)
  eden space 258560K, 0% used [0x00000000e0000000,0x00000000e0000000,0x00000000efc80000)
  from space 16384K, 99% used [0x00000000f1b80000,0x00000000f2b7f508,0x00000000f2b80000)
  to   space 22016K, 0% used [0x00000000f0080000,0x00000000f0080000,0x00000000f1600000)
 ParOldGen       total 156672K, used 97294K [0x00000000a0000000, 0x00000000a9900000, 0x00000000e0000000)
  object space 156672K, 62% used [0x00000000a0000000,0x00000000a5f03980,0x00000000a9900000)
 Metaspace       used 87233K, capacity 91342K, committed 91392K, reserved 1128448K
  class space    used 11967K, capacity 12765K, committed 12800K, reserved 1048576K
}
Event: 156.775 GC heap before
{Heap before GC invocations=21 (full 4):
 PSYoungGen      total 274944K, used 274941K [0x00000000e0000000, 0x00000000f2b80000, 0x0000000100000000)
  eden space 258560K, 100% used [0x00000000e0000000,0x00000000efc80000,0x00000000efc80000)
  from space 16384K, 99% used [0x00000000f1b80000,0x00000000f2b7f508,0x00000000f2b80000)
  to   space 22016K, 0% used [0x00000000f0080000,0x00000000f0080000,0x00000000f1600000)
 ParOldGen       total 156672K, used 97294K [0x00000000a0000000, 0x00000000a9900000, 0x00000000e0000000)
  object space 156672K, 62% used [0x00000000a0000000,0x00000000a5f03980,0x00000000a9900000)
 Metaspace       used 88187K, capacity 92324K, committed 92416K, reserved 1128448K
  class space    used 12014K, capacity 12776K, committed 12800K, reserved 1048576K
Event: 156.908 GC heap after
Heap after GC invocations=21 (full 4):
 PSYoungGen      total 280576K, used 22012K [0x00000000e0000000, 0x00000000f2b80000, 0x0000000100000000)
  eden space 258560K, 0% used [0x00000000e0000000,0x00000000e0000000,0x00000000efc80000)
  from space 22016K, 99% used [0x00000000f0080000,0x00000000f15ff3f8,0x00000000f1600000)
  to   space 16384K, 0% used [0x00000000f1b80000,0x00000000f1b80000,0x00000000f2b80000)
 ParOldGen       total 156672K, used 139489K [0x00000000a0000000, 0x00000000a9900000, 0x00000000e0000000)
  object space 156672K, 89% used [0x00000000a0000000,0x00000000a8838638,0x00000000a9900000)
 Metaspace       used 88187K, capacity 92324K, committed 92416K, reserved 1128448K
  class space    used 12014K, capacity 12776K, committed 12800K, reserved 1048576K
}
Event: 156.908 GC heap before
{Heap before GC invocations=22 (full 5):
 PSYoungGen      total 280576K, used 22012K [0x00000000e0000000, 0x00000000f2b80000, 0x0000000100000000)
  eden space 258560K, 0% used [0x00000000e0000000,0x00000000e0000000,0x00000000efc80000)
  from space 22016K, 99% used [0x00000000f0080000,0x00000000f15ff3f8,0x00000000f1600000)
  to   space 16384K, 0% used [0x00000000f1b80000,0x00000000f1b80000,0x00000000f2b80000)
 ParOldGen       total 156672K, used 139489K [0x00000000a0000000, 0x00000000a9900000, 0x00000000e0000000)
  object space 156672K, 89% used [0x00000000a0000000,0x00000000a8838638,0x00000000a9900000)
 Metaspace       used 88187K, capacity 92324K, committed 92416K, reserved 1128448K
  class space    used 12014K, capacity 12776K, committed 12800K, reserved 1048576K
Event: 157.661 GC heap after
Heap after GC invocations=22 (full 5):
 PSYoungGen      total 280576K, used 0K [0x00000000e0000000, 0x00000000f2b80000, 0x0000000100000000)
  eden space 258560K, 0% used [0x00000000e0000000,0x00000000e0000000,0x00000000efc80000)
  from space 22016K, 0% used [0x00000000f0080000,0x00000000f0080000,0x00000000f1600000)
  to   space 16384K, 0% used [0x00000000f1b80000,0x00000000f1b80000,0x00000000f2b80000)
 ParOldGen       total 203264K, used 101907K [0x00000000a0000000, 0x00000000ac680000, 0x00000000e0000000)
  object space 203264K, 50% used [0x00000000a0000000,0x00000000a6384fa0,0x00000000ac680000)
 Metaspace       used 88187K, capacity 92324K, committed 92416K, reserved 1128448K
  class space    used 12014K, capacity 12776K, committed 12800K, reserved 1048576K
}

