# JRE version: Java(TM) SE Runtime Environment (8.0_281-b09) (build 1.8.0_281-b09)
# Java VM: Java HotSpot(TM) 64-Bit Server VM (25.281-b09 mixed mode windows-amd64 compressed oops)
Heap:
 PSYoungGen      total 69632K, used 46570K [0x00000000e0000000, 0x00000000e5280000, 0x0000000100000000)
  eden space 62976K, 64% used [0x00000000e0000000,0x00000000e27dae68,0x00000000e3d80000)
  from space 6656K, 86% used [0x00000000e4c00000,0x00000000e519fa90,0x00000000e5280000)
  to   space 10752K, 0% used [0x00000000e3d80000,0x00000000e3d80000,0x00000000e4800000)
 ParOldGen       total 59392K, used 17486K [0x00000000a0000000, 0x00000000a3a00000, 0x00000000e0000000)
  object space 59392K, 29% used [0x00000000a0000000,0x00000000a1113b00,0x00000000a3a00000)
 Metaspace       used 40620K, capacity 41614K, committed 41856K, reserved 1085440K
  class space    used 5650K, capacity 5963K, committed 6016K, reserved 1048576K
GC Heap History (10 events):
Event: 12.645 GC heap before
{Heap before GC invocations=10 (full 1):
 PSYoungGen      total 45568K, used 45464K [0x00000000e0000000, 0x00000000e4280000, 0x0000000100000000)
  eden space 42496K, 100% used [0x00000000e0000000,0x00000000e2980000,0x00000000e2980000)
  from space 3072K, 96% used [0x00000000e3f80000,0x00000000e4266278,0x00000000e4280000)
  to   space 6656K, 0% used [0x00000000e3580000,0x00000000e3580000,0x00000000e3c00000)
 ParOldGen       total 34304K, used 8665K [0x00000000a0000000, 0x00000000a2180000, 0x00000000e0000000)
  object space 34304K, 25% used [0x00000000a0000000,0x00000000a08765f8,0x00000000a2180000)
 Metaspace       used 26666K, capacity 27294K, committed 27392K, reserved 1073152K
  class space    used 3608K, capacity 3801K, committed 3840K, reserved 1048576K
Event: 12.657 GC heap after
Heap after GC invocations=10 (full 1):
 PSYoungGen      total 59392K, used 5878K [0x00000000e0000000, 0x00000000e4200000, 0x0000000100000000)
  eden space 53248K, 0% used [0x00000000e0000000,0x00000000e0000000,0x00000000e3400000)
  from space 6144K, 95% used [0x00000000e3580000,0x00000000e3b3d998,0x00000000e3b80000)
  to   space 6656K, 0% used [0x00000000e3b80000,0x00000000e3b80000,0x00000000e4200000)
 ParOldGen       total 34304K, used 8673K [0x00000000a0000000, 0x00000000a2180000, 0x00000000e0000000)
  object space 34304K, 25% used [0x00000000a0000000,0x00000000a08785f8,0x00000000a2180000)
 Metaspace       used 26666K, capacity 27294K, committed 27392K, reserved 1073152K
  class space    used 3608K, capacity 3801K, committed 3840K, reserved 1048576K
}
Event: 14.988 GC heap before
{Heap before GC invocations=11 (full 1):
 PSYoungGen      total 59392K, used 59126K [0x00000000e0000000, 0x00000000e4200000, 0x0000000100000000)
  eden space 53248K, 100% used [0x00000000e0000000,0x00000000e3400000,0x00000000e3400000)
  from space 6144K, 95% used [0x00000000e3580000,0x00000000e3b3d998,0x00000000e3b80000)
  to   space 6656K, 0% used [0x00000000e3b80000,0x00000000e3b80000,0x00000000e4200000)
 ParOldGen       total 34304K, used 8673K [0x00000000a0000000, 0x00000000a2180000, 0x00000000e0000000)
  object space 34304K, 25% used [0x00000000a0000000,0x00000000a08785f8,0x00000000a2180000)
 Metaspace       used 30158K, capacity 30836K, committed 31104K, reserved 1075200K
  class space    used 4214K, capacity 4450K, committed 4480K, reserved 1048576K
Event: 15.007 GC heap after
Heap after GC invocations=11 (full 1):
 PSYoungGen      total 58368K, used 6644K [0x00000000e0000000, 0x00000000e5300000, 0x0000000100000000)
  eden space 51712K, 0% used [0x00000000e0000000,0x00000000e0000000,0x00000000e3280000)
  from space 6656K, 99% used [0x00000000e3b80000,0x00000000e41fd020,0x00000000e4200000)
  to   space 9216K, 0% used [0x00000000e3280000,0x00000000e3280000,0x00000000e3b80000)
 ParOldGen       total 34304K, used 12108K [0x00000000a0000000, 0x00000000a2180000, 0x00000000e0000000)
  object space 34304K, 35% used [0x00000000a0000000,0x00000000a0bd3028,0x00000000a2180000)
 Metaspace       used 30158K, capacity 30836K, committed 31104K, reserved 1075200K
  class space    used 4214K, capacity 4450K, committed 4480K, reserved 1048576K
}
Event: 16.617 GC heap before
{Heap before GC invocations=12 (full 1):
 PSYoungGen      total 58368K, used 43013K [0x00000000e0000000, 0x00000000e5300000, 0x0000000100000000)
  eden space 51712K, 70% used [0x00000000e0000000,0x00000000e2384650,0x00000000e3280000)
  from space 6656K, 99% used [0x00000000e3b80000,0x00000000e41fd020,0x00000000e4200000)
  to   space 9216K, 0% used [0x00000000e3280000,0x00000000e3280000,0x00000000e3b80000)
 ParOldGen       total 34304K, used 12108K [0x00000000a0000000, 0x00000000a2180000, 0x00000000e0000000)
  object space 34304K, 35% used [0x00000000a0000000,0x00000000a0bd3028,0x00000000a2180000)
 Metaspace       used 34521K, capacity 35290K, committed 35416K, reserved 1079296K
  class space    used 4766K, capacity 5042K, committed 5120K, reserved 1048576K
Event: 16.649 GC heap after
Heap after GC invocations=12 (full 1):
 PSYoungGen      total 60928K, used 9194K [0x00000000e0000000, 0x00000000e5700000, 0x0000000100000000)
  eden space 51712K, 0% used [0x00000000e0000000,0x00000000e0000000,0x00000000e3280000)
  from space 9216K, 99% used [0x00000000e3280000,0x00000000e3b7aac0,0x00000000e3b80000)
  to   space 11264K, 0% used [0x00000000e4c00000,0x00000000e4c00000,0x00000000e5700000)
 ParOldGen       total 34304K, used 14169K [0x00000000a0000000, 0x00000000a2180000, 0x00000000e0000000)
  object space 34304K, 41% used [0x00000000a0000000,0x00000000a0dd66b0,0x00000000a2180000)
 Metaspace       used 34521K, capacity 35290K, committed 35416K, reserved 1079296K
  class space    used 4766K, capacity 5042K, committed 5120K, reserved 1048576K
}
Event: 16.649 GC heap before
{Heap before GC invocations=13 (full 2):
 PSYoungGen      total 60928K, used 9194K [0x00000000e0000000, 0x00000000e5700000, 0x0000000100000000)
  eden space 51712K, 0% used [0x00000000e0000000,0x00000000e0000000,0x00000000e3280000)
  from space 9216K, 99% used [0x00000000e3280000,0x00000000e3b7aac0,0x00000000e3b80000)
  to   space 11264K, 0% used [0x00000000e4c00000,0x00000000e4c00000,0x00000000e5700000)
 ParOldGen       total 34304K, used 14169K [0x00000000a0000000, 0x00000000a2180000, 0x00000000e0000000)
  object space 34304K, 41% used [0x00000000a0000000,0x00000000a0dd66b0,0x00000000a2180000)
 Metaspace       used 34521K, capacity 35290K, committed 35416K, reserved 1079296K
  class space    used 4766K, capacity 5042K, committed 5120K, reserved 1048576K
Event: 16.862 GC heap after
Heap after GC invocations=13 (full 2):
 PSYoungGen      total 60928K, used 0K [0x00000000e0000000, 0x00000000e5700000, 0x0000000100000000)
  eden space 51712K, 0% used [0x00000000e0000000,0x00000000e0000000,0x00000000e3280000)
  from space 9216K, 0% used [0x00000000e3280000,0x00000000e3280000,0x00000000e3b80000)
  to   space 11264K, 0% used [0x00000000e4c00000,0x00000000e4c00000,0x00000000e5700000)
 ParOldGen       total 59392K, used 17478K [0x00000000a0000000, 0x00000000a3a00000, 0x00000000e0000000)
  object space 59392K, 29% used [0x00000000a0000000,0x00000000a1111b00,0x00000000a3a00000)
 Metaspace       used 34521K, capacity 35290K, committed 35416K, reserved 1079296K
  class space    used 4766K, capacity 5042K, committed 5120K, reserved 1048576K
}
Event: 19.053 GC heap before
{Heap before GC invocations=14 (full 2):
 PSYoungGen      total 60928K, used 51712K [0x00000000e0000000, 0x00000000e5700000, 0x0000000100000000)
  eden space 51712K, 100% used [0x00000000e0000000,0x00000000e3280000,0x00000000e3280000)
  from space 9216K, 0% used [0x00000000e3280000,0x00000000e3280000,0x00000000e3b80000)
  to   space 11264K, 0% used [0x00000000e4c00000,0x00000000e4c00000,0x00000000e5700000)
 ParOldGen       total 59392K, used 17478K [0x00000000a0000000, 0x00000000a3a00000, 0x00000000e0000000)
  object space 59392K, 29% used [0x00000000a0000000,0x00000000a1111b00,0x00000000a3a00000)
 Metaspace       used 37296K, capacity 38120K, committed 38528K, reserved 1083392K
  class space    used 5102K, capacity 5377K, committed 5504K, reserved 1048576K
Event: 19.076 GC heap after
Heap after GC invocations=14 (full 2):
 PSYoungGen      total 69632K, used 5758K [0x00000000e0000000, 0x00000000e5280000, 0x0000000100000000)
  eden space 62976K, 0% used [0x00000000e0000000,0x00000000e0000000,0x00000000e3d80000)
  from space 6656K, 86% used [0x00000000e4c00000,0x00000000e519fa90,0x00000000e5280000)
  to   space 10752K, 0% used [0x00000000e3d80000,0x00000000e3d80000,0x00000000e4800000)
 ParOldGen       total 59392K, used 17486K [0x00000000a0000000, 0x00000000a3a00000, 0x00000000e0000000)
  object space 59392K, 29% used [0x00000000a0000000,0x00000000a1113b00,0x00000000a3a00000)
 Metaspace       used 37296K, capacity 38120K, committed 38528K, reserved 1083392K
  class space    used 5102K, capacity 5377K, committed 5504K, reserved 1048576K
}

