# JRE version: Java(TM) SE Runtime Environment (8.0_281-b09) (build 1.8.0_281-b09)
# Java VM: Java HotSpot(TM) 64-Bit Server VM (25.281-b09 mixed mode windows-amd64 compressed oops)
Heap:
 PSYoungGen      total 200192K, used 123129K [0x00000000e0000000, 0x00000000f0980000, 0x0000000100000000)
  eden space 157696K, 62% used [0x00000000e0000000,0x00000000e5fd1ae8,0x00000000e9a00000)
  from space 42496K, 58% used [0x00000000e9a00000,0x00000000eb26ca40,0x00000000ec380000)
  to   space 43520K, 0% used [0x00000000edf00000,0x00000000edf00000,0x00000000f0980000)
 ParOldGen       total 96256K, used 59192K [0x00000000a0000000, 0x00000000a5e00000, 0x00000000e0000000)
  object space 96256K, 61% used [0x00000000a0000000,0x00000000a39ce1d8,0x00000000a5e00000)
 Metaspace       used 88125K, capacity 92180K, committed 92416K, reserved 1128448K
  class space    used 12009K, capacity 12770K, committed 12800K, reserved 1048576K
GC Heap History (10 events):
Event: 32.075 GC heap before
{Heap before GC invocations=22 (full 3):
 PSYoungGen      total 160768K, used 160746K [0x00000000e0000000, 0x00000000eb900000, 0x0000000100000000)
  eden space 141312K, 100% used [0x00000000e0000000,0x00000000e8a00000,0x00000000e8a00000)
  from space 19456K, 99% used [0x00000000ea080000,0x00000000eb37a870,0x00000000eb380000)
  to   space 23040K, 0% used [0x00000000e8a00000,0x00000000e8a00000,0x00000000ea080000)
 ParOldGen       total 96256K, used 30289K [0x00000000a0000000, 0x00000000a5e00000, 0x00000000e0000000)
  object space 96256K, 31% used [0x00000000a0000000,0x00000000a1d944c8,0x00000000a5e00000)
 Metaspace       used 79339K, capacity 83352K, committed 83456K, reserved 1120256K
  class space    used 11228K, capacity 11962K, committed 12032K, reserved 1048576K
Event: 32.296 GC heap after
Heap after GC invocations=22 (full 3):
 PSYoungGen      total 164352K, used 23039K [0x00000000e0000000, 0x00000000ee880000, 0x0000000100000000)
  eden space 141312K, 0% used [0x00000000e0000000,0x00000000e0000000,0x00000000e8a00000)
  from space 23040K, 99% used [0x00000000e8a00000,0x00000000ea07fe08,0x00000000ea080000)
  to   space 37888K, 0% used [0x00000000ec380000,0x00000000ec380000,0x00000000ee880000)
 ParOldGen       total 96256K, used 60898K [0x00000000a0000000, 0x00000000a5e00000, 0x00000000e0000000)
  object space 96256K, 63% used [0x00000000a0000000,0x00000000a3b78bb8,0x00000000a5e00000)
 Metaspace       used 79339K, capacity 83352K, committed 83456K, reserved 1120256K
  class space    used 11228K, capacity 11962K, committed 12032K, reserved 1048576K
}
Event: 35.680 GC heap before
{Heap before GC invocations=23 (full 3):
 PSYoungGen      total 164352K, used 164351K [0x00000000e0000000, 0x00000000ee880000, 0x0000000100000000)
  eden space 141312K, 100% used [0x00000000e0000000,0x00000000e8a00000,0x00000000e8a00000)
  from space 23040K, 99% used [0x00000000e8a00000,0x00000000ea07fe08,0x00000000ea080000)
  to   space 37888K, 0% used [0x00000000ec380000,0x00000000ec380000,0x00000000ee880000)
 ParOldGen       total 96256K, used 60898K [0x00000000a0000000, 0x00000000a5e00000, 0x00000000e0000000)
  object space 96256K, 63% used [0x00000000a0000000,0x00000000a3b78bb8,0x00000000a5e00000)
 Metaspace       used 79913K, capacity 83934K, committed 84224K, reserved 1122304K
  class space    used 11237K, capacity 11969K, committed 12032K, reserved 1048576K
Event: 35.943 GC heap after
Heap after GC invocations=23 (full 3):
 PSYoungGen      total 195584K, used 32053K [0x00000000e0000000, 0x00000000ef700000, 0x0000000100000000)
  eden space 157696K, 0% used [0x00000000e0000000,0x00000000e0000000,0x00000000e9a00000)
  from space 37888K, 84% used [0x00000000ec380000,0x00000000ee2cd770,0x00000000ee880000)
  to   space 42496K, 0% used [0x00000000e9a00000,0x00000000e9a00000,0x00000000ec380000)
 ParOldGen       total 96256K, used 83583K [0x00000000a0000000, 0x00000000a5e00000, 0x00000000e0000000)
  object space 96256K, 86% used [0x00000000a0000000,0x00000000a519fdc0,0x00000000a5e00000)
 Metaspace       used 79913K, capacity 83934K, committed 84224K, reserved 1122304K
  class space    used 11237K, capacity 11969K, committed 12032K, reserved 1048576K
}
Event: 35.943 GC heap before
{Heap before GC invocations=24 (full 4):
 PSYoungGen      total 195584K, used 32053K [0x00000000e0000000, 0x00000000ef700000, 0x0000000100000000)
  eden space 157696K, 0% used [0x00000000e0000000,0x00000000e0000000,0x00000000e9a00000)
  from space 37888K, 84% used [0x00000000ec380000,0x00000000ee2cd770,0x00000000ee880000)
  to   space 42496K, 0% used [0x00000000e9a00000,0x00000000e9a00000,0x00000000ec380000)
 ParOldGen       total 96256K, used 83583K [0x00000000a0000000, 0x00000000a5e00000, 0x00000000e0000000)
  object space 96256K, 86% used [0x00000000a0000000,0x00000000a519fdc0,0x00000000a5e00000)
 Metaspace       used 79913K, capacity 83934K, committed 84224K, reserved 1122304K
  class space    used 11237K, capacity 11969K, committed 12032K, reserved 1048576K
Event: 37.335 GC heap after
Heap after GC invocations=24 (full 4):
 PSYoungGen      total 195584K, used 3149K [0x00000000e0000000, 0x00000000ef700000, 0x0000000100000000)
  eden space 157696K, 0% used [0x00000000e0000000,0x00000000e0000000,0x00000000e9a00000)
  from space 37888K, 8% used [0x00000000ec380000,0x00000000ec693610,0x00000000ee880000)
  to   space 42496K, 0% used [0x00000000e9a00000,0x00000000e9a00000,0x00000000ec380000)
 ParOldGen       total 96256K, used 95990K [0x00000000a0000000, 0x00000000a5e00000, 0x00000000e0000000)
  object space 96256K, 99% used [0x00000000a0000000,0x00000000a5dbdaa8,0x00000000a5e00000)
 Metaspace       used 79903K, capacity 83902K, committed 84224K, reserved 1122304K
  class space    used 11233K, capacity 11963K, committed 12032K, reserved 1048576K
}
Event: 568.133 GC heap before
{Heap before GC invocations=25 (full 5):
 PSYoungGen      total 195584K, used 160845K [0x00000000e0000000, 0x00000000ef700000, 0x0000000100000000)
  eden space 157696K, 100% used [0x00000000e0000000,0x00000000e9a00000,0x00000000e9a00000)
  from space 37888K, 8% used [0x00000000ec380000,0x00000000ec693610,0x00000000ee880000)
  to   space 42496K, 0% used [0x00000000e9a00000,0x00000000e9a00000,0x00000000ec380000)
 ParOldGen       total 96256K, used 95990K [0x00000000a0000000, 0x00000000a5e00000, 0x00000000e0000000)
  object space 96256K, 99% used [0x00000000a0000000,0x00000000a5dbdaa8,0x00000000a5e00000)
 Metaspace       used 87312K, capacity 91438K, committed 91648K, reserved 1128448K
  class space    used 11976K, capacity 12757K, committed 12800K, reserved 1048576K
Event: 568.777 GC heap after
Heap after GC invocations=25 (full 5):
 PSYoungGen      total 195584K, used 0K [0x00000000e0000000, 0x00000000ef700000, 0x0000000100000000)
  eden space 157696K, 0% used [0x00000000e0000000,0x00000000e0000000,0x00000000e9a00000)
  from space 37888K, 0% used [0x00000000ec380000,0x00000000ec380000,0x00000000ee880000)
  to   space 42496K, 0% used [0x00000000e9a00000,0x00000000e9a00000,0x00000000ec380000)
 ParOldGen       total 96256K, used 59184K [0x00000000a0000000, 0x00000000a5e00000, 0x00000000e0000000)
  object space 96256K, 61% used [0x00000000a0000000,0x00000000a39cc1d8,0x00000000a5e00000)
 Metaspace       used 87312K, capacity 91438K, committed 91648K, reserved 1128448K
  class space    used 11976K, capacity 12757K, committed 12800K, reserved 1048576K
}
Event: 573.265 GC heap before
{Heap before GC invocations=26 (full 5):
 PSYoungGen      total 195584K, used 157696K [0x00000000e0000000, 0x00000000ef700000, 0x0000000100000000)
  eden space 157696K, 100% used [0x00000000e0000000,0x00000000e9a00000,0x00000000e9a00000)
  from space 37888K, 0% used [0x00000000ec380000,0x00000000ec380000,0x00000000ee880000)
  to   space 42496K, 0% used [0x00000000e9a00000,0x00000000e9a00000,0x00000000ec380000)
 ParOldGen       total 96256K, used 59184K [0x00000000a0000000, 0x00000000a5e00000, 0x00000000e0000000)
  object space 96256K, 61% used [0x00000000a0000000,0x00000000a39cc1d8,0x00000000a5e00000)
 Metaspace       used 88112K, capacity 92180K, committed 92416K, reserved 1128448K
  class space    used 12009K, capacity 12770K, committed 12800K, reserved 1048576K
Event: 573.353 GC heap after
Heap after GC invocations=26 (full 5):
 PSYoungGen      total 200192K, used 25010K [0x00000000e0000000, 0x00000000f0980000, 0x0000000100000000)
  eden space 157696K, 0% used [0x00000000e0000000,0x00000000e0000000,0x00000000e9a00000)
  from space 42496K, 58% used [0x00000000e9a00000,0x00000000eb26ca40,0x00000000ec380000)
  to   space 43520K, 0% used [0x00000000edf00000,0x00000000edf00000,0x00000000f0980000)
 ParOldGen       total 96256K, used 59192K [0x00000000a0000000, 0x00000000a5e00000, 0x00000000e0000000)
  object space 96256K, 61% used [0x00000000a0000000,0x00000000a39ce1d8,0x00000000a5e00000)
 Metaspace       used 88112K, capacity 92180K, committed 92416K, reserved 1128448K
  class space    used 12009K, capacity 12770K, committed 12800K, reserved 1048576K
}

