# JRE version: Java(TM) SE Runtime Environment (8.0_281-b09) (build 1.8.0_281-b09)
# Java VM: Java HotSpot(TM) 64-Bit Server VM (25.281-b09 mixed mode windows-amd64 compressed oops)
Heap:
 PSYoungGen      total 262144K, used 223216K [0x00000000e0000000, 0x00000000f7b80000, 0x0000000100000000)
  eden space 239104K, 83% used [0x00000000e0000000,0x00000000ec37f528,0x00000000ee980000)
  from space 23040K, 99% used [0x00000000f1d00000,0x00000000f337cc98,0x00000000f3380000)
  to   space 52736K, 0% used [0x00000000ee980000,0x00000000ee980000,0x00000000f1d00000)
 ParOldGen       total 160768K, used 120121K [0x00000000a0000000, 0x00000000a9d00000, 0x00000000e0000000)
  object space 160768K, 74% used [0x00000000a0000000,0x00000000a754e6c0,0x00000000a9d00000)
 Metaspace       used 88104K, capacity 92532K, committed 92800K, reserved 1128448K
  class space    used 12044K, capacity 12894K, committed 12928K, reserved 1048576K
GC Heap History (10 events):
Event: 28.736 GC heap before
{Heap before GC invocations=16 (full 3):
 PSYoungGen      total 236544K, used 221696K [0x00000000e0000000, 0x00000000f0380000, 0x0000000100000000)
  eden space 221696K, 100% used [0x00000000e0000000,0x00000000ed880000,0x00000000ed880000)
  from space 14848K, 0% used [0x00000000eec80000,0x00000000eec80000,0x00000000efb00000)
  to   space 20480K, 0% used [0x00000000ed880000,0x00000000ed880000,0x00000000eec80000)
 ParOldGen       total 79872K, used 36280K [0x00000000a0000000, 0x00000000a4e00000, 0x00000000e0000000)
  object space 79872K, 45% used [0x00000000a0000000,0x00000000a236e0d0,0x00000000a4e00000)
 Metaspace       used 64586K, capacity 67552K, committed 67840K, reserved 1107968K
  class space    used 9058K, capacity 9645K, committed 9728K, reserved 1048576K
Event: 28.776 GC heap after
Heap after GC invocations=16 (full 3):
 PSYoungGen      total 242176K, used 18301K [0x00000000e0000000, 0x00000000f3380000, 0x0000000100000000)
  eden space 221696K, 0% used [0x00000000e0000000,0x00000000e0000000,0x00000000ed880000)
  from space 20480K, 89% used [0x00000000ed880000,0x00000000eea5f460,0x00000000eec80000)
  to   space 23040K, 0% used [0x00000000f1d00000,0x00000000f1d00000,0x00000000f3380000)
 ParOldGen       total 79872K, used 36288K [0x00000000a0000000, 0x00000000a4e00000, 0x00000000e0000000)
  object space 79872K, 45% used [0x00000000a0000000,0x00000000a23700d0,0x00000000a4e00000)
 Metaspace       used 64586K, capacity 67552K, committed 67840K, reserved 1107968K
  class space    used 9058K, capacity 9645K, committed 9728K, reserved 1048576K
}
Event: 32.539 GC heap before
{Heap before GC invocations=17 (full 3):
 PSYoungGen      total 242176K, used 239997K [0x00000000e0000000, 0x00000000f3380000, 0x0000000100000000)
  eden space 221696K, 100% used [0x00000000e0000000,0x00000000ed880000,0x00000000ed880000)
  from space 20480K, 89% used [0x00000000ed880000,0x00000000eea5f460,0x00000000eec80000)
  to   space 23040K, 0% used [0x00000000f1d00000,0x00000000f1d00000,0x00000000f3380000)
 ParOldGen       total 79872K, used 36288K [0x00000000a0000000, 0x00000000a4e00000, 0x00000000e0000000)
  object space 79872K, 45% used [0x00000000a0000000,0x00000000a23700d0,0x00000000a4e00000)
 Metaspace       used 71076K, capacity 74490K, committed 74880K, reserved 1114112K
  class space    used 10077K, capacity 10766K, committed 10880K, reserved 1048576K
Event: 32.702 GC heap after
Heap after GC invocations=17 (full 3):
 PSYoungGen      total 269824K, used 23021K [0x00000000e0000000, 0x00000000f6680000, 0x0000000100000000)
  eden space 246784K, 0% used [0x00000000e0000000,0x00000000e0000000,0x00000000ef100000)
  from space 23040K, 99% used [0x00000000f1d00000,0x00000000f337b730,0x00000000f3380000)
  to   space 45056K, 0% used [0x00000000ef100000,0x00000000ef100000,0x00000000f1d00000)
 ParOldGen       total 86016K, used 85648K [0x00000000a0000000, 0x00000000a5400000, 0x00000000e0000000)
  object space 86016K, 99% used [0x00000000a0000000,0x00000000a53a43a0,0x00000000a5400000)
 Metaspace       used 71076K, capacity 74490K, committed 74880K, reserved 1114112K
  class space    used 10077K, capacity 10766K, committed 10880K, reserved 1048576K
}
Event: 32.702 GC heap before
{Heap before GC invocations=18 (full 4):
 PSYoungGen      total 269824K, used 23021K [0x00000000e0000000, 0x00000000f6680000, 0x0000000100000000)
  eden space 246784K, 0% used [0x00000000e0000000,0x00000000e0000000,0x00000000ef100000)
  from space 23040K, 99% used [0x00000000f1d00000,0x00000000f337b730,0x00000000f3380000)
  to   space 45056K, 0% used [0x00000000ef100000,0x00000000ef100000,0x00000000f1d00000)
 ParOldGen       total 86016K, used 85648K [0x00000000a0000000, 0x00000000a5400000, 0x00000000e0000000)
  object space 86016K, 99% used [0x00000000a0000000,0x00000000a53a43a0,0x00000000a5400000)
 Metaspace       used 71076K, capacity 74490K, committed 74880K, reserved 1114112K
  class space    used 10077K, capacity 10766K, committed 10880K, reserved 1048576K
Event: 33.531 GC heap after
Heap after GC invocations=18 (full 4):
 PSYoungGen      total 269824K, used 14093K [0x00000000e0000000, 0x00000000f6680000, 0x0000000100000000)
  eden space 246784K, 0% used [0x00000000e0000000,0x00000000e0000000,0x00000000ef100000)
  from space 23040K, 61% used [0x00000000f1d00000,0x00000000f2ac3448,0x00000000f3380000)
  to   space 45056K, 0% used [0x00000000ef100000,0x00000000ef100000,0x00000000f1d00000)
 ParOldGen       total 160768K, used 85900K [0x00000000a0000000, 0x00000000a9d00000, 0x00000000e0000000)
  object space 160768K, 53% used [0x00000000a0000000,0x00000000a53e3288,0x00000000a9d00000)
 Metaspace       used 71076K, capacity 74490K, committed 74880K, reserved 1114112K
  class space    used 10077K, capacity 10766K, committed 10880K, reserved 1048576K
}
Event: 115.102 GC heap before
{Heap before GC invocations=19 (full 4):
 PSYoungGen      total 269824K, used 260877K [0x00000000e0000000, 0x00000000f6680000, 0x0000000100000000)
  eden space 246784K, 100% used [0x00000000e0000000,0x00000000ef100000,0x00000000ef100000)
  from space 23040K, 61% used [0x00000000f1d00000,0x00000000f2ac3448,0x00000000f3380000)
  to   space 45056K, 0% used [0x00000000ef100000,0x00000000ef100000,0x00000000f1d00000)
 ParOldGen       total 160768K, used 85900K [0x00000000a0000000, 0x00000000a9d00000, 0x00000000e0000000)
  object space 160768K, 53% used [0x00000000a0000000,0x00000000a53e3288,0x00000000a9d00000)
 Metaspace       used 83276K, capacity 87264K, committed 87552K, reserved 1124352K
  class space    used 11481K, capacity 12226K, committed 12288K, reserved 1048576K
Event: 115.218 GC heap after
Heap after GC invocations=19 (full 4):
 PSYoungGen      total 291840K, used 26246K [0x00000000e0000000, 0x00000000f6680000, 0x0000000100000000)
  eden space 246784K, 0% used [0x00000000e0000000,0x00000000e0000000,0x00000000ef100000)
  from space 45056K, 58% used [0x00000000ef100000,0x00000000f0aa1920,0x00000000f1d00000)
  to   space 23040K, 0% used [0x00000000f1d00000,0x00000000f1d00000,0x00000000f3380000)
 ParOldGen       total 160768K, used 99836K [0x00000000a0000000, 0x00000000a9d00000, 0x00000000e0000000)
  object space 160768K, 62% used [0x00000000a0000000,0x00000000a617f020,0x00000000a9d00000)
 Metaspace       used 83276K, capacity 87264K, committed 87552K, reserved 1124352K
  class space    used 11481K, capacity 12226K, committed 12288K, reserved 1048576K
}
Event: 190.886 GC heap before
{Heap before GC invocations=20 (full 4):
 PSYoungGen      total 291840K, used 273030K [0x00000000e0000000, 0x00000000f6680000, 0x0000000100000000)
  eden space 246784K, 100% used [0x00000000e0000000,0x00000000ef100000,0x00000000ef100000)
  from space 45056K, 58% used [0x00000000ef100000,0x00000000f0aa1920,0x00000000f1d00000)
  to   space 23040K, 0% used [0x00000000f1d00000,0x00000000f1d00000,0x00000000f3380000)
 ParOldGen       total 160768K, used 99836K [0x00000000a0000000, 0x00000000a9d00000, 0x00000000e0000000)
  object space 160768K, 62% used [0x00000000a0000000,0x00000000a617f020,0x00000000a9d00000)
 Metaspace       used 87758K, capacity 92156K, committed 92288K, reserved 1128448K
  class space    used 12028K, capacity 12866K, committed 12928K, reserved 1048576K
Event: 191.018 GC heap after
Heap after GC invocations=20 (full 4):
 PSYoungGen      total 262144K, used 23027K [0x00000000e0000000, 0x00000000f7b80000, 0x0000000100000000)
  eden space 239104K, 0% used [0x00000000e0000000,0x00000000e0000000,0x00000000ee980000)
  from space 23040K, 99% used [0x00000000f1d00000,0x00000000f337cc98,0x00000000f3380000)
  to   space 52736K, 0% used [0x00000000ee980000,0x00000000ee980000,0x00000000f1d00000)
 ParOldGen       total 160768K, used 120121K [0x00000000a0000000, 0x00000000a9d00000, 0x00000000e0000000)
  object space 160768K, 74% used [0x00000000a0000000,0x00000000a754e6c0,0x00000000a9d00000)
 Metaspace       used 87758K, capacity 92156K, committed 92288K, reserved 1128448K
  class space    used 12028K, capacity 12866K, committed 12928K, reserved 1048576K
}

