# JRE version: Java(TM) SE Runtime Environment (8.0_281-b09) (build 1.8.0_281-b09)
# Java VM: Java HotSpot(TM) 64-Bit Server VM (25.281-b09 mixed mode windows-amd64 compressed oops)
Heap:
 PSYoungGen      total 64512K, used 36265K [0x00000000e0000000, 0x00000000e4600000, 0x0000000100000000)
  eden space 58368K, 62% used [0x00000000e0000000,0x00000000e236a670,0x00000000e3900000)
  from space 6144K, 0% used [0x00000000e3900000,0x00000000e3900000,0x00000000e3f00000)
  to   space 5120K, 0% used [0x00000000e3f00000,0x00000000e3f00000,0x00000000e4400000)
 ParOldGen       total 34304K, used 10214K [0x00000000a0000000, 0x00000000a2180000, 0x00000000e0000000)
  object space 34304K, 29% used [0x00000000a0000000,0x00000000a09f9958,0x00000000a2180000)
 Metaspace       used 29940K, capacity 30842K, committed 31104K, reserved 1077248K
  class space    used 4147K, capacity 4392K, committed 4480K, reserved 1048576K
GC Heap History (10 events):
Event: 4.140 GC heap before
{Heap before GC invocations=7 (full 0):
 PSYoungGen      total 63488K, used 63468K [0x00000000e0000000, 0x00000000e4600000, 0x0000000100000000)
  eden space 58368K, 100% used [0x00000000e0000000,0x00000000e3900000,0x00000000e3900000)
  from space 5120K, 99% used [0x00000000e3f00000,0x00000000e43fb0a0,0x00000000e4400000)
  to   space 6144K, 0% used [0x00000000e3900000,0x00000000e3900000,0x00000000e3f00000)
 ParOldGen       total 38400K, used 5780K [0x00000000a0000000, 0x00000000a2580000, 0x00000000e0000000)
  object space 38400K, 15% used [0x00000000a0000000,0x00000000a05a53c0,0x00000000a2580000)
 Metaspace       used 19411K, capacity 20060K, committed 20352K, reserved 1067008K
  class space    used 2729K, capacity 2904K, committed 2944K, reserved 1048576K
Event: 4.154 GC heap after
Heap after GC invocations=7 (full 0):
 PSYoungGen      total 64512K, used 6142K [0x00000000e0000000, 0x00000000e4600000, 0x0000000100000000)
  eden space 58368K, 0% used [0x00000000e0000000,0x00000000e0000000,0x00000000e3900000)
  from space 6144K, 99% used [0x00000000e3900000,0x00000000e3eff8e8,0x00000000e3f00000)
  to   space 5120K, 0% used [0x00000000e3f00000,0x00000000e3f00000,0x00000000e4400000)
 ParOldGen       total 38400K, used 8862K [0x00000000a0000000, 0x00000000a2580000, 0x00000000e0000000)
  object space 38400K, 23% used [0x00000000a0000000,0x00000000a08a7920,0x00000000a2580000)
 Metaspace       used 19411K, capacity 20060K, committed 20352K, reserved 1067008K
  class space    used 2729K, capacity 2904K, committed 2944K, reserved 1048576K
}
Event: 4.342 GC heap before
{Heap before GC invocations=8 (full 0):
 PSYoungGen      total 64512K, used 21774K [0x00000000e0000000, 0x00000000e4600000, 0x0000000100000000)
  eden space 58368K, 26% used [0x00000000e0000000,0x00000000e0f44028,0x00000000e3900000)
  from space 6144K, 99% used [0x00000000e3900000,0x00000000e3eff8e8,0x00000000e3f00000)
  to   space 5120K, 0% used [0x00000000e3f00000,0x00000000e3f00000,0x00000000e4400000)
 ParOldGen       total 38400K, used 8862K [0x00000000a0000000, 0x00000000a2580000, 0x00000000e0000000)
  object space 38400K, 23% used [0x00000000a0000000,0x00000000a08a7920,0x00000000a2580000)
 Metaspace       used 20607K, capacity 21190K, committed 21296K, reserved 1067008K
  class space    used 2933K, capacity 3107K, committed 3200K, reserved 1048576K
Event: 4.351 GC heap after
Heap after GC invocations=8 (full 0):
 PSYoungGen      total 63488K, used 4872K [0x00000000e0000000, 0x00000000e4600000, 0x0000000100000000)
  eden space 58368K, 0% used [0x00000000e0000000,0x00000000e0000000,0x00000000e3900000)
  from space 5120K, 95% used [0x00000000e3f00000,0x00000000e43c21c8,0x00000000e4400000)
  to   space 6144K, 0% used [0x00000000e3900000,0x00000000e3900000,0x00000000e3f00000)
 ParOldGen       total 38400K, used 9254K [0x00000000a0000000, 0x00000000a2580000, 0x00000000e0000000)
  object space 38400K, 24% used [0x00000000a0000000,0x00000000a0909920,0x00000000a2580000)
 Metaspace       used 20607K, capacity 21190K, committed 21296K, reserved 1067008K
  class space    used 2933K, capacity 3107K, committed 3200K, reserved 1048576K
}
Event: 4.351 GC heap before
{Heap before GC invocations=9 (full 1):
 PSYoungGen      total 63488K, used 4872K [0x00000000e0000000, 0x00000000e4600000, 0x0000000100000000)
  eden space 58368K, 0% used [0x00000000e0000000,0x00000000e0000000,0x00000000e3900000)
  from space 5120K, 95% used [0x00000000e3f00000,0x00000000e43c21c8,0x00000000e4400000)
  to   space 6144K, 0% used [0x00000000e3900000,0x00000000e3900000,0x00000000e3f00000)
 ParOldGen       total 38400K, used 9254K [0x00000000a0000000, 0x00000000a2580000, 0x00000000e0000000)
  object space 38400K, 24% used [0x00000000a0000000,0x00000000a0909920,0x00000000a2580000)
 Metaspace       used 20607K, capacity 21190K, committed 21296K, reserved 1067008K
  class space    used 2933K, capacity 3107K, committed 3200K, reserved 1048576K
Event: 4.407 GC heap after
Heap after GC invocations=9 (full 1):
 PSYoungGen      total 63488K, used 0K [0x00000000e0000000, 0x00000000e4600000, 0x0000000100000000)
  eden space 58368K, 0% used [0x00000000e0000000,0x00000000e0000000,0x00000000e3900000)
  from space 5120K, 0% used [0x00000000e3f00000,0x00000000e3f00000,0x00000000e4400000)
  to   space 6144K, 0% used [0x00000000e3900000,0x00000000e3900000,0x00000000e3f00000)
 ParOldGen       total 34304K, used 9340K [0x00000000a0000000, 0x00000000a2180000, 0x00000000e0000000)
  object space 34304K, 27% used [0x00000000a0000000,0x00000000a091f3e8,0x00000000a2180000)
 Metaspace       used 20607K, capacity 21190K, committed 21296K, reserved 1067008K
  class space    used 2933K, capacity 3107K, committed 3200K, reserved 1048576K
}
Event: 4.919 GC heap before
{Heap before GC invocations=10 (full 1):
 PSYoungGen      total 63488K, used 45290K [0x00000000e0000000, 0x00000000e4600000, 0x0000000100000000)
  eden space 58368K, 77% used [0x00000000e0000000,0x00000000e2c3a950,0x00000000e3900000)
  from space 5120K, 0% used [0x00000000e3f00000,0x00000000e3f00000,0x00000000e4400000)
  to   space 6144K, 0% used [0x00000000e3900000,0x00000000e3900000,0x00000000e3f00000)
 ParOldGen       total 34304K, used 9340K [0x00000000a0000000, 0x00000000a2180000, 0x00000000e0000000)
  object space 34304K, 27% used [0x00000000a0000000,0x00000000a091f3e8,0x00000000a2180000)
 Metaspace       used 23580K, capacity 24310K, committed 24448K, reserved 1075200K
  class space    used 3420K, capacity 3639K, committed 3712K, reserved 1048576K
Event: 4.924 GC heap after
Heap after GC invocations=10 (full 1):
 PSYoungGen      total 64512K, used 3909K [0x00000000e0000000, 0x00000000e4600000, 0x0000000100000000)
  eden space 58368K, 0% used [0x00000000e0000000,0x00000000e0000000,0x00000000e3900000)
  from space 6144K, 63% used [0x00000000e3900000,0x00000000e3cd15f8,0x00000000e3f00000)
  to   space 5120K, 0% used [0x00000000e3f00000,0x00000000e3f00000,0x00000000e4400000)
 ParOldGen       total 34304K, used 9348K [0x00000000a0000000, 0x00000000a2180000, 0x00000000e0000000)
  object space 34304K, 27% used [0x00000000a0000000,0x00000000a09213e8,0x00000000a2180000)
 Metaspace       used 23580K, capacity 24310K, committed 24448K, reserved 1075200K
  class space    used 3420K, capacity 3639K, committed 3712K, reserved 1048576K
}
Event: 4.924 GC heap before
{Heap before GC invocations=11 (full 2):
 PSYoungGen      total 64512K, used 3909K [0x00000000e0000000, 0x00000000e4600000, 0x0000000100000000)
  eden space 58368K, 0% used [0x00000000e0000000,0x00000000e0000000,0x00000000e3900000)
  from space 6144K, 63% used [0x00000000e3900000,0x00000000e3cd15f8,0x00000000e3f00000)
  to   space 5120K, 0% used [0x00000000e3f00000,0x00000000e3f00000,0x00000000e4400000)
 ParOldGen       total 34304K, used 9348K [0x00000000a0000000, 0x00000000a2180000, 0x00000000e0000000)
  object space 34304K, 27% used [0x00000000a0000000,0x00000000a09213e8,0x00000000a2180000)
 Metaspace       used 23580K, capacity 24310K, committed 24448K, reserved 1075200K
  class space    used 3420K, capacity 3639K, committed 3712K, reserved 1048576K
Event: 4.981 GC heap after
Heap after GC invocations=11 (full 2):
 PSYoungGen      total 64512K, used 0K [0x00000000e0000000, 0x00000000e4600000, 0x0000000100000000)
  eden space 58368K, 0% used [0x00000000e0000000,0x00000000e0000000,0x00000000e3900000)
  from space 6144K, 0% used [0x00000000e3900000,0x00000000e3900000,0x00000000e3f00000)
  to   space 5120K, 0% used [0x00000000e3f00000,0x00000000e3f00000,0x00000000e4400000)
 ParOldGen       total 34304K, used 10214K [0x00000000a0000000, 0x00000000a2180000, 0x00000000e0000000)
  object space 34304K, 29% used [0x00000000a0000000,0x00000000a09f9958,0x00000000a2180000)
 Metaspace       used 23580K, capacity 24310K, committed 24448K, reserved 1073152K
  class space    used 3420K, capacity 3639K, committed 3712K, reserved 1048576K
}

