# JRE version: Java(TM) SE Runtime Environment (8.0_281-b09) (build 1.8.0_281-b09)
# Java VM: Java HotSpot(TM) 64-Bit Server VM (25.281-b09 mixed mode windows-amd64 compressed oops)
Heap:
 PSYoungGen      total 312320K, used 90034K [0x00000000e0000000, 0x00000000f9d80000, 0x0000000100000000)
  eden space 247808K, 36% used [0x00000000e0000000,0x00000000e57ec958,0x00000000ef200000)
  from space 64512K, 0% used [0x00000000ef200000,0x00000000ef200000,0x00000000f3100000)
  to   space 52224K, 0% used [0x00000000f3100000,0x00000000f3100000,0x00000000f6400000)
 ParOldGen       total 108544K, used 84204K [0x00000000a0000000, 0x00000000a6a00000, 0x00000000e0000000)
  object space 108544K, 77% used [0x00000000a0000000,0x00000000a523b000,0x00000000a6a00000)
 Metaspace       used 93665K, capacity 98194K, committed 98816K, reserved 1136640K
  class space    used 12366K, capacity 13145K, committed 13312K, reserved 1048576K
GC Heap History (10 events):
Event: 1126.085 GC heap before
{Heap before GC invocations=21 (full 5):
 PSYoungGen      total 249344K, used 234039K [0x00000000e0000000, 0x00000000f6400000, 0x0000000100000000)
  eden space 223232K, 100% used [0x00000000e0000000,0x00000000eda00000,0x00000000eda00000)
  from space 26112K, 41% used [0x00000000eda00000,0x00000000ee48ddc0,0x00000000ef380000)
  to   space 52224K, 0% used [0x00000000f3100000,0x00000000f3100000,0x00000000f6400000)
 ParOldGen       total 99328K, used 62061K [0x00000000a0000000, 0x00000000a6100000, 0x00000000e0000000)
  object space 99328K, 62% used [0x00000000a0000000,0x00000000a3c9b5a0,0x00000000a6100000)
 Metaspace       used 93090K, capacity 97474K, committed 97664K, reserved 1134592K
  class space    used 12365K, capacity 13149K, committed 13184K, reserved 1048576K
Event: 1126.441 GC heap after
Heap after GC invocations=21 (full 5):
 PSYoungGen      total 300032K, used 52212K [0x00000000e0000000, 0x00000000f9d80000, 0x0000000100000000)
  eden space 247808K, 0% used [0x00000000e0000000,0x00000000e0000000,0x00000000ef200000)
  from space 52224K, 99% used [0x00000000f3100000,0x00000000f63fd3f8,0x00000000f6400000)
  to   space 64512K, 0% used [0x00000000ef200000,0x00000000ef200000,0x00000000f3100000)
 ParOldGen       total 99328K, used 71279K [0x00000000a0000000, 0x00000000a6100000, 0x00000000e0000000)
  object space 99328K, 71% used [0x00000000a0000000,0x00000000a459bfc0,0x00000000a6100000)
 Metaspace       used 93090K, capacity 97474K, committed 97664K, reserved 1134592K
  class space    used 12365K, capacity 13149K, committed 13184K, reserved 1048576K
}
Event: 1628.553 GC heap before
{Heap before GC invocations=22 (full 5):
 PSYoungGen      total 300032K, used 300020K [0x00000000e0000000, 0x00000000f9d80000, 0x0000000100000000)
  eden space 247808K, 100% used [0x00000000e0000000,0x00000000ef200000,0x00000000ef200000)
  from space 52224K, 99% used [0x00000000f3100000,0x00000000f63fd3f8,0x00000000f6400000)
  to   space 64512K, 0% used [0x00000000ef200000,0x00000000ef200000,0x00000000f3100000)
 ParOldGen       total 99328K, used 71279K [0x00000000a0000000, 0x00000000a6100000, 0x00000000e0000000)
  object space 99328K, 71% used [0x00000000a0000000,0x00000000a459bfc0,0x00000000a6100000)
 Metaspace       used 93670K, capacity 98270K, committed 98560K, reserved 1134592K
  class space    used 12402K, capacity 13215K, committed 13312K, reserved 1048576K
Event: 1629.296 GC heap after
Heap after GC invocations=22 (full 5):
 PSYoungGen      total 300032K, used 300020K [0x00000000e0000000, 0x00000000f9d80000, 0x0000000100000000)
  eden space 247808K, 100% used [0x00000000e0000000,0x00000000ef200000,0x00000000ef200000)
  from space 52224K, 99% used [0x00000000f3100000,0x00000000f63fd3f8,0x00000000f6400000)
  to   space 64512K, 21% used [0x00000000ef200000,0x00000000eff9bb98,0x00000000f3100000)
 ParOldGen       total 108544K, used 108542K [0x00000000a0000000, 0x00000000a6a00000, 0x00000000e0000000)
  object space 108544K, 99% used [0x00000000a0000000,0x00000000a69ffa98,0x00000000a6a00000)
 Metaspace       used 93670K, capacity 98270K, committed 98560K, reserved 1134592K
  class space    used 12402K, capacity 13215K, committed 13312K, reserved 1048576K
}
Event: 1629.296 GC heap before
{Heap before GC invocations=23 (full 6):
 PSYoungGen      total 300032K, used 300020K [0x00000000e0000000, 0x00000000f9d80000, 0x0000000100000000)
  eden space 247808K, 100% used [0x00000000e0000000,0x00000000ef200000,0x00000000ef200000)
  from space 52224K, 99% used [0x00000000f3100000,0x00000000f63fd3f8,0x00000000f6400000)
  to   space 64512K, 21% used [0x00000000ef200000,0x00000000eff9bb98,0x00000000f3100000)
 ParOldGen       total 108544K, used 108542K [0x00000000a0000000, 0x00000000a6a00000, 0x00000000e0000000)
  object space 108544K, 99% used [0x00000000a0000000,0x00000000a69ffa98,0x00000000a6a00000)
 Metaspace       used 93670K, capacity 98270K, committed 98560K, reserved 1134592K
  class space    used 12402K, capacity 13215K, committed 13312K, reserved 1048576K
Event: 1630.166 GC heap after
Heap after GC invocations=23 (full 6):
 PSYoungGen      total 300032K, used 0K [0x00000000e0000000, 0x00000000f9d80000, 0x0000000100000000)
  eden space 247808K, 0% used [0x00000000e0000000,0x00000000e0000000,0x00000000ef200000)
  from space 52224K, 0% used [0x00000000f3100000,0x00000000f3100000,0x00000000f6400000)
  to   space 64512K, 0% used [0x00000000ef200000,0x00000000ef200000,0x00000000f3100000)
 ParOldGen       total 108544K, used 48512K [0x00000000a0000000, 0x00000000a6a00000, 0x00000000e0000000)
  object space 108544K, 44% used [0x00000000a0000000,0x00000000a2f60010,0x00000000a6a00000)
 Metaspace       used 93459K, capacity 97920K, committed 98560K, reserved 1134592K
  class space    used 12363K, capacity 13144K, committed 13312K, reserved 1048576K
}
Event: 1632.887 GC heap before
{Heap before GC invocations=24 (full 6):
 PSYoungGen      total 300032K, used 172747K [0x00000000e0000000, 0x00000000f9d80000, 0x0000000100000000)
  eden space 247808K, 69% used [0x00000000e0000000,0x00000000ea8b2f40,0x00000000ef200000)
  from space 52224K, 0% used [0x00000000f3100000,0x00000000f3100000,0x00000000f6400000)
  to   space 64512K, 0% used [0x00000000ef200000,0x00000000ef200000,0x00000000f3100000)
 ParOldGen       total 108544K, used 48512K [0x00000000a0000000, 0x00000000a6a00000, 0x00000000e0000000)
  object space 108544K, 44% used [0x00000000a0000000,0x00000000a2f60010,0x00000000a6a00000)
 Metaspace       used 93660K, capacity 98130K, committed 98560K, reserved 1138688K
  class space    used 12366K, capacity 13145K, committed 13312K, reserved 1048576K
Event: 1633.058 GC heap after
Heap after GC invocations=24 (full 6):
 PSYoungGen      total 312320K, used 44350K [0x00000000e0000000, 0x00000000f9d80000, 0x0000000100000000)
  eden space 247808K, 0% used [0x00000000e0000000,0x00000000e0000000,0x00000000ef200000)
  from space 64512K, 68% used [0x00000000ef200000,0x00000000f1d4fb28,0x00000000f3100000)
  to   space 52224K, 0% used [0x00000000f3100000,0x00000000f3100000,0x00000000f6400000)
 ParOldGen       total 108544K, used 48520K [0x00000000a0000000, 0x00000000a6a00000, 0x00000000e0000000)
  object space 108544K, 44% used [0x00000000a0000000,0x00000000a2f62010,0x00000000a6a00000)
 Metaspace       used 93660K, capacity 98130K, committed 98560K, reserved 1138688K
  class space    used 12366K, capacity 13145K, committed 13312K, reserved 1048576K
}
Event: 1633.058 GC heap before
{Heap before GC invocations=25 (full 7):
 PSYoungGen      total 312320K, used 44350K [0x00000000e0000000, 0x00000000f9d80000, 0x0000000100000000)
  eden space 247808K, 0% used [0x00000000e0000000,0x00000000e0000000,0x00000000ef200000)
  from space 64512K, 68% used [0x00000000ef200000,0x00000000f1d4fb28,0x00000000f3100000)
  to   space 52224K, 0% used [0x00000000f3100000,0x00000000f3100000,0x00000000f6400000)
 ParOldGen       total 108544K, used 48520K [0x00000000a0000000, 0x00000000a6a00000, 0x00000000e0000000)
  object space 108544K, 44% used [0x00000000a0000000,0x00000000a2f62010,0x00000000a6a00000)
 Metaspace       used 93660K, capacity 98130K, committed 98560K, reserved 1138688K
  class space    used 12366K, capacity 13145K, committed 13312K, reserved 1048576K
Event: 1633.674 GC heap after
Heap after GC invocations=25 (full 7):
 PSYoungGen      total 312320K, used 0K [0x00000000e0000000, 0x00000000f9d80000, 0x0000000100000000)
  eden space 247808K, 0% used [0x00000000e0000000,0x00000000e0000000,0x00000000ef200000)
  from space 64512K, 0% used [0x00000000ef200000,0x00000000ef200000,0x00000000f3100000)
  to   space 52224K, 0% used [0x00000000f3100000,0x00000000f3100000,0x00000000f6400000)
 ParOldGen       total 108544K, used 84204K [0x00000000a0000000, 0x00000000a6a00000, 0x00000000e0000000)
  object space 108544K, 77% used [0x00000000a0000000,0x00000000a523b000,0x00000000a6a00000)
 Metaspace       used 93660K, capacity 98130K, committed 98560K, reserved 1136640K
  class space    used 12366K, capacity 13145K, committed 13312K, reserved 1048576K
}

