# JRE version: Java(TM) SE Runtime Environment (8.0_281-b09) (build 1.8.0_281-b09)
# Java VM: Java HotSpot(TM) 64-Bit Server VM (25.281-b09 mixed mode windows-amd64 compressed oops)
Heap:
 PSYoungGen      total 61440K, used 32378K [0x00000000e0000000, 0x00000000e3e00000, 0x0000000100000000)
  eden space 59392K, 54% used [0x00000000e0000000,0x00000000e1f9e9f8,0x00000000e3a00000)
  from space 2048K, 0% used [0x00000000e3c00000,0x00000000e3c00000,0x00000000e3e00000)
  to   space 2048K, 0% used [0x00000000e3a00000,0x00000000e3a00000,0x00000000e3c00000)
 ParOldGen       total 40448K, used 10318K [0x00000000a0000000, 0x00000000a2780000, 0x00000000e0000000)
  object space 40448K, 25% used [0x00000000a0000000,0x00000000a0a13bc8,0x00000000a2780000)
 Metaspace       used 22371K, capacity 23078K, committed 23168K, reserved 1069056K
  class space    used 3228K, capacity 3399K, committed 3456K, reserved 1048576K
GC Heap History (10 events):
Event: 1.575 GC heap before
{Heap before GC invocations=3 (full 0):
 PSYoungGen      total 31744K, used 31712K [0x00000000e0000000, 0x00000000e2100000, 0x0000000100000000)
  eden space 29696K, 100% used [0x00000000e0000000,0x00000000e1d00000,0x00000000e1d00000)
  from space 2048K, 98% used [0x00000000e1f00000,0x00000000e20f8020,0x00000000e2100000)
  to   space 2048K, 0% used [0x00000000e1d00000,0x00000000e1d00000,0x00000000e1f00000)
 ParOldGen       total 38400K, used 1726K [0x00000000a0000000, 0x00000000a2580000, 0x00000000e0000000)
  object space 38400K, 4% used [0x00000000a0000000,0x00000000a01afad0,0x00000000a2580000)
 Metaspace       used 7522K, capacity 7742K, committed 7936K, reserved 1056768K
  class space    used 934K, capacity 1005K, committed 1024K, reserved 1048576K
Event: 1.580 GC heap after
Heap after GC invocations=3 (full 0):
 PSYoungGen      total 31744K, used 2032K [0x00000000e0000000, 0x00000000e3e00000, 0x0000000100000000)
  eden space 29696K, 0% used [0x00000000e0000000,0x00000000e0000000,0x00000000e1d00000)
  from space 2048K, 99% used [0x00000000e1d00000,0x00000000e1efc030,0x00000000e1f00000)
  to   space 2048K, 0% used [0x00000000e3c00000,0x00000000e3c00000,0x00000000e3e00000)
 ParOldGen       total 38400K, used 2790K [0x00000000a0000000, 0x00000000a2580000, 0x00000000e0000000)
  object space 38400K, 7% used [0x00000000a0000000,0x00000000a02b9bb8,0x00000000a2580000)
 Metaspace       used 7522K, capacity 7742K, committed 7936K, reserved 1056768K
  class space    used 934K, capacity 1005K, committed 1024K, reserved 1048576K
}
Event: 2.106 GC heap before
{Heap before GC invocations=4 (full 0):
 PSYoungGen      total 31744K, used 31728K [0x00000000e0000000, 0x00000000e3e00000, 0x0000000100000000)
  eden space 29696K, 100% used [0x00000000e0000000,0x00000000e1d00000,0x00000000e1d00000)
  from space 2048K, 99% used [0x00000000e1d00000,0x00000000e1efc030,0x00000000e1f00000)
  to   space 2048K, 0% used [0x00000000e3c00000,0x00000000e3c00000,0x00000000e3e00000)
 ParOldGen       total 38400K, used 2790K [0x00000000a0000000, 0x00000000a2580000, 0x00000000e0000000)
  object space 38400K, 7% used [0x00000000a0000000,0x00000000a02b9bb8,0x00000000a2580000)
 Metaspace       used 10689K, capacity 11038K, committed 11392K, reserved 1058816K
  class space    used 1451K, capacity 1573K, committed 1664K, reserved 1048576K
Event: 2.114 GC heap after
Heap after GC invocations=4 (full 0):
 PSYoungGen      total 61440K, used 2032K [0x00000000e0000000, 0x00000000e3e00000, 0x0000000100000000)
  eden space 59392K, 0% used [0x00000000e0000000,0x00000000e0000000,0x00000000e3a00000)
  from space 2048K, 99% used [0x00000000e3c00000,0x00000000e3dfc010,0x00000000e3e00000)
  to   space 2048K, 0% used [0x00000000e3a00000,0x00000000e3a00000,0x00000000e3c00000)
 ParOldGen       total 38400K, used 5659K [0x00000000a0000000, 0x00000000a2580000, 0x00000000e0000000)
  object space 38400K, 14% used [0x00000000a0000000,0x00000000a0586ee8,0x00000000a2580000)
 Metaspace       used 10689K, capacity 11038K, committed 11392K, reserved 1058816K
  class space    used 1451K, capacity 1573K, committed 1664K, reserved 1048576K
}
Event: 3.199 GC heap before
{Heap before GC invocations=5 (full 0):
 PSYoungGen      total 61440K, used 61424K [0x00000000e0000000, 0x00000000e3e00000, 0x0000000100000000)
  eden space 59392K, 100% used [0x00000000e0000000,0x00000000e3a00000,0x00000000e3a00000)
  from space 2048K, 99% used [0x00000000e3c00000,0x00000000e3dfc010,0x00000000e3e00000)
  to   space 2048K, 0% used [0x00000000e3a00000,0x00000000e3a00000,0x00000000e3c00000)
 ParOldGen       total 38400K, used 5659K [0x00000000a0000000, 0x00000000a2580000, 0x00000000e0000000)
  object space 38400K, 14% used [0x00000000a0000000,0x00000000a0586ee8,0x00000000a2580000)
 Metaspace       used 16895K, capacity 17530K, committed 17664K, reserved 1064960K
  class space    used 2317K, capacity 2495K, committed 2560K, reserved 1048576K
Event: 3.213 GC heap after
Heap after GC invocations=5 (full 0):
 PSYoungGen      total 61440K, used 2032K [0x00000000e0000000, 0x00000000e3e00000, 0x0000000100000000)
  eden space 59392K, 0% used [0x00000000e0000000,0x00000000e0000000,0x00000000e3a00000)
  from space 2048K, 99% used [0x00000000e3a00000,0x00000000e3bfc030,0x00000000e3c00000)
  to   space 2048K, 0% used [0x00000000e3c00000,0x00000000e3c00000,0x00000000e3e00000)
 ParOldGen       total 38400K, used 11557K [0x00000000a0000000, 0x00000000a2580000, 0x00000000e0000000)
  object space 38400K, 30% used [0x00000000a0000000,0x00000000a0b49630,0x00000000a2580000)
 Metaspace       used 16895K, capacity 17530K, committed 17664K, reserved 1064960K
  class space    used 2317K, capacity 2495K, committed 2560K, reserved 1048576K
}
Event: 4.045 GC heap before
{Heap before GC invocations=6 (full 0):
 PSYoungGen      total 61440K, used 49140K [0x00000000e0000000, 0x00000000e3e00000, 0x0000000100000000)
  eden space 59392K, 79% used [0x00000000e0000000,0x00000000e2e01220,0x00000000e3a00000)
  from space 2048K, 99% used [0x00000000e3a00000,0x00000000e3bfc030,0x00000000e3c00000)
  to   space 2048K, 0% used [0x00000000e3c00000,0x00000000e3c00000,0x00000000e3e00000)
 ParOldGen       total 38400K, used 11557K [0x00000000a0000000, 0x00000000a2580000, 0x00000000e0000000)
  object space 38400K, 30% used [0x00000000a0000000,0x00000000a0b49630,0x00000000a2580000)
 Metaspace       used 20574K, capacity 21190K, committed 21296K, reserved 1067008K
  class space    used 2934K, capacity 3107K, committed 3200K, reserved 1048576K
Event: 4.056 GC heap after
Heap after GC invocations=6 (full 0):
 PSYoungGen      total 61440K, used 2016K [0x00000000e0000000, 0x00000000e3e00000, 0x0000000100000000)
  eden space 59392K, 0% used [0x00000000e0000000,0x00000000e0000000,0x00000000e3a00000)
  from space 2048K, 98% used [0x00000000e3c00000,0x00000000e3df8030,0x00000000e3e00000)
  to   space 2048K, 0% used [0x00000000e3a00000,0x00000000e3a00000,0x00000000e3c00000)
 ParOldGen       total 38400K, used 16406K [0x00000000a0000000, 0x00000000a2580000, 0x00000000e0000000)
  object space 38400K, 42% used [0x00000000a0000000,0x00000000a1005b38,0x00000000a2580000)
 Metaspace       used 20574K, capacity 21190K, committed 21296K, reserved 1067008K
  class space    used 2934K, capacity 3107K, committed 3200K, reserved 1048576K
}
Event: 4.056 GC heap before
{Heap before GC invocations=7 (full 1):
 PSYoungGen      total 61440K, used 2016K [0x00000000e0000000, 0x00000000e3e00000, 0x0000000100000000)
  eden space 59392K, 0% used [0x00000000e0000000,0x00000000e0000000,0x00000000e3a00000)
  from space 2048K, 98% used [0x00000000e3c00000,0x00000000e3df8030,0x00000000e3e00000)
  to   space 2048K, 0% used [0x00000000e3a00000,0x00000000e3a00000,0x00000000e3c00000)
 ParOldGen       total 38400K, used 16406K [0x00000000a0000000, 0x00000000a2580000, 0x00000000e0000000)
  object space 38400K, 42% used [0x00000000a0000000,0x00000000a1005b38,0x00000000a2580000)
 Metaspace       used 20574K, capacity 21190K, committed 21296K, reserved 1067008K
  class space    used 2934K, capacity 3107K, committed 3200K, reserved 1048576K
Event: 4.113 GC heap after
Heap after GC invocations=7 (full 1):
 PSYoungGen      total 61440K, used 0K [0x00000000e0000000, 0x00000000e3e00000, 0x0000000100000000)
  eden space 59392K, 0% used [0x00000000e0000000,0x00000000e0000000,0x00000000e3a00000)
  from space 2048K, 0% used [0x00000000e3c00000,0x00000000e3c00000,0x00000000e3e00000)
  to   space 2048K, 0% used [0x00000000e3a00000,0x00000000e3a00000,0x00000000e3c00000)
 ParOldGen       total 40448K, used 10318K [0x00000000a0000000, 0x00000000a2780000, 0x00000000e0000000)
  object space 40448K, 25% used [0x00000000a0000000,0x00000000a0a13bc8,0x00000000a2780000)
 Metaspace       used 20574K, capacity 21190K, committed 21296K, reserved 1067008K
  class space    used 2934K, capacity 3107K, committed 3200K, reserved 1048576K
}

