# JRE version: Java(TM) SE Runtime Environment (8.0_281-b09) (build 1.8.0_281-b09)
# Java VM: Java HotSpot(TM) 64-Bit Server VM (25.281-b09 mixed mode windows-amd64 compressed oops)
Heap:
 PSYoungGen      total 83456K, used 35313K [0x00000000e0000000, 0x00000000e6700000, 0x0000000100000000)
  eden space 75776K, 36% used [0x00000000e0000000,0x00000000e1afdbf8,0x00000000e4a00000)
  from space 7680K, 99% used [0x00000000e5800000,0x00000000e5f7e930,0x00000000e5f80000)
  to   space 6144K, 0% used [0x00000000e6100000,0x00000000e6100000,0x00000000e6700000)
 ParOldGen       total 33792K, used 12346K [0x00000000a0000000, 0x00000000a2100000, 0x00000000e0000000)
  object space 33792K, 36% used [0x00000000a0000000,0x00000000a0c0ebf0,0x00000000a2100000)
 Metaspace       used 34256K, capacity 35378K, committed 35496K, reserved 1079296K
  class space    used 4813K, capacity 5096K, committed 5120K, reserved 1048576K
GC Heap History (10 events):
Event: 4.089 GC heap before
{Heap before GC invocations=8 (full 0):
 PSYoungGen      total 33792K, used 33740K [0x00000000e0000000, 0x00000000e4300000, 0x0000000100000000)
  eden space 29184K, 100% used [0x00000000e0000000,0x00000000e1c80000,0x00000000e1c80000)
  from space 4608K, 98% used [0x00000000e1c80000,0x00000000e20f30c0,0x00000000e2100000)
  to   space 5120K, 0% used [0x00000000e3e00000,0x00000000e3e00000,0x00000000e4300000)
 ParOldGen       total 38400K, used 5021K [0x00000000a0000000, 0x00000000a2580000, 0x00000000e0000000)
  object space 38400K, 13% used [0x00000000a0000000,0x00000000a04e76b0,0x00000000a2580000)
 Metaspace       used 16978K, capacity 17562K, committed 17664K, reserved 1064960K
  class space    used 2333K, capacity 2527K, committed 2560K, reserved 1048576K
Event: 4.096 GC heap after
Heap after GC invocations=8 (full 0):
 PSYoungGen      total 62464K, used 5102K [0x00000000e0000000, 0x00000000e4500000, 0x0000000100000000)
  eden space 57344K, 0% used [0x00000000e0000000,0x00000000e0000000,0x00000000e3800000)
  from space 5120K, 99% used [0x00000000e3e00000,0x00000000e42fba90,0x00000000e4300000)
  to   space 6144K, 0% used [0x00000000e3800000,0x00000000e3800000,0x00000000e3e00000)
 ParOldGen       total 38400K, used 5439K [0x00000000a0000000, 0x00000000a2580000, 0x00000000e0000000)
  object space 38400K, 14% used [0x00000000a0000000,0x00000000a054fd40,0x00000000a2580000)
 Metaspace       used 16978K, capacity 17562K, committed 17664K, reserved 1064960K
  class space    used 2333K, capacity 2527K, committed 2560K, reserved 1048576K
}
Event: 4.682 GC heap before
{Heap before GC invocations=9 (full 0):
 PSYoungGen      total 62464K, used 48924K [0x00000000e0000000, 0x00000000e4500000, 0x0000000100000000)
  eden space 57344K, 76% used [0x00000000e0000000,0x00000000e2acb770,0x00000000e3800000)
  from space 5120K, 99% used [0x00000000e3e00000,0x00000000e42fba90,0x00000000e4300000)
  to   space 6144K, 0% used [0x00000000e3800000,0x00000000e3800000,0x00000000e3e00000)
 ParOldGen       total 38400K, used 5439K [0x00000000a0000000, 0x00000000a2580000, 0x00000000e0000000)
  object space 38400K, 14% used [0x00000000a0000000,0x00000000a054fd40,0x00000000a2580000)
 Metaspace       used 20593K, capacity 21190K, committed 21296K, reserved 1067008K
  class space    used 2931K, capacity 3107K, committed 3200K, reserved 1048576K
Event: 4.694 GC heap after
Heap after GC invocations=9 (full 0):
 PSYoungGen      total 63488K, used 6133K [0x00000000e0000000, 0x00000000e6800000, 0x0000000100000000)
  eden space 57344K, 0% used [0x00000000e0000000,0x00000000e0000000,0x00000000e3800000)
  from space 6144K, 99% used [0x00000000e3800000,0x00000000e3dfd4f0,0x00000000e3e00000)
  to   space 7168K, 0% used [0x00000000e6100000,0x00000000e6100000,0x00000000e6800000)
 ParOldGen       total 38400K, used 6869K [0x00000000a0000000, 0x00000000a2580000, 0x00000000e0000000)
  object space 38400K, 17% used [0x00000000a0000000,0x00000000a06b5480,0x00000000a2580000)
 Metaspace       used 20593K, capacity 21190K, committed 21296K, reserved 1067008K
  class space    used 2931K, capacity 3107K, committed 3200K, reserved 1048576K
}
Event: 4.694 GC heap before
{Heap before GC invocations=10 (full 1):
 PSYoungGen      total 63488K, used 6133K [0x00000000e0000000, 0x00000000e6800000, 0x0000000100000000)
  eden space 57344K, 0% used [0x00000000e0000000,0x00000000e0000000,0x00000000e3800000)
  from space 6144K, 99% used [0x00000000e3800000,0x00000000e3dfd4f0,0x00000000e3e00000)
  to   space 7168K, 0% used [0x00000000e6100000,0x00000000e6100000,0x00000000e6800000)
 ParOldGen       total 38400K, used 6869K [0x00000000a0000000, 0x00000000a2580000, 0x00000000e0000000)
  object space 38400K, 17% used [0x00000000a0000000,0x00000000a06b5480,0x00000000a2580000)
 Metaspace       used 20593K, capacity 21190K, committed 21296K, reserved 1067008K
  class space    used 2931K, capacity 3107K, committed 3200K, reserved 1048576K
Event: 4.751 GC heap after
Heap after GC invocations=10 (full 1):
 PSYoungGen      total 63488K, used 0K [0x00000000e0000000, 0x00000000e6800000, 0x0000000100000000)
  eden space 57344K, 0% used [0x00000000e0000000,0x00000000e0000000,0x00000000e3800000)
  from space 6144K, 0% used [0x00000000e3800000,0x00000000e3800000,0x00000000e3e00000)
  to   space 7168K, 0% used [0x00000000e6100000,0x00000000e6100000,0x00000000e6800000)
 ParOldGen       total 33792K, used 9828K [0x00000000a0000000, 0x00000000a2100000, 0x00000000e0000000)
  object space 33792K, 29% used [0x00000000a0000000,0x00000000a0999030,0x00000000a2100000)
 Metaspace       used 20593K, capacity 21190K, committed 21296K, reserved 1067008K
  class space    used 2931K, capacity 3107K, committed 3200K, reserved 1048576K
}
Event: 5.914 GC heap before
{Heap before GC invocations=11 (full 1):
 PSYoungGen      total 63488K, used 57344K [0x00000000e0000000, 0x00000000e6800000, 0x0000000100000000)
  eden space 57344K, 100% used [0x00000000e0000000,0x00000000e3800000,0x00000000e3800000)
  from space 6144K, 0% used [0x00000000e3800000,0x00000000e3800000,0x00000000e3e00000)
  to   space 7168K, 0% used [0x00000000e6100000,0x00000000e6100000,0x00000000e6800000)
 ParOldGen       total 33792K, used 9828K [0x00000000a0000000, 0x00000000a2100000, 0x00000000e0000000)
  object space 33792K, 29% used [0x00000000a0000000,0x00000000a0999030,0x00000000a2100000)
 Metaspace       used 25448K, capacity 26288K, committed 26496K, reserved 1071104K
  class space    used 3642K, capacity 3870K, committed 3968K, reserved 1048576K
Event: 5.923 GC heap after
Heap after GC invocations=11 (full 1):
 PSYoungGen      total 81920K, used 5814K [0x00000000e0000000, 0x00000000e6700000, 0x0000000100000000)
  eden space 75776K, 0% used [0x00000000e0000000,0x00000000e0000000,0x00000000e4a00000)
  from space 6144K, 94% used [0x00000000e6100000,0x00000000e66adbd8,0x00000000e6700000)
  to   space 7680K, 0% used [0x00000000e5800000,0x00000000e5800000,0x00000000e5f80000)
 ParOldGen       total 33792K, used 9836K [0x00000000a0000000, 0x00000000a2100000, 0x00000000e0000000)
  object space 33792K, 29% used [0x00000000a0000000,0x00000000a099b030,0x00000000a2100000)
 Metaspace       used 25448K, capacity 26288K, committed 26496K, reserved 1071104K
  class space    used 3642K, capacity 3870K, committed 3968K, reserved 1048576K
}
Event: 7.159 GC heap before
{Heap before GC invocations=12 (full 1):
 PSYoungGen      total 81920K, used 81590K [0x00000000e0000000, 0x00000000e6700000, 0x0000000100000000)
  eden space 75776K, 100% used [0x00000000e0000000,0x00000000e4a00000,0x00000000e4a00000)
  from space 6144K, 94% used [0x00000000e6100000,0x00000000e66adbd8,0x00000000e6700000)
  to   space 7680K, 0% used [0x00000000e5800000,0x00000000e5800000,0x00000000e5f80000)
 ParOldGen       total 33792K, used 9836K [0x00000000a0000000, 0x00000000a2100000, 0x00000000e0000000)
  object space 33792K, 29% used [0x00000000a0000000,0x00000000a099b030,0x00000000a2100000)
 Metaspace       used 32949K, capacity 33954K, committed 34048K, reserved 1079296K
  class space    used 4599K, capacity 4845K, committed 4864K, reserved 1048576K
Event: 7.195 GC heap after
Heap after GC invocations=12 (full 1):
 PSYoungGen      total 83456K, used 7674K [0x00000000e0000000, 0x00000000e6700000, 0x0000000100000000)
  eden space 75776K, 0% used [0x00000000e0000000,0x00000000e0000000,0x00000000e4a00000)
  from space 7680K, 99% used [0x00000000e5800000,0x00000000e5f7e930,0x00000000e5f80000)
  to   space 6144K, 0% used [0x00000000e6100000,0x00000000e6100000,0x00000000e6700000)
 ParOldGen       total 33792K, used 12346K [0x00000000a0000000, 0x00000000a2100000, 0x00000000e0000000)
  object space 33792K, 36% used [0x00000000a0000000,0x00000000a0c0ebf0,0x00000000a2100000)
 Metaspace       used 32949K, capacity 33954K, committed 34048K, reserved 1079296K
  class space    used 4599K, capacity 4845K, committed 4864K, reserved 1048576K
}

