# JRE version: Java(TM) SE Runtime Environment (8.0_281-b09) (build 1.8.0_281-b09)
# Java VM: Java HotSpot(TM) 64-Bit Server VM (25.281-b09 mixed mode windows-amd64 compressed oops)
Heap:
 PSYoungGen      total 98816K, used 1756K [0x00000000e0000000, 0x00000000e6c00000, 0x0000000100000000)
  eden space 89088K, 1% used [0x00000000e0000000,0x00000000e01b7010,0x00000000e5700000)
  from space 9728K, 0% used [0x00000000e5700000,0x00000000e5700000,0x00000000e6080000)
  to   space 7680K, 0% used [0x00000000e6080000,0x00000000e6080000,0x00000000e6800000)
 ParOldGen       total 54272K, used 11913K [0x00000000a0000000, 0x00000000a3500000, 0x00000000e0000000)
  object space 54272K, 21% used [0x00000000a0000000,0x00000000a0ba2690,0x00000000a3500000)
 Metaspace       used 34551K, capacity 35174K, committed 35672K, reserved 1083392K
  class space    used 4746K, capacity 4964K, committed 5120K, reserved 1048576K
GC Heap History (10 events):
Event: 12.780 GC heap before
{Heap before GC invocations=11 (full 2):
 PSYoungGen      total 98816K, used 9727K [0x00000000e0000000, 0x00000000e6c00000, 0x0000000100000000)
  eden space 89088K, 0% used [0x00000000e0000000,0x00000000e0000000,0x00000000e5700000)
  from space 9728K, 99% used [0x00000000e5700000,0x00000000e607ff58,0x00000000e6080000)
  to   space 7680K, 0% used [0x00000000e6080000,0x00000000e6080000,0x00000000e6800000)
 ParOldGen       total 34304K, used 12828K [0x00000000a0000000, 0x00000000a2180000, 0x00000000e0000000)
  object space 34304K, 37% used [0x00000000a0000000,0x00000000a0c872d8,0x00000000a2180000)
 Metaspace       used 34452K, capacity 35296K, committed 35416K, reserved 1079296K
  class space    used 4762K, capacity 5043K, committed 5120K, reserved 1048576K
Event: 12.877 GC heap after
Heap after GC invocations=11 (full 2):
 PSYoungGen      total 98816K, used 0K [0x00000000e0000000, 0x00000000e6c00000, 0x0000000100000000)
  eden space 89088K, 0% used [0x00000000e0000000,0x00000000e0000000,0x00000000e5700000)
  from space 9728K, 0% used [0x00000000e5700000,0x00000000e5700000,0x00000000e6080000)
  to   space 7680K, 0% used [0x00000000e6080000,0x00000000e6080000,0x00000000e6800000)
 ParOldGen       total 54272K, used 18041K [0x00000000a0000000, 0x00000000a3500000, 0x00000000e0000000)
  object space 54272K, 33% used [0x00000000a0000000,0x00000000a119e798,0x00000000a3500000)
 Metaspace       used 34452K, capacity 35296K, committed 35416K, reserved 1079296K
  class space    used 4762K, capacity 5043K, committed 5120K, reserved 1048576K
}
Event: 13.203 GC heap before
{Heap before GC invocations=12 (full 2):
 PSYoungGen      total 98816K, used 19450K [0x00000000e0000000, 0x00000000e6c00000, 0x0000000100000000)
  eden space 89088K, 21% used [0x00000000e0000000,0x00000000e12fe968,0x00000000e5700000)
  from space 9728K, 0% used [0x00000000e5700000,0x00000000e5700000,0x00000000e6080000)
  to   space 7680K, 0% used [0x00000000e6080000,0x00000000e6080000,0x00000000e6800000)
 ParOldGen       total 54272K, used 18041K [0x00000000a0000000, 0x00000000a3500000, 0x00000000e0000000)
  object space 54272K, 33% used [0x00000000a0000000,0x00000000a119e798,0x00000000a3500000)
 Metaspace       used 34770K, capacity 35552K, committed 35672K, reserved 1083392K
  class space    used 4789K, capacity 5043K, committed 5120K, reserved 1048576K
Event: 13.207 GC heap after
Heap after GC invocations=12 (full 2):
 PSYoungGen      total 96768K, used 1113K [0x00000000e0000000, 0x00000000e6c00000, 0x0000000100000000)
  eden space 89088K, 0% used [0x00000000e0000000,0x00000000e0000000,0x00000000e5700000)
  from space 7680K, 14% used [0x00000000e6080000,0x00000000e61964c0,0x00000000e6800000)
  to   space 9728K, 0% used [0x00000000e5700000,0x00000000e5700000,0x00000000e6080000)
 ParOldGen       total 54272K, used 18049K [0x00000000a0000000, 0x00000000a3500000, 0x00000000e0000000)
  object space 54272K, 33% used [0x00000000a0000000,0x00000000a11a0798,0x00000000a3500000)
 Metaspace       used 34770K, capacity 35552K, committed 35672K, reserved 1083392K
  class space    used 4789K, capacity 5043K, committed 5120K, reserved 1048576K
}
Event: 13.207 GC heap before
{Heap before GC invocations=13 (full 3):
 PSYoungGen      total 96768K, used 1113K [0x00000000e0000000, 0x00000000e6c00000, 0x0000000100000000)
  eden space 89088K, 0% used [0x00000000e0000000,0x00000000e0000000,0x00000000e5700000)
  from space 7680K, 14% used [0x00000000e6080000,0x00000000e61964c0,0x00000000e6800000)
  to   space 9728K, 0% used [0x00000000e5700000,0x00000000e5700000,0x00000000e6080000)
 ParOldGen       total 54272K, used 18049K [0x00000000a0000000, 0x00000000a3500000, 0x00000000e0000000)
  object space 54272K, 33% used [0x00000000a0000000,0x00000000a11a0798,0x00000000a3500000)
 Metaspace       used 34770K, capacity 35552K, committed 35672K, reserved 1083392K
  class space    used 4789K, capacity 5043K, committed 5120K, reserved 1048576K
Event: 13.367 GC heap after
Heap after GC invocations=13 (full 3):
 PSYoungGen      total 96768K, used 0K [0x00000000e0000000, 0x00000000e6c00000, 0x0000000100000000)
  eden space 89088K, 0% used [0x00000000e0000000,0x00000000e0000000,0x00000000e5700000)
  from space 7680K, 0% used [0x00000000e6080000,0x00000000e6080000,0x00000000e6800000)
  to   space 9728K, 0% used [0x00000000e5700000,0x00000000e5700000,0x00000000e6080000)
 ParOldGen       total 54272K, used 15324K [0x00000000a0000000, 0x00000000a3500000, 0x00000000e0000000)
  object space 54272K, 28% used [0x00000000a0000000,0x00000000a0ef72a0,0x00000000a3500000)
 Metaspace       used 34770K, capacity 35552K, committed 35672K, reserved 1081344K
  class space    used 4789K, capacity 5043K, committed 5120K, reserved 1048576K
}
Event: 13.367 GC heap before
{Heap before GC invocations=14 (full 3):
 PSYoungGen      total 96768K, used 0K [0x00000000e0000000, 0x00000000e6c00000, 0x0000000100000000)
  eden space 89088K, 0% used [0x00000000e0000000,0x00000000e0000000,0x00000000e5700000)
  from space 7680K, 0% used [0x00000000e6080000,0x00000000e6080000,0x00000000e6800000)
  to   space 9728K, 0% used [0x00000000e5700000,0x00000000e5700000,0x00000000e6080000)
 ParOldGen       total 54272K, used 15324K [0x00000000a0000000, 0x00000000a3500000, 0x00000000e0000000)
  object space 54272K, 28% used [0x00000000a0000000,0x00000000a0ef72a0,0x00000000a3500000)
 Metaspace       used 34770K, capacity 35552K, committed 35672K, reserved 1085440K
  class space    used 4789K, capacity 5043K, committed 5120K, reserved 1048576K
Event: 13.370 GC heap after
Heap after GC invocations=14 (full 3):
 PSYoungGen      total 98816K, used 0K [0x00000000e0000000, 0x00000000e6c00000, 0x0000000100000000)
  eden space 89088K, 0% used [0x00000000e0000000,0x00000000e0000000,0x00000000e5700000)
  from space 9728K, 0% used [0x00000000e5700000,0x00000000e5700000,0x00000000e6080000)
  to   space 7680K, 0% used [0x00000000e6080000,0x00000000e6080000,0x00000000e6800000)
 ParOldGen       total 54272K, used 15324K [0x00000000a0000000, 0x00000000a3500000, 0x00000000e0000000)
  object space 54272K, 28% used [0x00000000a0000000,0x00000000a0ef72a0,0x00000000a3500000)
 Metaspace       used 34770K, capacity 35552K, committed 35672K, reserved 1085440K
  class space    used 4789K, capacity 5043K, committed 5120K, reserved 1048576K
}
Event: 13.370 GC heap before
{Heap before GC invocations=15 (full 4):
 PSYoungGen      total 98816K, used 0K [0x00000000e0000000, 0x00000000e6c00000, 0x0000000100000000)
  eden space 89088K, 0% used [0x00000000e0000000,0x00000000e0000000,0x00000000e5700000)
  from space 9728K, 0% used [0x00000000e5700000,0x00000000e5700000,0x00000000e6080000)
  to   space 7680K, 0% used [0x00000000e6080000,0x00000000e6080000,0x00000000e6800000)
 ParOldGen       total 54272K, used 15324K [0x00000000a0000000, 0x00000000a3500000, 0x00000000e0000000)
  object space 54272K, 28% used [0x00000000a0000000,0x00000000a0ef72a0,0x00000000a3500000)
 Metaspace       used 34770K, capacity 35552K, committed 35672K, reserved 1085440K
  class space    used 4789K, capacity 5043K, committed 5120K, reserved 1048576K
Event: 13.504 GC heap after
Heap after GC invocations=15 (full 4):
 PSYoungGen      total 98816K, used 0K [0x00000000e0000000, 0x00000000e6c00000, 0x0000000100000000)
  eden space 89088K, 0% used [0x00000000e0000000,0x00000000e0000000,0x00000000e5700000)
  from space 9728K, 0% used [0x00000000e5700000,0x00000000e5700000,0x00000000e6080000)
  to   space 7680K, 0% used [0x00000000e6080000,0x00000000e6080000,0x00000000e6800000)
 ParOldGen       total 54272K, used 11913K [0x00000000a0000000, 0x00000000a3500000, 0x00000000e0000000)
  object space 54272K, 21% used [0x00000000a0000000,0x00000000a0ba2690,0x00000000a3500000)
 Metaspace       used 34536K, capacity 35168K, committed 35672K, reserved 1081344K
  class space    used 4743K, capacity 4963K, committed 5120K, reserved 1048576K
}

