# JRE version: Java(TM) SE Runtime Environment (8.0_281-b09) (build 1.8.0_281-b09)
# Java VM: Java HotSpot(TM) 64-Bit Server VM (25.281-b09 mixed mode windows-amd64 compressed oops)
Heap:
 PSYoungGen      total 124416K, used 114876K [0x00000000e0000000, 0x00000000e8200000, 0x0000000100000000)
  eden space 116736K, 98% used [0x00000000e0000000,0x00000000e702f3b8,0x00000000e7200000)
  from space 7680K, 0% used [0x00000000e7a80000,0x00000000e7a80000,0x00000000e8200000)
  to   space 8192K, 0% used [0x00000000e7200000,0x00000000e7200000,0x00000000e7a00000)
 ParOldGen       total 30208K, used 6939K [0x00000000a0000000, 0x00000000a1d80000, 0x00000000e0000000)
  object space 30208K, 22% used [0x00000000a0000000,0x00000000a06c6ee0,0x00000000a1d80000)
 Metaspace       used 31382K, capacity 32300K, committed 32512K, reserved 1079296K
  class space    used 4349K, capacity 4593K, committed 4608K, reserved 1048576K
GC Heap History (10 events):
Event: 2.412 GC heap before
{Heap before GC invocations=5 (full 0):
 PSYoungGen      total 31744K, used 31728K [0x00000000e0000000, 0x00000000e2100000, 0x0000000100000000)
  eden space 29696K, 100% used [0x00000000e0000000,0x00000000e1d00000,0x00000000e1d00000)
  from space 2048K, 99% used [0x00000000e1f00000,0x00000000e20fc010,0x00000000e2100000)
  to   space 2048K, 0% used [0x00000000e1d00000,0x00000000e1d00000,0x00000000e1f00000)
 ParOldGen       total 38400K, used 2798K [0x00000000a0000000, 0x00000000a2580000, 0x00000000e0000000)
  object space 38400K, 7% used [0x00000000a0000000,0x00000000a02bba10,0x00000000a2580000)
 Metaspace       used 10707K, capacity 11038K, committed 11392K, reserved 1058816K
  class space    used 1452K, capacity 1573K, committed 1664K, reserved 1048576K
Event: 2.420 GC heap after
Heap after GC invocations=5 (full 0):
 PSYoungGen      total 31744K, used 2048K [0x00000000e0000000, 0x00000000e4400000, 0x0000000100000000)
  eden space 29696K, 0% used [0x00000000e0000000,0x00000000e0000000,0x00000000e1d00000)
  from space 2048K, 100% used [0x00000000e1d00000,0x00000000e1f00000,0x00000000e1f00000)
  to   space 5120K, 0% used [0x00000000e3f00000,0x00000000e3f00000,0x00000000e4400000)
 ParOldGen       total 38400K, used 5624K [0x00000000a0000000, 0x00000000a2580000, 0x00000000e0000000)
  object space 38400K, 14% used [0x00000000a0000000,0x00000000a057e048,0x00000000a2580000)
 Metaspace       used 10707K, capacity 11038K, committed 11392K, reserved 1058816K
  class space    used 1452K, capacity 1573K, committed 1664K, reserved 1048576K
}
Event: 3.337 GC heap before
{Heap before GC invocations=6 (full 0):
 PSYoungGen      total 31744K, used 31730K [0x00000000e0000000, 0x00000000e4400000, 0x0000000100000000)
  eden space 29696K, 99% used [0x00000000e0000000,0x00000000e1cfc9f0,0x00000000e1d00000)
  from space 2048K, 100% used [0x00000000e1d00000,0x00000000e1f00000,0x00000000e1f00000)
  to   space 5120K, 0% used [0x00000000e3f00000,0x00000000e3f00000,0x00000000e4400000)
 ParOldGen       total 38400K, used 5624K [0x00000000a0000000, 0x00000000a2580000, 0x00000000e0000000)
  object space 38400K, 14% used [0x00000000a0000000,0x00000000a057e048,0x00000000a2580000)
 Metaspace       used 14019K, capacity 14438K, committed 14720K, reserved 1062912K
  class space    used 1967K, capacity 2107K, committed 2176K, reserved 1048576K
Event: 3.347 GC heap after
Heap after GC invocations=6 (full 0):
 PSYoungGen      total 63488K, used 5099K [0x00000000e0000000, 0x00000000e4600000, 0x0000000100000000)
  eden space 58368K, 0% used [0x00000000e0000000,0x00000000e0000000,0x00000000e3900000)
  from space 5120K, 99% used [0x00000000e3f00000,0x00000000e43fadf0,0x00000000e4400000)
  to   space 6144K, 0% used [0x00000000e3900000,0x00000000e3900000,0x00000000e3f00000)
 ParOldGen       total 38400K, used 5674K [0x00000000a0000000, 0x00000000a2580000, 0x00000000e0000000)
  object space 38400K, 14% used [0x00000000a0000000,0x00000000a058abd0,0x00000000a2580000)
 Metaspace       used 14019K, capacity 14438K, committed 14720K, reserved 1062912K
  class space    used 1967K, capacity 2107K, committed 2176K, reserved 1048576K
}
Event: 4.399 GC heap before
{Heap before GC invocations=7 (full 0):
 PSYoungGen      total 63488K, used 63467K [0x00000000e0000000, 0x00000000e4600000, 0x0000000100000000)
  eden space 58368K, 100% used [0x00000000e0000000,0x00000000e3900000,0x00000000e3900000)
  from space 5120K, 99% used [0x00000000e3f00000,0x00000000e43fadf0,0x00000000e4400000)
  to   space 6144K, 0% used [0x00000000e3900000,0x00000000e3900000,0x00000000e3f00000)
 ParOldGen       total 38400K, used 5674K [0x00000000a0000000, 0x00000000a2580000, 0x00000000e0000000)
  object space 38400K, 14% used [0x00000000a0000000,0x00000000a058abd0,0x00000000a2580000)
 Metaspace       used 19435K, capacity 19996K, committed 20096K, reserved 1067008K
  class space    used 2736K, capacity 2904K, committed 2944K, reserved 1048576K
Event: 4.415 GC heap after
Heap after GC invocations=7 (full 0):
 PSYoungGen      total 64512K, used 6120K [0x00000000e0000000, 0x00000000e8300000, 0x0000000100000000)
  eden space 58368K, 0% used [0x00000000e0000000,0x00000000e0000000,0x00000000e3900000)
  from space 6144K, 99% used [0x00000000e3900000,0x00000000e3efa2f8,0x00000000e3f00000)
  to   space 8704K, 0% used [0x00000000e7a80000,0x00000000e7a80000,0x00000000e8300000)
 ParOldGen       total 38400K, used 8756K [0x00000000a0000000, 0x00000000a2580000, 0x00000000e0000000)
  object space 38400K, 22% used [0x00000000a0000000,0x00000000a088d0f0,0x00000000a2580000)
 Metaspace       used 19435K, capacity 19996K, committed 20096K, reserved 1067008K
  class space    used 2736K, capacity 2904K, committed 2944K, reserved 1048576K
}
Event: 4.514 GC heap before
{Heap before GC invocations=8 (full 0):
 PSYoungGen      total 64512K, used 9850K [0x00000000e0000000, 0x00000000e8300000, 0x0000000100000000)
  eden space 58368K, 6% used [0x00000000e0000000,0x00000000e03a4558,0x00000000e3900000)
  from space 6144K, 99% used [0x00000000e3900000,0x00000000e3efa2f8,0x00000000e3f00000)
  to   space 8704K, 0% used [0x00000000e7a80000,0x00000000e7a80000,0x00000000e8300000)
 ParOldGen       total 38400K, used 8756K [0x00000000a0000000, 0x00000000a2580000, 0x00000000e0000000)
  object space 38400K, 22% used [0x00000000a0000000,0x00000000a088d0f0,0x00000000a2580000)
 Metaspace       used 19719K, capacity 20300K, committed 20352K, reserved 1071104K
  class space    used 2787K, capacity 2940K, committed 2944K, reserved 1048576K
Event: 4.524 GC heap after
Heap after GC invocations=8 (full 0):
 PSYoungGen      total 124416K, used 3648K [0x00000000e0000000, 0x00000000e8200000, 0x0000000100000000)
  eden space 116736K, 0% used [0x00000000e0000000,0x00000000e0000000,0x00000000e7200000)
  from space 7680K, 47% used [0x00000000e7a80000,0x00000000e7e10030,0x00000000e8200000)
  to   space 8192K, 0% used [0x00000000e7200000,0x00000000e7200000,0x00000000e7a00000)
 ParOldGen       total 38400K, used 9356K [0x00000000a0000000, 0x00000000a2580000, 0x00000000e0000000)
  object space 38400K, 24% used [0x00000000a0000000,0x00000000a09230f0,0x00000000a2580000)
 Metaspace       used 19719K, capacity 20300K, committed 20352K, reserved 1071104K
  class space    used 2787K, capacity 2940K, committed 2944K, reserved 1048576K
}
Event: 4.524 GC heap before
{Heap before GC invocations=9 (full 1):
 PSYoungGen      total 124416K, used 3648K [0x00000000e0000000, 0x00000000e8200000, 0x0000000100000000)
  eden space 116736K, 0% used [0x00000000e0000000,0x00000000e0000000,0x00000000e7200000)
  from space 7680K, 47% used [0x00000000e7a80000,0x00000000e7e10030,0x00000000e8200000)
  to   space 8192K, 0% used [0x00000000e7200000,0x00000000e7200000,0x00000000e7a00000)
 ParOldGen       total 38400K, used 9356K [0x00000000a0000000, 0x00000000a2580000, 0x00000000e0000000)
  object space 38400K, 24% used [0x00000000a0000000,0x00000000a09230f0,0x00000000a2580000)
 Metaspace       used 19719K, capacity 20300K, committed 20352K, reserved 1071104K
  class space    used 2787K, capacity 2940K, committed 2944K, reserved 1048576K
Event: 4.583 GC heap after
Heap after GC invocations=9 (full 1):
 PSYoungGen      total 124416K, used 0K [0x00000000e0000000, 0x00000000e8200000, 0x0000000100000000)
  eden space 116736K, 0% used [0x00000000e0000000,0x00000000e0000000,0x00000000e7200000)
  from space 7680K, 0% used [0x00000000e7a80000,0x00000000e7a80000,0x00000000e8200000)
  to   space 8192K, 0% used [0x00000000e7200000,0x00000000e7200000,0x00000000e7a00000)
 ParOldGen       total 30208K, used 6939K [0x00000000a0000000, 0x00000000a1d80000, 0x00000000e0000000)
  object space 30208K, 22% used [0x00000000a0000000,0x00000000a06c6ee0,0x00000000a1d80000)
 Metaspace       used 19719K, capacity 20300K, committed 20352K, reserved 1069056K
  class space    used 2787K, capacity 2940K, committed 2944K, reserved 1048576K
}

