# JRE version: Java(TM) SE Runtime Environment (8.0_281-b09) (build 1.8.0_281-b09)
# Java VM: Java HotSpot(TM) 64-Bit Server VM (25.281-b09 mixed mode windows-amd64 compressed oops)
Heap:
 PSYoungGen      total 326144K, used 150016K [0x00000000e0000000, 0x00000000f7400000, 0x0000000100000000)
  eden space 274432K, 48% used [0x00000000e0000000,0x00000000e83007c0,0x00000000f0c00000)
  from space 51712K, 30% used [0x00000000f4180000,0x00000000f50ff8e8,0x00000000f7400000)
  to   space 53248K, 0% used [0x00000000f0c00000,0x00000000f0c00000,0x00000000f4000000)
 ParOldGen       total 159232K, used 60649K [0x00000000a0000000, 0x00000000a9b80000, 0x00000000e0000000)
  object space 159232K, 38% used [0x00000000a0000000,0x00000000a3b3a6c0,0x00000000a9b80000)
 Metaspace       used 89851K, capacity 94724K, committed 94976K, reserved 1130496K
  class space    used 12159K, capacity 13018K, committed 13056K, reserved 1048576K
GC Heap History (10 events):
Event: 388.713 GC heap before
{Heap before GC invocations=27 (full 5):
 PSYoungGen      total 218624K, used 164864K [0x00000000e0000000, 0x00000000f2580000, 0x0000000100000000)
  eden space 164864K, 100% used [0x00000000e0000000,0x00000000ea100000,0x00000000ea100000)
  from space 53760K, 0% used [0x00000000ea100000,0x00000000ea100000,0x00000000ed580000)
  to   space 50176K, 0% used [0x00000000ef480000,0x00000000ef480000,0x00000000f2580000)
 ParOldGen       total 159232K, used 51697K [0x00000000a0000000, 0x00000000a9b80000, 0x00000000e0000000)
  object space 159232K, 32% used [0x00000000a0000000,0x00000000a327c7b0,0x00000000a9b80000)
 Metaspace       used 88108K, capacity 92506K, committed 92800K, reserved 1128448K
  class space    used 12064K, capacity 12871K, committed 12928K, reserved 1048576K
Event: 388.747 GC heap after
Heap after GC invocations=27 (full 5):
 PSYoungGen      total 245248K, used 16067K [0x00000000e0000000, 0x00000000f2080000, 0x0000000100000000)
  eden space 200192K, 0% used [0x00000000e0000000,0x00000000e0000000,0x00000000ec380000)
  from space 45056K, 35% used [0x00000000ef480000,0x00000000f0430e30,0x00000000f2080000)
  to   space 47616K, 0% used [0x00000000ec380000,0x00000000ec380000,0x00000000ef200000)
 ParOldGen       total 159232K, used 51705K [0x00000000a0000000, 0x00000000a9b80000, 0x00000000e0000000)
  object space 159232K, 32% used [0x00000000a0000000,0x00000000a327e7b0,0x00000000a9b80000)
 Metaspace       used 88108K, capacity 92506K, committed 92800K, reserved 1128448K
  class space    used 12064K, capacity 12871K, committed 12928K, reserved 1048576K
}
Event: 391.943 GC heap before
{Heap before GC invocations=28 (full 5):
 PSYoungGen      total 245248K, used 216259K [0x00000000e0000000, 0x00000000f2080000, 0x0000000100000000)
  eden space 200192K, 100% used [0x00000000e0000000,0x00000000ec380000,0x00000000ec380000)
  from space 45056K, 35% used [0x00000000ef480000,0x00000000f0430e30,0x00000000f2080000)
  to   space 47616K, 0% used [0x00000000ec380000,0x00000000ec380000,0x00000000ef200000)
 ParOldGen       total 159232K, used 51705K [0x00000000a0000000, 0x00000000a9b80000, 0x00000000e0000000)
  object space 159232K, 32% used [0x00000000a0000000,0x00000000a327e7b0,0x00000000a9b80000)
 Metaspace       used 88160K, capacity 92510K, committed 92800K, reserved 1128448K
  class space    used 12065K, capacity 12871K, committed 12928K, reserved 1048576K
Event: 392.194 GC heap after
Heap after GC invocations=28 (full 5):
 PSYoungGen      total 247808K, used 31447K [0x00000000e0000000, 0x00000000f5380000, 0x0000000100000000)
  eden space 200192K, 0% used [0x00000000e0000000,0x00000000e0000000,0x00000000ec380000)
  from space 47616K, 66% used [0x00000000ec380000,0x00000000ee235c90,0x00000000ef200000)
  to   space 49664K, 0% used [0x00000000f2300000,0x00000000f2300000,0x00000000f5380000)
 ParOldGen       total 159232K, used 59998K [0x00000000a0000000, 0x00000000a9b80000, 0x00000000e0000000)
  object space 159232K, 37% used [0x00000000a0000000,0x00000000a3a97ac8,0x00000000a9b80000)
 Metaspace       used 88160K, capacity 92510K, committed 92800K, reserved 1128448K
  class space    used 12065K, capacity 12871K, committed 12928K, reserved 1048576K
}
Event: 508.655 GC heap before
{Heap before GC invocations=29 (full 5):
 PSYoungGen      total 247808K, used 231639K [0x00000000e0000000, 0x00000000f5380000, 0x0000000100000000)
  eden space 200192K, 100% used [0x00000000e0000000,0x00000000ec380000,0x00000000ec380000)
  from space 47616K, 66% used [0x00000000ec380000,0x00000000ee235c90,0x00000000ef200000)
  to   space 49664K, 0% used [0x00000000f2300000,0x00000000f2300000,0x00000000f5380000)
 ParOldGen       total 159232K, used 59998K [0x00000000a0000000, 0x00000000a9b80000, 0x00000000e0000000)
  object space 159232K, 37% used [0x00000000a0000000,0x00000000a3a97ac8,0x00000000a9b80000)
 Metaspace       used 88594K, capacity 93208K, committed 93440K, reserved 1130496K
  class space    used 12100K, capacity 12930K, committed 13056K, reserved 1048576K
Event: 508.978 GC heap after
Heap after GC invocations=29 (full 5):
 PSYoungGen      total 290304K, used 49039K [0x00000000e0000000, 0x00000000f5d00000, 0x0000000100000000)
  eden space 240640K, 0% used [0x00000000e0000000,0x00000000e0000000,0x00000000eeb00000)
  from space 49664K, 98% used [0x00000000f2300000,0x00000000f52e3cc8,0x00000000f5380000)
  to   space 57344K, 0% used [0x00000000eeb00000,0x00000000eeb00000,0x00000000f2300000)
 ParOldGen       total 159232K, used 60062K [0x00000000a0000000, 0x00000000a9b80000, 0x00000000e0000000)
  object space 159232K, 37% used [0x00000000a0000000,0x00000000a3aa7ad8,0x00000000a9b80000)
 Metaspace       used 88594K, capacity 93208K, committed 93440K, reserved 1130496K
  class space    used 12100K, capacity 12930K, committed 13056K, reserved 1048576K
}
Event: 677.469 GC heap before
{Heap before GC invocations=30 (full 5):
 PSYoungGen      total 290304K, used 289679K [0x00000000e0000000, 0x00000000f5d00000, 0x0000000100000000)
  eden space 240640K, 100% used [0x00000000e0000000,0x00000000eeb00000,0x00000000eeb00000)
  from space 49664K, 98% used [0x00000000f2300000,0x00000000f52e3cc8,0x00000000f5380000)
  to   space 57344K, 0% used [0x00000000eeb00000,0x00000000eeb00000,0x00000000f2300000)
 ParOldGen       total 159232K, used 60062K [0x00000000a0000000, 0x00000000a9b80000, 0x00000000e0000000)
  object space 159232K, 37% used [0x00000000a0000000,0x00000000a3aa7ad8,0x00000000a9b80000)
 Metaspace       used 89287K, capacity 93854K, committed 94208K, reserved 1130496K
  class space    used 12109K, capacity 12931K, committed 13056K, reserved 1048576K
Event: 677.549 GC heap after
Heap after GC invocations=30 (full 5):
 PSYoungGen      total 297984K, used 15020K [0x00000000e0000000, 0x00000000f7780000, 0x0000000100000000)
  eden space 240640K, 0% used [0x00000000e0000000,0x00000000e0000000,0x00000000eeb00000)
  from space 57344K, 26% used [0x00000000eeb00000,0x00000000ef9ab198,0x00000000f2300000)
  to   space 55296K, 0% used [0x00000000f4180000,0x00000000f4180000,0x00000000f7780000)
 ParOldGen       total 159232K, used 60649K [0x00000000a0000000, 0x00000000a9b80000, 0x00000000e0000000)
  object space 159232K, 38% used [0x00000000a0000000,0x00000000a3b3a6c0,0x00000000a9b80000)
 Metaspace       used 89287K, capacity 93854K, committed 94208K, reserved 1130496K
  class space    used 12109K, capacity 12931K, committed 13056K, reserved 1048576K
}
Event: 681.034 GC heap before
{Heap before GC invocations=31 (full 5):
 PSYoungGen      total 297984K, used 255632K [0x00000000e0000000, 0x00000000f7780000, 0x0000000100000000)
  eden space 240640K, 99% used [0x00000000e0000000,0x00000000eeaf8e90,0x00000000eeb00000)
  from space 57344K, 26% used [0x00000000eeb00000,0x00000000ef9ab198,0x00000000f2300000)
  to   space 55296K, 0% used [0x00000000f4180000,0x00000000f4180000,0x00000000f7780000)
 ParOldGen       total 159232K, used 60649K [0x00000000a0000000, 0x00000000a9b80000, 0x00000000e0000000)
  object space 159232K, 38% used [0x00000000a0000000,0x00000000a3b3a6c0,0x00000000a9b80000)
 Metaspace       used 89340K, capacity 93936K, committed 94208K, reserved 1130496K
  class space    used 12110K, capacity 12932K, committed 13056K, reserved 1048576K
Event: 681.137 GC heap after
Heap after GC invocations=31 (full 5):
 PSYoungGen      total 326144K, used 15870K [0x00000000e0000000, 0x00000000f7400000, 0x0000000100000000)
  eden space 274432K, 0% used [0x00000000e0000000,0x00000000e0000000,0x00000000f0c00000)
  from space 51712K, 30% used [0x00000000f4180000,0x00000000f50ff8e8,0x00000000f7400000)
  to   space 53248K, 0% used [0x00000000f0c00000,0x00000000f0c00000,0x00000000f4000000)
 ParOldGen       total 159232K, used 60649K [0x00000000a0000000, 0x00000000a9b80000, 0x00000000e0000000)
  object space 159232K, 38% used [0x00000000a0000000,0x00000000a3b3a6c0,0x00000000a9b80000)
 Metaspace       used 89340K, capacity 93936K, committed 94208K, reserved 1130496K
  class space    used 12110K, capacity 12932K, committed 13056K, reserved 1048576K
}

