# JRE version: Java(TM) SE Runtime Environment (8.0_281-b09) (build 1.8.0_281-b09)
# Java VM: Java HotSpot(TM) 64-Bit Server VM (25.281-b09 mixed mode windows-amd64 compressed oops)
Heap:
 PSYoungGen      total 314880K, used 86964K [0x00000000e0000000, 0x00000000f9500000, 0x0000000100000000)
  eden space 262656K, 32% used [0x00000000e0000000,0x00000000e527d120,0x00000000f0080000)
  from space 52224K, 4% used [0x00000000f0080000,0x00000000f02f0000,0x00000000f3380000)
  to   space 51712K, 0% used [0x00000000f6280000,0x00000000f6280000,0x00000000f9500000)
 ParOldGen       total 96256K, used 60486K [0x00000000a0000000, 0x00000000a5e00000, 0x00000000e0000000)
  object space 96256K, 62% used [0x00000000a0000000,0x00000000a3b11988,0x00000000a5e00000)
 Metaspace       used 88629K, capacity 93244K, committed 93312K, reserved 1130496K
  class space    used 12083K, capacity 12916K, committed 12928K, reserved 1048576K
GC Heap History (10 events):
Event: 27.001 GC heap before
{Heap before GC invocations=14 (full 3):
 PSYoungGen      total 256000K, used 239616K [0x00000000e0000000, 0x00000000f1f80000, 0x0000000100000000)
  eden space 239616K, 100% used [0x00000000e0000000,0x00000000eea00000,0x00000000eea00000)
  from space 16384K, 0% used [0x00000000eff80000,0x00000000eff80000,0x00000000f0f80000)
  to   space 22016K, 0% used [0x00000000eea00000,0x00000000eea00000,0x00000000eff80000)
 ParOldGen       total 88064K, used 36214K [0x00000000a0000000, 0x00000000a5600000, 0x00000000e0000000)
  object space 88064K, 41% used [0x00000000a0000000,0x00000000a235d810,0x00000000a5600000)
 Metaspace       used 69573K, capacity 72634K, committed 72832K, reserved 1112064K
  class space    used 9713K, capacity 10309K, committed 10368K, reserved 1048576K
Event: 27.055 GC heap after
Heap after GC invocations=14 (full 3):
 PSYoungGen      total 261632K, used 21993K [0x00000000e0000000, 0x00000000f4f00000, 0x0000000100000000)
  eden space 239616K, 0% used [0x00000000e0000000,0x00000000e0000000,0x00000000eea00000)
  from space 22016K, 99% used [0x00000000eea00000,0x00000000eff7a790,0x00000000eff80000)
  to   space 28160K, 0% used [0x00000000f3380000,0x00000000f3380000,0x00000000f4f00000)
 ParOldGen       total 88064K, used 42954K [0x00000000a0000000, 0x00000000a5600000, 0x00000000e0000000)
  object space 88064K, 48% used [0x00000000a0000000,0x00000000a29f2a28,0x00000000a5600000)
 Metaspace       used 69573K, capacity 72634K, committed 72832K, reserved 1112064K
  class space    used 9713K, capacity 10309K, committed 10368K, reserved 1048576K
}
Event: 33.071 GC heap before
{Heap before GC invocations=15 (full 3):
 PSYoungGen      total 261632K, used 261609K [0x00000000e0000000, 0x00000000f4f00000, 0x0000000100000000)
  eden space 239616K, 100% used [0x00000000e0000000,0x00000000eea00000,0x00000000eea00000)
  from space 22016K, 99% used [0x00000000eea00000,0x00000000eff7a790,0x00000000eff80000)
  to   space 28160K, 0% used [0x00000000f3380000,0x00000000f3380000,0x00000000f4f00000)
 ParOldGen       total 88064K, used 42954K [0x00000000a0000000, 0x00000000a5600000, 0x00000000e0000000)
  object space 88064K, 48% used [0x00000000a0000000,0x00000000a29f2a28,0x00000000a5600000)
 Metaspace       used 79506K, capacity 83544K, committed 83712K, reserved 1120256K
  class space    used 11253K, capacity 12008K, committed 12032K, reserved 1048576K
Event: 33.228 GC heap after
Heap after GC invocations=15 (full 3):
 PSYoungGen      total 290816K, used 28129K [0x00000000e0000000, 0x00000000f8480000, 0x0000000100000000)
  eden space 262656K, 0% used [0x00000000e0000000,0x00000000e0000000,0x00000000f0080000)
  from space 28160K, 99% used [0x00000000f3380000,0x00000000f4ef86f8,0x00000000f4f00000)
  to   space 52224K, 0% used [0x00000000f0080000,0x00000000f0080000,0x00000000f3380000)
 ParOldGen       total 96256K, used 96222K [0x00000000a0000000, 0x00000000a5e00000, 0x00000000e0000000)
  object space 96256K, 99% used [0x00000000a0000000,0x00000000a5df7b60,0x00000000a5e00000)
 Metaspace       used 79506K, capacity 83544K, committed 83712K, reserved 1120256K
  class space    used 11253K, capacity 12008K, committed 12032K, reserved 1048576K
}
Event: 33.228 GC heap before
{Heap before GC invocations=16 (full 4):
 PSYoungGen      total 290816K, used 28129K [0x00000000e0000000, 0x00000000f8480000, 0x0000000100000000)
  eden space 262656K, 0% used [0x00000000e0000000,0x00000000e0000000,0x00000000f0080000)
  from space 28160K, 99% used [0x00000000f3380000,0x00000000f4ef86f8,0x00000000f4f00000)
  to   space 52224K, 0% used [0x00000000f0080000,0x00000000f0080000,0x00000000f3380000)
 ParOldGen       total 96256K, used 96222K [0x00000000a0000000, 0x00000000a5e00000, 0x00000000e0000000)
  object space 96256K, 99% used [0x00000000a0000000,0x00000000a5df7b60,0x00000000a5e00000)
 Metaspace       used 79506K, capacity 83544K, committed 83712K, reserved 1120256K
  class space    used 11253K, capacity 12008K, committed 12032K, reserved 1048576K
Event: 34.000 GC heap after
Heap after GC invocations=16 (full 4):
 PSYoungGen      total 290816K, used 9173K [0x00000000e0000000, 0x00000000f8480000, 0x0000000100000000)
  eden space 262656K, 0% used [0x00000000e0000000,0x00000000e0000000,0x00000000f0080000)
  from space 28160K, 32% used [0x00000000f3380000,0x00000000f3c75760,0x00000000f4f00000)
  to   space 52224K, 0% used [0x00000000f0080000,0x00000000f0080000,0x00000000f3380000)
 ParOldGen       total 96256K, used 95882K [0x00000000a0000000, 0x00000000a5e00000, 0x00000000e0000000)
  object space 96256K, 99% used [0x00000000a0000000,0x00000000a5da2bc0,0x00000000a5e00000)
 Metaspace       used 79506K, capacity 83544K, committed 83712K, reserved 1120256K
  class space    used 11253K, capacity 12008K, committed 12032K, reserved 1048576K
}
Event: 121.407 GC heap before
{Heap before GC invocations=17 (full 5):
 PSYoungGen      total 290816K, used 271829K [0x00000000e0000000, 0x00000000f8480000, 0x0000000100000000)
  eden space 262656K, 100% used [0x00000000e0000000,0x00000000f0080000,0x00000000f0080000)
  from space 28160K, 32% used [0x00000000f3380000,0x00000000f3c75760,0x00000000f4f00000)
  to   space 52224K, 0% used [0x00000000f0080000,0x00000000f0080000,0x00000000f3380000)
 ParOldGen       total 96256K, used 95882K [0x00000000a0000000, 0x00000000a5e00000, 0x00000000e0000000)
  object space 96256K, 99% used [0x00000000a0000000,0x00000000a5da2bc0,0x00000000a5e00000)
 Metaspace       used 87146K, capacity 91414K, committed 91648K, reserved 1128448K
  class space    used 12000K, capacity 12773K, committed 12800K, reserved 1048576K
Event: 121.726 GC heap after
Heap after GC invocations=17 (full 5):
 PSYoungGen      total 290816K, used 0K [0x00000000e0000000, 0x00000000f8480000, 0x0000000100000000)
  eden space 262656K, 0% used [0x00000000e0000000,0x00000000e0000000,0x00000000f0080000)
  from space 28160K, 0% used [0x00000000f3380000,0x00000000f3380000,0x00000000f4f00000)
  to   space 52224K, 0% used [0x00000000f0080000,0x00000000f0080000,0x00000000f3380000)
 ParOldGen       total 96256K, used 60478K [0x00000000a0000000, 0x00000000a5e00000, 0x00000000e0000000)
  object space 96256K, 62% used [0x00000000a0000000,0x00000000a3b0f988,0x00000000a5e00000)
 Metaspace       used 87146K, capacity 91414K, committed 91648K, reserved 1128448K
  class space    used 12000K, capacity 12773K, committed 12800K, reserved 1048576K
}
Event: 483.104 GC heap before
{Heap before GC invocations=18 (full 5):
 PSYoungGen      total 290816K, used 262656K [0x00000000e0000000, 0x00000000f8480000, 0x0000000100000000)
  eden space 262656K, 100% used [0x00000000e0000000,0x00000000f0080000,0x00000000f0080000)
  from space 28160K, 0% used [0x00000000f3380000,0x00000000f3380000,0x00000000f4f00000)
  to   space 52224K, 0% used [0x00000000f0080000,0x00000000f0080000,0x00000000f3380000)
 ParOldGen       total 96256K, used 60478K [0x00000000a0000000, 0x00000000a5e00000, 0x00000000e0000000)
  object space 96256K, 62% used [0x00000000a0000000,0x00000000a3b0f988,0x00000000a5e00000)
 Metaspace       used 88215K, capacity 92666K, committed 92800K, reserved 1128448K
  class space    used 12049K, capacity 12857K, committed 12928K, reserved 1048576K
Event: 483.148 GC heap after
Heap after GC invocations=18 (full 5):
 PSYoungGen      total 314880K, used 2496K [0x00000000e0000000, 0x00000000f9500000, 0x0000000100000000)
  eden space 262656K, 0% used [0x00000000e0000000,0x00000000e0000000,0x00000000f0080000)
  from space 52224K, 4% used [0x00000000f0080000,0x00000000f02f0000,0x00000000f3380000)
  to   space 51712K, 0% used [0x00000000f6280000,0x00000000f6280000,0x00000000f9500000)
 ParOldGen       total 96256K, used 60486K [0x00000000a0000000, 0x00000000a5e00000, 0x00000000e0000000)
  object space 96256K, 62% used [0x00000000a0000000,0x00000000a3b11988,0x00000000a5e00000)
 Metaspace       used 88215K, capacity 92666K, committed 92800K, reserved 1128448K
  class space    used 12049K, capacity 12857K, committed 12928K, reserved 1048576K
}

