# JRE version: Java(TM) SE Runtime Environment (8.0_281-b09) (build 1.8.0_281-b09)
# Java VM: Java HotSpot(TM) 64-Bit Server VM (25.281-b09 mixed mode windows-amd64 compressed oops)
Heap:
 PSYoungGen      total 200192K, used 87211K [0x00000000e0000000, 0x00000000ed100000, 0x0000000100000000)
  eden space 187392K, 39% used [0x00000000e0000000,0x00000000e48adae8,0x00000000eb700000)
  from space 12800K, 99% used [0x00000000eb700000,0x00000000ec37d358,0x00000000ec380000)
  to   space 12288K, 0% used [0x00000000ec380000,0x00000000ec380000,0x00000000ecf80000)
 ParOldGen       total 52736K, used 17248K [0x00000000a0000000, 0x00000000a3380000, 0x00000000e0000000)
  object space 52736K, 32% used [0x00000000a0000000,0x00000000a10d81c8,0x00000000a3380000)
 Metaspace       used 50683K, capacity 52732K, committed 52864K, reserved 1095680K
  class space    used 6846K, capacity 7250K, committed 7296K, reserved 1048576K
GC Heap History (10 events):
Event: 5.200 GC heap before
{Heap before GC invocations=7 (full 1):
 PSYoungGen      total 125952K, used 6747K [0x00000000e0000000, 0x00000000e8600000, 0x0000000100000000)
  eden space 117760K, 0% used [0x00000000e0000000,0x00000000e0000000,0x00000000e7300000)
  from space 8192K, 82% used [0x00000000e7c00000,0x00000000e8296c70,0x00000000e8400000)
  to   space 9216K, 0% used [0x00000000e7300000,0x00000000e7300000,0x00000000e7c00000)
 ParOldGen       total 38400K, used 11586K [0x00000000a0000000, 0x00000000a2580000, 0x00000000e0000000)
  object space 38400K, 30% used [0x00000000a0000000,0x00000000a0b50850,0x00000000a2580000)
 Metaspace       used 20456K, capacity 21158K, committed 21296K, reserved 1067008K
  class space    used 2918K, capacity 3123K, committed 3200K, reserved 1048576K
Event: 5.262 GC heap after
Heap after GC invocations=7 (full 1):
 PSYoungGen      total 125952K, used 0K [0x00000000e0000000, 0x00000000e8600000, 0x0000000100000000)
  eden space 117760K, 0% used [0x00000000e0000000,0x00000000e0000000,0x00000000e7300000)
  from space 8192K, 0% used [0x00000000e7c00000,0x00000000e7c00000,0x00000000e8400000)
  to   space 9216K, 0% used [0x00000000e7300000,0x00000000e7300000,0x00000000e7c00000)
 ParOldGen       total 41472K, used 15456K [0x00000000a0000000, 0x00000000a2880000, 0x00000000e0000000)
  object space 41472K, 37% used [0x00000000a0000000,0x00000000a0f182d8,0x00000000a2880000)
 Metaspace       used 20456K, capacity 21158K, committed 21296K, reserved 1067008K
  class space    used 2918K, capacity 3123K, committed 3200K, reserved 1048576K
}
Event: 8.067 GC heap before
{Heap before GC invocations=8 (full 1):
 PSYoungGen      total 125952K, used 117760K [0x00000000e0000000, 0x00000000e8600000, 0x0000000100000000)
  eden space 117760K, 100% used [0x00000000e0000000,0x00000000e7300000,0x00000000e7300000)
  from space 8192K, 0% used [0x00000000e7c00000,0x00000000e7c00000,0x00000000e8400000)
  to   space 9216K, 0% used [0x00000000e7300000,0x00000000e7300000,0x00000000e7c00000)
 ParOldGen       total 41472K, used 15456K [0x00000000a0000000, 0x00000000a2880000, 0x00000000e0000000)
  object space 41472K, 37% used [0x00000000a0000000,0x00000000a0f182d8,0x00000000a2880000)
 Metaspace       used 32050K, capacity 33136K, committed 33408K, reserved 1077248K
  class space    used 4398K, capacity 4643K, committed 4736K, reserved 1048576K
Event: 8.090 GC heap after
Heap after GC invocations=8 (full 1):
 PSYoungGen      total 126976K, used 9209K [0x00000000e0000000, 0x00000000ecf80000, 0x0000000100000000)
  eden space 117760K, 0% used [0x00000000e0000000,0x00000000e0000000,0x00000000e7300000)
  from space 9216K, 99% used [0x00000000e7300000,0x00000000e7bfe788,0x00000000e7c00000)
  to   space 12288K, 0% used [0x00000000ec380000,0x00000000ec380000,0x00000000ecf80000)
 ParOldGen       total 41472K, used 18496K [0x00000000a0000000, 0x00000000a2880000, 0x00000000e0000000)
  object space 41472K, 44% used [0x00000000a0000000,0x00000000a1210108,0x00000000a2880000)
 Metaspace       used 32050K, capacity 33136K, committed 33408K, reserved 1077248K
  class space    used 4398K, capacity 4643K, committed 4736K, reserved 1048576K
}
Event: 8.797 GC heap before
{Heap before GC invocations=9 (full 1):
 PSYoungGen      total 126976K, used 46319K [0x00000000e0000000, 0x00000000ecf80000, 0x0000000100000000)
  eden space 117760K, 31% used [0x00000000e0000000,0x00000000e243d4b0,0x00000000e7300000)
  from space 9216K, 99% used [0x00000000e7300000,0x00000000e7bfe788,0x00000000e7c00000)
  to   space 12288K, 0% used [0x00000000ec380000,0x00000000ec380000,0x00000000ecf80000)
 ParOldGen       total 41472K, used 18496K [0x00000000a0000000, 0x00000000a2880000, 0x00000000e0000000)
  object space 41472K, 44% used [0x00000000a0000000,0x00000000a1210108,0x00000000a2880000)
 Metaspace       used 34133K, capacity 35312K, committed 35496K, reserved 1079296K
  class space    used 4719K, capacity 5013K, committed 5120K, reserved 1048576K
Event: 8.811 GC heap after
Heap after GC invocations=9 (full 1):
 PSYoungGen      total 199680K, used 8304K [0x00000000e0000000, 0x00000000ed100000, 0x0000000100000000)
  eden space 187392K, 0% used [0x00000000e0000000,0x00000000e0000000,0x00000000eb700000)
  from space 12288K, 67% used [0x00000000ec380000,0x00000000ecb9c2a8,0x00000000ecf80000)
  to   space 12800K, 0% used [0x00000000eb700000,0x00000000eb700000,0x00000000ec380000)
 ParOldGen       total 41472K, used 18504K [0x00000000a0000000, 0x00000000a2880000, 0x00000000e0000000)
  object space 41472K, 44% used [0x00000000a0000000,0x00000000a1212108,0x00000000a2880000)
 Metaspace       used 34133K, capacity 35312K, committed 35496K, reserved 1079296K
  class space    used 4719K, capacity 5013K, committed 5120K, reserved 1048576K
}
Event: 8.811 GC heap before
{Heap before GC invocations=10 (full 2):
 PSYoungGen      total 199680K, used 8304K [0x00000000e0000000, 0x00000000ed100000, 0x0000000100000000)
  eden space 187392K, 0% used [0x00000000e0000000,0x00000000e0000000,0x00000000eb700000)
  from space 12288K, 67% used [0x00000000ec380000,0x00000000ecb9c2a8,0x00000000ecf80000)
  to   space 12800K, 0% used [0x00000000eb700000,0x00000000eb700000,0x00000000ec380000)
 ParOldGen       total 41472K, used 18504K [0x00000000a0000000, 0x00000000a2880000, 0x00000000e0000000)
  object space 41472K, 44% used [0x00000000a0000000,0x00000000a1212108,0x00000000a2880000)
 Metaspace       used 34133K, capacity 35312K, committed 35496K, reserved 1079296K
  class space    used 4719K, capacity 5013K, committed 5120K, reserved 1048576K
Event: 8.931 GC heap after
Heap after GC invocations=10 (full 2):
 PSYoungGen      total 199680K, used 0K [0x00000000e0000000, 0x00000000ed100000, 0x0000000100000000)
  eden space 187392K, 0% used [0x00000000e0000000,0x00000000e0000000,0x00000000eb700000)
  from space 12288K, 0% used [0x00000000ec380000,0x00000000ec380000,0x00000000ecf80000)
  to   space 12800K, 0% used [0x00000000eb700000,0x00000000eb700000,0x00000000ec380000)
 ParOldGen       total 52736K, used 14799K [0x00000000a0000000, 0x00000000a3380000, 0x00000000e0000000)
  object space 52736K, 28% used [0x00000000a0000000,0x00000000a0e73fb0,0x00000000a3380000)
 Metaspace       used 34133K, capacity 35312K, committed 35496K, reserved 1079296K
  class space    used 4719K, capacity 5013K, committed 5120K, reserved 1048576K
}
Event: 13.576 GC heap before
{Heap before GC invocations=11 (full 2):
 PSYoungGen      total 199680K, used 187392K [0x00000000e0000000, 0x00000000ed100000, 0x0000000100000000)
  eden space 187392K, 100% used [0x00000000e0000000,0x00000000eb700000,0x00000000eb700000)
  from space 12288K, 0% used [0x00000000ec380000,0x00000000ec380000,0x00000000ecf80000)
  to   space 12800K, 0% used [0x00000000eb700000,0x00000000eb700000,0x00000000ec380000)
 ParOldGen       total 52736K, used 14799K [0x00000000a0000000, 0x00000000a3380000, 0x00000000e0000000)
  object space 52736K, 28% used [0x00000000a0000000,0x00000000a0e73fb0,0x00000000a3380000)
 Metaspace       used 42835K, capacity 44774K, committed 44928K, reserved 1087488K
  class space    used 5865K, capacity 6241K, committed 6272K, reserved 1048576K
Event: 13.623 GC heap after
Heap after GC invocations=11 (full 2):
 PSYoungGen      total 200192K, used 12788K [0x00000000e0000000, 0x00000000ed100000, 0x0000000100000000)
  eden space 187392K, 0% used [0x00000000e0000000,0x00000000e0000000,0x00000000eb700000)
  from space 12800K, 99% used [0x00000000eb700000,0x00000000ec37d358,0x00000000ec380000)
  to   space 12288K, 0% used [0x00000000ec380000,0x00000000ec380000,0x00000000ecf80000)
 ParOldGen       total 52736K, used 17248K [0x00000000a0000000, 0x00000000a3380000, 0x00000000e0000000)
  object space 52736K, 32% used [0x00000000a0000000,0x00000000a10d81c8,0x00000000a3380000)
 Metaspace       used 42835K, capacity 44774K, committed 44928K, reserved 1087488K
  class space    used 5865K, capacity 6241K, committed 6272K, reserved 1048576K
}

