# JRE version: Java(TM) SE Runtime Environment (8.0_281-b09) (build 1.8.0_281-b09)
# Java VM: Java HotSpot(TM) 64-Bit Server VM (25.281-b09 mixed mode windows-amd64 compressed oops)
Heap:
 PSYoungGen      total 161792K, used 43383K [0x00000000e0000000, 0x00000000eb680000, 0x0000000100000000)
  eden space 147968K, 29% used [0x00000000e0000000,0x00000000e2a5dc98,0x00000000e9080000)
  from space 13824K, 0% used [0x00000000ea900000,0x00000000ea900000,0x00000000eb680000)
  to   space 19456K, 0% used [0x00000000e9080000,0x00000000e9080000,0x00000000ea380000)
 ParOldGen       total 52224K, used 39375K [0x00000000a0000000, 0x00000000a3300000, 0x00000000e0000000)
  object space 52224K, 75% used [0x00000000a0000000,0x00000000a2673e40,0x00000000a3300000)
 Metaspace       used 63568K, capacity 66362K, committed 66560K, reserved 1107968K
  class space    used 8919K, capacity 9468K, committed 9472K, reserved 1048576K
GC Heap History (10 events):
Event: 13.570 GC heap before
{Heap before GC invocations=16 (full 2):
 PSYoungGen      total 109056K, used 105639K [0x00000000e0000000, 0x00000000e8f00000, 0x0000000100000000)
  eden space 99328K, 100% used [0x00000000e0000000,0x00000000e6100000,0x00000000e6100000)
  from space 9728K, 64% used [0x00000000e6100000,0x00000000e6729fa8,0x00000000e6a80000)
  to   space 9728K, 0% used [0x00000000e8580000,0x00000000e8580000,0x00000000e8f00000)
 ParOldGen       total 52224K, used 14443K [0x00000000a0000000, 0x00000000a3300000, 0x00000000e0000000)
  object space 52224K, 27% used [0x00000000a0000000,0x00000000a0e1ae80,0x00000000a3300000)
 Metaspace       used 47352K, capacity 49138K, committed 49408K, reserved 1091584K
  class space    used 6529K, capacity 6896K, committed 6912K, reserved 1048576K
Event: 13.614 GC heap after
Heap after GC invocations=16 (full 2):
 PSYoungGen      total 132608K, used 9708K [0x00000000e0000000, 0x00000000e9680000, 0x0000000100000000)
  eden space 122880K, 0% used [0x00000000e0000000,0x00000000e0000000,0x00000000e7800000)
  from space 9728K, 99% used [0x00000000e8580000,0x00000000e8efb310,0x00000000e8f00000)
  to   space 13824K, 0% used [0x00000000e7800000,0x00000000e7800000,0x00000000e8580000)
 ParOldGen       total 52224K, used 21279K [0x00000000a0000000, 0x00000000a3300000, 0x00000000e0000000)
  object space 52224K, 40% used [0x00000000a0000000,0x00000000a14c7f08,0x00000000a3300000)
 Metaspace       used 47352K, capacity 49138K, committed 49408K, reserved 1091584K
  class space    used 6529K, capacity 6896K, committed 6912K, reserved 1048576K
}
Event: 17.164 GC heap before
{Heap before GC invocations=17 (full 2):
 PSYoungGen      total 132608K, used 128013K [0x00000000e0000000, 0x00000000e9680000, 0x0000000100000000)
  eden space 122880K, 96% used [0x00000000e0000000,0x00000000e73881d8,0x00000000e7800000)
  from space 9728K, 99% used [0x00000000e8580000,0x00000000e8efb310,0x00000000e8f00000)
  to   space 13824K, 0% used [0x00000000e7800000,0x00000000e7800000,0x00000000e8580000)
 ParOldGen       total 52224K, used 21279K [0x00000000a0000000, 0x00000000a3300000, 0x00000000e0000000)
  object space 52224K, 40% used [0x00000000a0000000,0x00000000a14c7f08,0x00000000a3300000)
 Metaspace       used 56847K, capacity 59052K, committed 59136K, reserved 1099776K
  class space    used 7925K, capacity 8409K, committed 8448K, reserved 1048576K
Event: 17.196 GC heap after
Heap after GC invocations=17 (full 2):
 PSYoungGen      total 136704K, used 13821K [0x00000000e0000000, 0x00000000ebc00000, 0x0000000100000000)
  eden space 122880K, 0% used [0x00000000e0000000,0x00000000e0000000,0x00000000e7800000)
  from space 13824K, 99% used [0x00000000e7800000,0x00000000e857f4f0,0x00000000e8580000)
  to   space 19456K, 0% used [0x00000000ea900000,0x00000000ea900000,0x00000000ebc00000)
 ParOldGen       total 52224K, used 30892K [0x00000000a0000000, 0x00000000a3300000, 0x00000000e0000000)
  object space 52224K, 59% used [0x00000000a0000000,0x00000000a1e2b3c0,0x00000000a3300000)
 Metaspace       used 56847K, capacity 59052K, committed 59136K, reserved 1099776K
  class space    used 7925K, capacity 8409K, committed 8448K, reserved 1048576K
}
Event: 17.196 GC heap before
{Heap before GC invocations=18 (full 3):
 PSYoungGen      total 136704K, used 13821K [0x00000000e0000000, 0x00000000ebc00000, 0x0000000100000000)
  eden space 122880K, 0% used [0x00000000e0000000,0x00000000e0000000,0x00000000e7800000)
  from space 13824K, 99% used [0x00000000e7800000,0x00000000e857f4f0,0x00000000e8580000)
  to   space 19456K, 0% used [0x00000000ea900000,0x00000000ea900000,0x00000000ebc00000)
 ParOldGen       total 52224K, used 30892K [0x00000000a0000000, 0x00000000a3300000, 0x00000000e0000000)
  object space 52224K, 59% used [0x00000000a0000000,0x00000000a1e2b3c0,0x00000000a3300000)
 Metaspace       used 56847K, capacity 59052K, committed 59136K, reserved 1099776K
  class space    used 7925K, capacity 8409K, committed 8448K, reserved 1048576K
Event: 17.476 GC heap after
Heap after GC invocations=18 (full 3):
 PSYoungGen      total 136704K, used 0K [0x00000000e0000000, 0x00000000ebc00000, 0x0000000100000000)
  eden space 122880K, 0% used [0x00000000e0000000,0x00000000e0000000,0x00000000e7800000)
  from space 13824K, 0% used [0x00000000e7800000,0x00000000e7800000,0x00000000e8580000)
  to   space 19456K, 0% used [0x00000000ea900000,0x00000000ea900000,0x00000000ebc00000)
 ParOldGen       total 52224K, used 35234K [0x00000000a0000000, 0x00000000a3300000, 0x00000000e0000000)
  object space 52224K, 67% used [0x00000000a0000000,0x00000000a2268b60,0x00000000a3300000)
 Metaspace       used 56842K, capacity 59034K, committed 59136K, reserved 1099776K
  class space    used 7923K, capacity 8406K, committed 8448K, reserved 1048576K
}
Event: 21.751 GC heap before
{Heap before GC invocations=19 (full 3):
 PSYoungGen      total 136704K, used 115617K [0x00000000e0000000, 0x00000000ebc00000, 0x0000000100000000)
  eden space 122880K, 94% used [0x00000000e0000000,0x00000000e70e8440,0x00000000e7800000)
  from space 13824K, 0% used [0x00000000e7800000,0x00000000e7800000,0x00000000e8580000)
  to   space 19456K, 0% used [0x00000000ea900000,0x00000000ea900000,0x00000000ebc00000)
 ParOldGen       total 52224K, used 35234K [0x00000000a0000000, 0x00000000a3300000, 0x00000000e0000000)
  object space 52224K, 67% used [0x00000000a0000000,0x00000000a2268b60,0x00000000a3300000)
 Metaspace       used 63273K, capacity 66026K, committed 66048K, reserved 1110016K
  class space    used 8913K, capacity 9468K, committed 9472K, reserved 1048576K
Event: 21.780 GC heap after
Heap after GC invocations=19 (full 3):
 PSYoungGen      total 161792K, used 11432K [0x00000000e0000000, 0x00000000eb680000, 0x0000000100000000)
  eden space 147968K, 0% used [0x00000000e0000000,0x00000000e0000000,0x00000000e9080000)
  from space 13824K, 82% used [0x00000000ea900000,0x00000000eb42a218,0x00000000eb680000)
  to   space 19456K, 0% used [0x00000000e9080000,0x00000000e9080000,0x00000000ea380000)
 ParOldGen       total 52224K, used 35242K [0x00000000a0000000, 0x00000000a3300000, 0x00000000e0000000)
  object space 52224K, 67% used [0x00000000a0000000,0x00000000a226ab60,0x00000000a3300000)
 Metaspace       used 63273K, capacity 66026K, committed 66048K, reserved 1110016K
  class space    used 8913K, capacity 9468K, committed 9472K, reserved 1048576K
}
Event: 21.780 GC heap before
{Heap before GC invocations=20 (full 4):
 PSYoungGen      total 161792K, used 11432K [0x00000000e0000000, 0x00000000eb680000, 0x0000000100000000)
  eden space 147968K, 0% used [0x00000000e0000000,0x00000000e0000000,0x00000000e9080000)
  from space 13824K, 82% used [0x00000000ea900000,0x00000000eb42a218,0x00000000eb680000)
  to   space 19456K, 0% used [0x00000000e9080000,0x00000000e9080000,0x00000000ea380000)
 ParOldGen       total 52224K, used 35242K [0x00000000a0000000, 0x00000000a3300000, 0x00000000e0000000)
  object space 52224K, 67% used [0x00000000a0000000,0x00000000a226ab60,0x00000000a3300000)
 Metaspace       used 63273K, capacity 66026K, committed 66048K, reserved 1110016K
  class space    used 8913K, capacity 9468K, committed 9472K, reserved 1048576K
Event: 21.966 GC heap after
Heap after GC invocations=20 (full 4):
 PSYoungGen      total 161792K, used 0K [0x00000000e0000000, 0x00000000eb680000, 0x0000000100000000)
  eden space 147968K, 0% used [0x00000000e0000000,0x00000000e0000000,0x00000000e9080000)
  from space 13824K, 0% used [0x00000000ea900000,0x00000000ea900000,0x00000000eb680000)
  to   space 19456K, 0% used [0x00000000e9080000,0x00000000e9080000,0x00000000ea380000)
 ParOldGen       total 52224K, used 39375K [0x00000000a0000000, 0x00000000a3300000, 0x00000000e0000000)
  object space 52224K, 75% used [0x00000000a0000000,0x00000000a2673e40,0x00000000a3300000)
 Metaspace       used 63251K, capacity 65956K, committed 66048K, reserved 1107968K
  class space    used 8905K, capacity 9455K, committed 9472K, reserved 1048576K
}

