# JRE version: Java(TM) SE Runtime Environment (8.0_281-b09) (build 1.8.0_281-b09)
# Java VM: Java HotSpot(TM) 64-Bit Server VM (25.281-b09 mixed mode windows-amd64 compressed oops)
Heap:
 PSYoungGen      total 189952K, used 76426K [0x00000000e0000000, 0x00000000eea00000, 0x0000000100000000)
  eden space 160768K, 47% used [0x00000000e0000000,0x00000000e4aa2888,0x00000000e9d00000)
  from space 29184K, 0% used [0x00000000ecd80000,0x00000000ecd80000,0x00000000eea00000)
  to   space 17408K, 0% used [0x00000000e9d00000,0x00000000e9d00000,0x00000000eae00000)
 ParOldGen       total 85504K, used 56232K [0x00000000a0000000, 0x00000000a5380000, 0x00000000e0000000)
  object space 85504K, 65% used [0x00000000a0000000,0x00000000a36ea010,0x00000000a5380000)
 Metaspace       used 79226K, capacity 83070K, committed 83200K, reserved 1120256K
  class space    used 10925K, capacity 11652K, committed 11776K, reserved 1048576K
GC Heap History (10 events):
Event: 16.922 GC heap before
{Heap before GC invocations=19 (full 3):
 PSYoungGen      total 146432K, used 131584K [0x00000000e0000000, 0x00000000ec300000, 0x0000000100000000)
  eden space 131584K, 100% used [0x00000000e0000000,0x00000000e8080000,0x00000000e8080000)
  from space 14848K, 0% used [0x00000000e8080000,0x00000000e8080000,0x00000000e8f00000)
  to   space 16384K, 0% used [0x00000000eb300000,0x00000000eb300000,0x00000000ec300000)
 ParOldGen       total 85504K, used 34088K [0x00000000a0000000, 0x00000000a5380000, 0x00000000e0000000)
  object space 85504K, 39% used [0x00000000a0000000,0x00000000a214a130,0x00000000a5380000)
 Metaspace       used 63354K, capacity 66178K, committed 66304K, reserved 1105920K
  class space    used 8911K, capacity 9460K, committed 9472K, reserved 1048576K
Event: 16.949 GC heap after
Heap after GC invocations=19 (full 3):
 PSYoungGen      total 171008K, used 12102K [0x00000000e0000000, 0x00000000ebf00000, 0x0000000100000000)
  eden space 158720K, 0% used [0x00000000e0000000,0x00000000e0000000,0x00000000e9b00000)
  from space 12288K, 98% used [0x00000000eb300000,0x00000000ebed1a08,0x00000000ebf00000)
  to   space 17408K, 0% used [0x00000000e9d00000,0x00000000e9d00000,0x00000000eae00000)
 ParOldGen       total 85504K, used 34096K [0x00000000a0000000, 0x00000000a5380000, 0x00000000e0000000)
  object space 85504K, 39% used [0x00000000a0000000,0x00000000a214c130,0x00000000a5380000)
 Metaspace       used 63354K, capacity 66178K, committed 66304K, reserved 1105920K
  class space    used 8911K, capacity 9460K, committed 9472K, reserved 1048576K
}
Event: 21.238 GC heap before
{Heap before GC invocations=20 (full 3):
 PSYoungGen      total 171008K, used 170822K [0x00000000e0000000, 0x00000000ebf00000, 0x0000000100000000)
  eden space 158720K, 100% used [0x00000000e0000000,0x00000000e9b00000,0x00000000e9b00000)
  from space 12288K, 98% used [0x00000000eb300000,0x00000000ebed1a08,0x00000000ebf00000)
  to   space 17408K, 0% used [0x00000000e9d00000,0x00000000e9d00000,0x00000000eae00000)
 ParOldGen       total 85504K, used 34096K [0x00000000a0000000, 0x00000000a5380000, 0x00000000e0000000)
  object space 85504K, 39% used [0x00000000a0000000,0x00000000a214c130,0x00000000a5380000)
 Metaspace       used 68484K, capacity 71606K, committed 71808K, reserved 1110016K
  class space    used 9716K, capacity 10320K, committed 10368K, reserved 1048576K
Event: 21.331 GC heap after
Heap after GC invocations=20 (full 3):
 PSYoungGen      total 178176K, used 17393K [0x00000000e0000000, 0x00000000eea00000, 0x0000000100000000)
  eden space 160768K, 0% used [0x00000000e0000000,0x00000000e0000000,0x00000000e9d00000)
  from space 17408K, 99% used [0x00000000e9d00000,0x00000000eadfc648,0x00000000eae00000)
  to   space 29184K, 0% used [0x00000000ecd80000,0x00000000ecd80000,0x00000000eea00000)
 ParOldGen       total 85504K, used 59193K [0x00000000a0000000, 0x00000000a5380000, 0x00000000e0000000)
  object space 85504K, 69% used [0x00000000a0000000,0x00000000a39ce540,0x00000000a5380000)
 Metaspace       used 68484K, capacity 71606K, committed 71808K, reserved 1110016K
  class space    used 9716K, capacity 10320K, committed 10368K, reserved 1048576K
}
Event: 24.026 GC heap before
{Heap before GC invocations=21 (full 3):
 PSYoungGen      total 178176K, used 178161K [0x00000000e0000000, 0x00000000eea00000, 0x0000000100000000)
  eden space 160768K, 100% used [0x00000000e0000000,0x00000000e9d00000,0x00000000e9d00000)
  from space 17408K, 99% used [0x00000000e9d00000,0x00000000eadfc648,0x00000000eae00000)
  to   space 29184K, 0% used [0x00000000ecd80000,0x00000000ecd80000,0x00000000eea00000)
 ParOldGen       total 85504K, used 59193K [0x00000000a0000000, 0x00000000a5380000, 0x00000000e0000000)
  object space 85504K, 69% used [0x00000000a0000000,0x00000000a39ce540,0x00000000a5380000)
 Metaspace       used 71297K, capacity 74894K, committed 75136K, reserved 1114112K
  class space    used 10103K, capacity 10802K, committed 10880K, reserved 1048576K
Event: 24.144 GC heap after
Heap after GC invocations=21 (full 3):
 PSYoungGen      total 189952K, used 29161K [0x00000000e0000000, 0x00000000eea00000, 0x0000000100000000)
  eden space 160768K, 0% used [0x00000000e0000000,0x00000000e0000000,0x00000000e9d00000)
  from space 29184K, 99% used [0x00000000ecd80000,0x00000000ee9fa7b8,0x00000000eea00000)
  to   space 17408K, 0% used [0x00000000e9d00000,0x00000000e9d00000,0x00000000eae00000)
 ParOldGen       total 85504K, used 84971K [0x00000000a0000000, 0x00000000a5380000, 0x00000000e0000000)
  object space 85504K, 99% used [0x00000000a0000000,0x00000000a52fad48,0x00000000a5380000)
 Metaspace       used 71297K, capacity 74894K, committed 75136K, reserved 1114112K
  class space    used 10103K, capacity 10802K, committed 10880K, reserved 1048576K
}
Event: 24.144 GC heap before
{Heap before GC invocations=22 (full 4):
 PSYoungGen      total 189952K, used 29161K [0x00000000e0000000, 0x00000000eea00000, 0x0000000100000000)
  eden space 160768K, 0% used [0x00000000e0000000,0x00000000e0000000,0x00000000e9d00000)
  from space 29184K, 99% used [0x00000000ecd80000,0x00000000ee9fa7b8,0x00000000eea00000)
  to   space 17408K, 0% used [0x00000000e9d00000,0x00000000e9d00000,0x00000000eae00000)
 ParOldGen       total 85504K, used 84971K [0x00000000a0000000, 0x00000000a5380000, 0x00000000e0000000)
  object space 85504K, 99% used [0x00000000a0000000,0x00000000a52fad48,0x00000000a5380000)
 Metaspace       used 71297K, capacity 74894K, committed 75136K, reserved 1114112K
  class space    used 10103K, capacity 10802K, committed 10880K, reserved 1048576K
Event: 25.162 GC heap after
Heap after GC invocations=22 (full 4):
 PSYoungGen      total 189952K, used 11578K [0x00000000e0000000, 0x00000000eea00000, 0x0000000100000000)
  eden space 160768K, 0% used [0x00000000e0000000,0x00000000e0000000,0x00000000e9d00000)
  from space 29184K, 39% used [0x00000000ecd80000,0x00000000ed8ce970,0x00000000eea00000)
  to   space 17408K, 0% used [0x00000000e9d00000,0x00000000e9d00000,0x00000000eae00000)
 ParOldGen       total 85504K, used 85265K [0x00000000a0000000, 0x00000000a5380000, 0x00000000e0000000)
  object space 85504K, 99% used [0x00000000a0000000,0x00000000a5344768,0x00000000a5380000)
 Metaspace       used 71292K, capacity 74876K, committed 75136K, reserved 1114112K
  class space    used 10101K, capacity 10799K, committed 10880K, reserved 1048576K
}
Event: 69.356 GC heap before
{Heap before GC invocations=23 (full 5):
 PSYoungGen      total 189952K, used 172346K [0x00000000e0000000, 0x00000000eea00000, 0x0000000100000000)
  eden space 160768K, 100% used [0x00000000e0000000,0x00000000e9d00000,0x00000000e9d00000)
  from space 29184K, 39% used [0x00000000ecd80000,0x00000000ed8ce970,0x00000000eea00000)
  to   space 17408K, 0% used [0x00000000e9d00000,0x00000000e9d00000,0x00000000eae00000)
 ParOldGen       total 85504K, used 85265K [0x00000000a0000000, 0x00000000a5380000, 0x00000000e0000000)
  object space 85504K, 99% used [0x00000000a0000000,0x00000000a5344768,0x00000000a5380000)
 Metaspace       used 79000K, capacity 82830K, committed 83072K, reserved 1120256K
  class space    used 10919K, capacity 11648K, committed 11648K, reserved 1048576K
Event: 69.557 GC heap after
Heap after GC invocations=23 (full 5):
 PSYoungGen      total 189952K, used 0K [0x00000000e0000000, 0x00000000eea00000, 0x0000000100000000)
  eden space 160768K, 0% used [0x00000000e0000000,0x00000000e0000000,0x00000000e9d00000)
  from space 29184K, 0% used [0x00000000ecd80000,0x00000000ecd80000,0x00000000eea00000)
  to   space 17408K, 0% used [0x00000000e9d00000,0x00000000e9d00000,0x00000000eae00000)
 ParOldGen       total 85504K, used 56232K [0x00000000a0000000, 0x00000000a5380000, 0x00000000e0000000)
  object space 85504K, 65% used [0x00000000a0000000,0x00000000a36ea010,0x00000000a5380000)
 Metaspace       used 79000K, capacity 82830K, committed 83072K, reserved 1120256K
  class space    used 10919K, capacity 11648K, committed 11648K, reserved 1048576K
}

