# JRE version: Java(TM) SE Runtime Environment (8.0_281-b09) (build 1.8.0_281-b09)
# Java VM: Java HotSpot(TM) 64-Bit Server VM (25.281-b09 mixed mode windows-amd64 compressed oops)
Heap:
 PSYoungGen      total 87552K, used 56541K [0x00000000e0000000, 0x00000000e6000000, 0x0000000100000000)
  eden space 77824K, 72% used [0x00000000e0000000,0x00000000e37377f0,0x00000000e4c00000)
  from space 9728K, 0% used [0x00000000e4c00000,0x00000000e4c00000,0x00000000e5580000)
  to   space 8704K, 0% used [0x00000000e5580000,0x00000000e5580000,0x00000000e5e00000)
 ParOldGen       total 34304K, used 14760K [0x00000000a0000000, 0x00000000a2180000, 0x00000000e0000000)
  object space 34304K, 43% used [0x00000000a0000000,0x00000000a0e6a348,0x00000000a2180000)
 Metaspace       used 36507K, capacity 37896K, committed 38016K, reserved 1081344K
  class space    used 5128K, capacity 5415K, committed 5504K, reserved 1048576K
GC Heap History (10 events):
Event: 4.407 GC heap before
{Heap before GC invocations=9 (full 1):
 PSYoungGen      total 63488K, used 4886K [0x00000000e0000000, 0x00000000e4600000, 0x0000000100000000)
  eden space 58368K, 0% used [0x00000000e0000000,0x00000000e0000000,0x00000000e3900000)
  from space 5120K, 95% used [0x00000000e3f00000,0x00000000e43c5958,0x00000000e4400000)
  to   space 6144K, 0% used [0x00000000e3900000,0x00000000e3900000,0x00000000e3f00000)
 ParOldGen       total 38400K, used 9311K [0x00000000a0000000, 0x00000000a2580000, 0x00000000e0000000)
  object space 38400K, 24% used [0x00000000a0000000,0x00000000a0917ff8,0x00000000a2580000)
 Metaspace       used 20588K, capacity 21190K, committed 21296K, reserved 1067008K
  class space    used 2931K, capacity 3107K, committed 3200K, reserved 1048576K
Event: 4.462 GC heap after
Heap after GC invocations=9 (full 1):
 PSYoungGen      total 63488K, used 0K [0x00000000e0000000, 0x00000000e4600000, 0x0000000100000000)
  eden space 58368K, 0% used [0x00000000e0000000,0x00000000e0000000,0x00000000e3900000)
  from space 5120K, 0% used [0x00000000e3f00000,0x00000000e3f00000,0x00000000e4400000)
  to   space 6144K, 0% used [0x00000000e3900000,0x00000000e3900000,0x00000000e3f00000)
 ParOldGen       total 34304K, used 9684K [0x00000000a0000000, 0x00000000a2180000, 0x00000000e0000000)
  object space 34304K, 28% used [0x00000000a0000000,0x00000000a0975208,0x00000000a2180000)
 Metaspace       used 20588K, capacity 21190K, committed 21296K, reserved 1067008K
  class space    used 2931K, capacity 3107K, committed 3200K, reserved 1048576K
}
Event: 5.196 GC heap before
{Heap before GC invocations=10 (full 1):
 PSYoungGen      total 63488K, used 58368K [0x00000000e0000000, 0x00000000e4600000, 0x0000000100000000)
  eden space 58368K, 100% used [0x00000000e0000000,0x00000000e3900000,0x00000000e3900000)
  from space 5120K, 0% used [0x00000000e3f00000,0x00000000e3f00000,0x00000000e4400000)
  to   space 6144K, 0% used [0x00000000e3900000,0x00000000e3900000,0x00000000e3f00000)
 ParOldGen       total 34304K, used 9684K [0x00000000a0000000, 0x00000000a2180000, 0x00000000e0000000)
  object space 34304K, 28% used [0x00000000a0000000,0x00000000a0975208,0x00000000a2180000)
 Metaspace       used 25620K, capacity 26352K, committed 26496K, reserved 1071104K
  class space    used 3655K, capacity 3870K, committed 3968K, reserved 1048576K
Event: 5.202 GC heap after
Heap after GC invocations=10 (full 1):
 PSYoungGen      total 64512K, used 6088K [0x00000000e0000000, 0x00000000e5e00000, 0x0000000100000000)
  eden space 58368K, 0% used [0x00000000e0000000,0x00000000e0000000,0x00000000e3900000)
  from space 6144K, 99% used [0x00000000e3900000,0x00000000e3ef2340,0x00000000e3f00000)
  to   space 8704K, 0% used [0x00000000e5580000,0x00000000e5580000,0x00000000e5e00000)
 ParOldGen       total 34304K, used 9692K [0x00000000a0000000, 0x00000000a2180000, 0x00000000e0000000)
  object space 34304K, 28% used [0x00000000a0000000,0x00000000a0977208,0x00000000a2180000)
 Metaspace       used 25620K, capacity 26352K, committed 26496K, reserved 1071104K
  class space    used 3655K, capacity 3870K, committed 3968K, reserved 1048576K
}
Event: 6.128 GC heap before
{Heap before GC invocations=11 (full 1):
 PSYoungGen      total 64512K, used 64456K [0x00000000e0000000, 0x00000000e5e00000, 0x0000000100000000)
  eden space 58368K, 100% used [0x00000000e0000000,0x00000000e3900000,0x00000000e3900000)
  from space 6144K, 99% used [0x00000000e3900000,0x00000000e3ef2340,0x00000000e3f00000)
  to   space 8704K, 0% used [0x00000000e5580000,0x00000000e5580000,0x00000000e5e00000)
 ParOldGen       total 34304K, used 9692K [0x00000000a0000000, 0x00000000a2180000, 0x00000000e0000000)
  object space 34304K, 28% used [0x00000000a0000000,0x00000000a0977208,0x00000000a2180000)
 Metaspace       used 32409K, capacity 33408K, committed 33536K, reserved 1077248K
  class space    used 4524K, capacity 4771K, committed 4864K, reserved 1048576K
Event: 6.143 GC heap after
Heap after GC invocations=11 (full 1):
 PSYoungGen      total 86528K, used 8578K [0x00000000e0000000, 0x00000000e6000000, 0x0000000100000000)
  eden space 77824K, 0% used [0x00000000e0000000,0x00000000e0000000,0x00000000e4c00000)
  from space 8704K, 98% used [0x00000000e5580000,0x00000000e5de0a40,0x00000000e5e00000)
  to   space 9728K, 0% used [0x00000000e4c00000,0x00000000e4c00000,0x00000000e5580000)
 ParOldGen       total 34304K, used 9700K [0x00000000a0000000, 0x00000000a2180000, 0x00000000e0000000)
  object space 34304K, 28% used [0x00000000a0000000,0x00000000a0979208,0x00000000a2180000)
 Metaspace       used 32409K, capacity 33408K, committed 33536K, reserved 1077248K
  class space    used 4524K, capacity 4771K, committed 4864K, reserved 1048576K
}
Event: 7.164 GC heap before
{Heap before GC invocations=12 (full 1):
 PSYoungGen      total 86528K, used 54268K [0x00000000e0000000, 0x00000000e6000000, 0x0000000100000000)
  eden space 77824K, 58% used [0x00000000e0000000,0x00000000e2c9e6f0,0x00000000e4c00000)
  from space 8704K, 98% used [0x00000000e5580000,0x00000000e5de0a40,0x00000000e5e00000)
  to   space 9728K, 0% used [0x00000000e4c00000,0x00000000e4c00000,0x00000000e5580000)
 ParOldGen       total 34304K, used 9700K [0x00000000a0000000, 0x00000000a2180000, 0x00000000e0000000)
  object space 34304K, 28% used [0x00000000a0000000,0x00000000a0979208,0x00000000a2180000)
 Metaspace       used 34347K, capacity 35442K, committed 35496K, reserved 1079296K
  class space    used 4835K, capacity 5096K, committed 5120K, reserved 1048576K
Event: 7.194 GC heap after
Heap after GC invocations=12 (full 1):
 PSYoungGen      total 87552K, used 3438K [0x00000000e0000000, 0x00000000e6000000, 0x0000000100000000)
  eden space 77824K, 0% used [0x00000000e0000000,0x00000000e0000000,0x00000000e4c00000)
  from space 9728K, 35% used [0x00000000e4c00000,0x00000000e4f5bbc8,0x00000000e5580000)
  to   space 8704K, 0% used [0x00000000e5580000,0x00000000e5580000,0x00000000e5e00000)
 ParOldGen       total 34304K, used 14649K [0x00000000a0000000, 0x00000000a2180000, 0x00000000e0000000)
  object space 34304K, 42% used [0x00000000a0000000,0x00000000a0e4e6f8,0x00000000a2180000)
 Metaspace       used 34347K, capacity 35442K, committed 35496K, reserved 1079296K
  class space    used 4835K, capacity 5096K, committed 5120K, reserved 1048576K
}
Event: 7.194 GC heap before
{Heap before GC invocations=13 (full 2):
 PSYoungGen      total 87552K, used 3438K [0x00000000e0000000, 0x00000000e6000000, 0x0000000100000000)
  eden space 77824K, 0% used [0x00000000e0000000,0x00000000e0000000,0x00000000e4c00000)
  from space 9728K, 35% used [0x00000000e4c00000,0x00000000e4f5bbc8,0x00000000e5580000)
  to   space 8704K, 0% used [0x00000000e5580000,0x00000000e5580000,0x00000000e5e00000)
 ParOldGen       total 34304K, used 14649K [0x00000000a0000000, 0x00000000a2180000, 0x00000000e0000000)
  object space 34304K, 42% used [0x00000000a0000000,0x00000000a0e4e6f8,0x00000000a2180000)
 Metaspace       used 34347K, capacity 35442K, committed 35496K, reserved 1079296K
  class space    used 4835K, capacity 5096K, committed 5120K, reserved 1048576K
Event: 7.325 GC heap after
Heap after GC invocations=13 (full 2):
 PSYoungGen      total 87552K, used 0K [0x00000000e0000000, 0x00000000e6000000, 0x0000000100000000)
  eden space 77824K, 0% used [0x00000000e0000000,0x00000000e0000000,0x00000000e4c00000)
  from space 9728K, 0% used [0x00000000e4c00000,0x00000000e4c00000,0x00000000e5580000)
  to   space 8704K, 0% used [0x00000000e5580000,0x00000000e5580000,0x00000000e5e00000)
 ParOldGen       total 34304K, used 14760K [0x00000000a0000000, 0x00000000a2180000, 0x00000000e0000000)
  object space 34304K, 43% used [0x00000000a0000000,0x00000000a0e6a348,0x00000000a2180000)
 Metaspace       used 34347K, capacity 35442K, committed 35496K, reserved 1079296K
  class space    used 4835K, capacity 5096K, committed 5120K, reserved 1048576K
}

