# JRE version: Java(TM) SE Runtime Environment (8.0_281-b09) (build 1.8.0_281-b09)
# Java VM: Java HotSpot(TM) 64-Bit Server VM (25.281-b09 mixed mode windows-amd64 compressed oops)
Heap:
 PSYoungGen      total 301056K, used 210976K [0x00000000e0000000, 0x00000000f4c00000, 0x0000000100000000)
  eden space 281600K, 68% used [0x00000000e0000000,0x00000000ebb2eea0,0x00000000f1300000)
  from space 19456K, 99% used [0x00000000f3900000,0x00000000f4bd93b8,0x00000000f4c00000)
  to   space 23552K, 0% used [0x00000000f1e00000,0x00000000f1e00000,0x00000000f3500000)
 ParOldGen       total 74240K, used 28836K [0x00000000a0000000, 0x00000000a4880000, 0x00000000e0000000)
  object space 74240K, 38% used [0x00000000a0000000,0x00000000a1c29350,0x00000000a4880000)
 Metaspace       used 79709K, capacity 83730K, committed 83968K, reserved 1122304K
  class space    used 11251K, capacity 12001K, committed 12032K, reserved 1048576K
GC Heap History (10 events):
Event: 10.583 GC heap before
{Heap before GC invocations=13 (full 2):
 PSYoungGen      total 171008K, used 159744K [0x00000000e0000000, 0x00000000eb380000, 0x0000000100000000)
  eden space 159744K, 100% used [0x00000000e0000000,0x00000000e9c00000,0x00000000e9c00000)
  from space 11264K, 0% used [0x00000000ea780000,0x00000000ea780000,0x00000000eb280000)
  to   space 11776K, 0% used [0x00000000e9c00000,0x00000000e9c00000,0x00000000ea780000)
 ParOldGen       total 49664K, used 15305K [0x00000000a0000000, 0x00000000a3080000, 0x00000000e0000000)
  object space 49664K, 30% used [0x00000000a0000000,0x00000000a0ef2730,0x00000000a3080000)
 Metaspace       used 44064K, capacity 45874K, committed 46208K, reserved 1089536K
  class space    used 6076K, capacity 6426K, committed 6528K, reserved 1048576K
Event: 10.605 GC heap after
Heap after GC invocations=13 (full 2):
 PSYoungGen      total 171520K, used 11774K [0x00000000e0000000, 0x00000000ee780000, 0x0000000100000000)
  eden space 159744K, 0% used [0x00000000e0000000,0x00000000e0000000,0x00000000e9c00000)
  from space 11776K, 99% used [0x00000000e9c00000,0x00000000ea77f870,0x00000000ea780000)
  to   space 14336K, 0% used [0x00000000ed980000,0x00000000ed980000,0x00000000ee780000)
 ParOldGen       total 49664K, used 16902K [0x00000000a0000000, 0x00000000a3080000, 0x00000000e0000000)
  object space 49664K, 34% used [0x00000000a0000000,0x00000000a1081998,0x00000000a3080000)
 Metaspace       used 44064K, capacity 45874K, committed 46208K, reserved 1089536K
  class space    used 6076K, capacity 6426K, committed 6528K, reserved 1048576K
}
Event: 13.675 GC heap before
{Heap before GC invocations=14 (full 2):
 PSYoungGen      total 171520K, used 171518K [0x00000000e0000000, 0x00000000ee780000, 0x0000000100000000)
  eden space 159744K, 100% used [0x00000000e0000000,0x00000000e9c00000,0x00000000e9c00000)
  from space 11776K, 99% used [0x00000000e9c00000,0x00000000ea77f870,0x00000000ea780000)
  to   space 14336K, 0% used [0x00000000ed980000,0x00000000ed980000,0x00000000ee780000)
 ParOldGen       total 49664K, used 16902K [0x00000000a0000000, 0x00000000a3080000, 0x00000000e0000000)
  object space 49664K, 34% used [0x00000000a0000000,0x00000000a1081998,0x00000000a3080000)
 Metaspace       used 56656K, capacity 58882K, committed 59136K, reserved 1099776K
  class space    used 7893K, capacity 8376K, committed 8448K, reserved 1048576K
Event: 13.716 GC heap after
Heap after GC invocations=14 (full 2):
 PSYoungGen      total 216576K, used 14317K [0x00000000e0000000, 0x00000000ef100000, 0x0000000100000000)
  eden space 202240K, 0% used [0x00000000e0000000,0x00000000e0000000,0x00000000ec580000)
  from space 14336K, 99% used [0x00000000ed980000,0x00000000ee77b718,0x00000000ee780000)
  to   space 20480K, 0% used [0x00000000ec580000,0x00000000ec580000,0x00000000ed980000)
 ParOldGen       total 49664K, used 27522K [0x00000000a0000000, 0x00000000a3080000, 0x00000000e0000000)
  object space 49664K, 55% used [0x00000000a0000000,0x00000000a1ae09d0,0x00000000a3080000)
 Metaspace       used 56656K, capacity 58882K, committed 59136K, reserved 1099776K
  class space    used 7893K, capacity 8376K, committed 8448K, reserved 1048576K
}
Event: 13.767 GC heap before
{Heap before GC invocations=15 (full 2):
 PSYoungGen      total 216576K, used 18171K [0x00000000e0000000, 0x00000000ef100000, 0x0000000100000000)
  eden space 202240K, 1% used [0x00000000e0000000,0x00000000e03c3830,0x00000000ec580000)
  from space 14336K, 99% used [0x00000000ed980000,0x00000000ee77b718,0x00000000ee780000)
  to   space 20480K, 0% used [0x00000000ec580000,0x00000000ec580000,0x00000000ed980000)
 ParOldGen       total 49664K, used 27522K [0x00000000a0000000, 0x00000000a3080000, 0x00000000e0000000)
  object space 49664K, 55% used [0x00000000a0000000,0x00000000a1ae09d0,0x00000000a3080000)
 Metaspace       used 56842K, capacity 59054K, committed 59136K, reserved 1099776K
  class space    used 7922K, capacity 8410K, committed 8448K, reserved 1048576K
Event: 13.789 GC heap after
Heap after GC invocations=15 (full 2):
 PSYoungGen      total 222720K, used 352K [0x00000000e0000000, 0x00000000f4d00000, 0x0000000100000000)
  eden space 202240K, 0% used [0x00000000e0000000,0x00000000e0000000,0x00000000ec580000)
  from space 20480K, 1% used [0x00000000ec580000,0x00000000ec5d8000,0x00000000ed980000)
  to   space 20480K, 0% used [0x00000000f3900000,0x00000000f3900000,0x00000000f4d00000)
 ParOldGen       total 49664K, used 38102K [0x00000000a0000000, 0x00000000a3080000, 0x00000000e0000000)
  object space 49664K, 76% used [0x00000000a0000000,0x00000000a2535840,0x00000000a3080000)
 Metaspace       used 56842K, capacity 59054K, committed 59136K, reserved 1099776K
  class space    used 7922K, capacity 8410K, committed 8448K, reserved 1048576K
}
Event: 13.789 GC heap before
{Heap before GC invocations=16 (full 3):
 PSYoungGen      total 222720K, used 352K [0x00000000e0000000, 0x00000000f4d00000, 0x0000000100000000)
  eden space 202240K, 0% used [0x00000000e0000000,0x00000000e0000000,0x00000000ec580000)
  from space 20480K, 1% used [0x00000000ec580000,0x00000000ec5d8000,0x00000000ed980000)
  to   space 20480K, 0% used [0x00000000f3900000,0x00000000f3900000,0x00000000f4d00000)
 ParOldGen       total 49664K, used 38102K [0x00000000a0000000, 0x00000000a3080000, 0x00000000e0000000)
  object space 49664K, 76% used [0x00000000a0000000,0x00000000a2535840,0x00000000a3080000)
 Metaspace       used 56842K, capacity 59054K, committed 59136K, reserved 1099776K
  class space    used 7922K, capacity 8410K, committed 8448K, reserved 1048576K
Event: 14.228 GC heap after
Heap after GC invocations=16 (full 3):
 PSYoungGen      total 222720K, used 0K [0x00000000e0000000, 0x00000000f4d00000, 0x0000000100000000)
  eden space 202240K, 0% used [0x00000000e0000000,0x00000000e0000000,0x00000000ec580000)
  from space 20480K, 0% used [0x00000000ec580000,0x00000000ec580000,0x00000000ed980000)
  to   space 20480K, 0% used [0x00000000f3900000,0x00000000f3900000,0x00000000f4d00000)
 ParOldGen       total 74240K, used 28828K [0x00000000a0000000, 0x00000000a4880000, 0x00000000e0000000)
  object space 74240K, 38% used [0x00000000a0000000,0x00000000a1c27350,0x00000000a4880000)
 Metaspace       used 56837K, capacity 59036K, committed 59136K, reserved 1099776K
  class space    used 7920K, capacity 8407K, committed 8448K, reserved 1048576K
}
Event: 19.712 GC heap before
{Heap before GC invocations=17 (full 3):
 PSYoungGen      total 222720K, used 202240K [0x00000000e0000000, 0x00000000f4d00000, 0x0000000100000000)
  eden space 202240K, 100% used [0x00000000e0000000,0x00000000ec580000,0x00000000ec580000)
  from space 20480K, 0% used [0x00000000ec580000,0x00000000ec580000,0x00000000ed980000)
  to   space 20480K, 0% used [0x00000000f3900000,0x00000000f3900000,0x00000000f4d00000)
 ParOldGen       total 74240K, used 28828K [0x00000000a0000000, 0x00000000a4880000, 0x00000000e0000000)
  object space 74240K, 38% used [0x00000000a0000000,0x00000000a1c27350,0x00000000a4880000)
 Metaspace       used 66779K, capacity 69800K, committed 69888K, reserved 1110016K
  class space    used 9389K, capacity 9984K, committed 9984K, reserved 1048576K
Event: 19.748 GC heap after
Heap after GC invocations=17 (full 3):
 PSYoungGen      total 301056K, used 19300K [0x00000000e0000000, 0x00000000f4c00000, 0x0000000100000000)
  eden space 281600K, 0% used [0x00000000e0000000,0x00000000e0000000,0x00000000f1300000)
  from space 19456K, 99% used [0x00000000f3900000,0x00000000f4bd93b8,0x00000000f4c00000)
  to   space 23552K, 0% used [0x00000000f1e00000,0x00000000f1e00000,0x00000000f3500000)
 ParOldGen       total 74240K, used 28836K [0x00000000a0000000, 0x00000000a4880000, 0x00000000e0000000)
  object space 74240K, 38% used [0x00000000a0000000,0x00000000a1c29350,0x00000000a4880000)
 Metaspace       used 66779K, capacity 69800K, committed 69888K, reserved 1110016K
  class space    used 9389K, capacity 9984K, committed 9984K, reserved 1048576K
}

