# JRE version: Java(TM) SE Runtime Environment (8.0_281-b09) (build 1.8.0_281-b09)
# Java VM: Java HotSpot(TM) 64-Bit Server VM (25.281-b09 mixed mode windows-amd64 compressed oops)
Heap:
 PSYoungGen      total 234496K, used 37674K [0x00000000e0000000, 0x00000000f1680000, 0x0000000100000000)
  eden space 216064K, 16% used [0x00000000e0000000,0x00000000e234b9e8,0x00000000ed300000)
  from space 18432K, 8% used [0x00000000f0480000,0x00000000f05ff0b0,0x00000000f1680000)
  to   space 17920K, 0% used [0x00000000ed300000,0x00000000ed300000,0x00000000ee480000)
 ParOldGen       total 75264K, used 74739K [0x00000000a0000000, 0x00000000a4980000, 0x00000000e0000000)
  object space 75264K, 99% used [0x00000000a0000000,0x00000000a48fcc00,0x00000000a4980000)
 Metaspace       used 83859K, capacity 88060K, committed 88192K, reserved 1124352K
  class space    used 11540K, capacity 12302K, committed 12416K, reserved 1048576K
GC Heap History (10 events):
Event: 28.916 GC heap before
{Heap before GC invocations=18 (full 3):
 PSYoungGen      total 179712K, used 8614K [0x00000000e0000000, 0x00000000ef700000, 0x0000000100000000)
  eden space 163328K, 0% used [0x00000000e0000000,0x00000000e0000000,0x00000000e9f80000)
  from space 16384K, 52% used [0x00000000e9f80000,0x00000000ea7e9a50,0x00000000eaf80000)
  to   space 15872K, 0% used [0x00000000ee780000,0x00000000ee780000,0x00000000ef700000)
 ParOldGen       total 44032K, used 30501K [0x00000000a0000000, 0x00000000a2b00000, 0x00000000e0000000)
  object space 44032K, 69% used [0x00000000a0000000,0x00000000a1dc9728,0x00000000a2b00000)
 Metaspace       used 56850K, capacity 59038K, committed 59136K, reserved 1099776K
  class space    used 7925K, capacity 8408K, committed 8448K, reserved 1048576K
Event: 29.256 GC heap after
Heap after GC invocations=18 (full 3):
 PSYoungGen      total 179712K, used 0K [0x00000000e0000000, 0x00000000ef700000, 0x0000000100000000)
  eden space 163328K, 0% used [0x00000000e0000000,0x00000000e0000000,0x00000000e9f80000)
  from space 16384K, 0% used [0x00000000e9f80000,0x00000000e9f80000,0x00000000eaf80000)
  to   space 15872K, 0% used [0x00000000ee780000,0x00000000ee780000,0x00000000ef700000)
 ParOldGen       total 75264K, used 33096K [0x00000000a0000000, 0x00000000a4980000, 0x00000000e0000000)
  object space 75264K, 43% used [0x00000000a0000000,0x00000000a2052320,0x00000000a4980000)
 Metaspace       used 56848K, capacity 59032K, committed 59136K, reserved 1099776K
  class space    used 7925K, capacity 8407K, committed 8448K, reserved 1048576K
}
Event: 37.755 GC heap before
{Heap before GC invocations=19 (full 3):
 PSYoungGen      total 179712K, used 163328K [0x00000000e0000000, 0x00000000ef700000, 0x0000000100000000)
  eden space 163328K, 100% used [0x00000000e0000000,0x00000000e9f80000,0x00000000e9f80000)
  from space 16384K, 0% used [0x00000000e9f80000,0x00000000e9f80000,0x00000000eaf80000)
  to   space 15872K, 0% used [0x00000000ee780000,0x00000000ee780000,0x00000000ef700000)
 ParOldGen       total 75264K, used 33096K [0x00000000a0000000, 0x00000000a4980000, 0x00000000e0000000)
  object space 75264K, 43% used [0x00000000a0000000,0x00000000a2052320,0x00000000a4980000)
 Metaspace       used 63749K, capacity 66512K, committed 66688K, reserved 1105920K
  class space    used 8937K, capacity 9483K, committed 9600K, reserved 1048576K
Event: 37.803 GC heap after
Heap after GC invocations=19 (full 3):
 PSYoungGen      total 226816K, used 14820K [0x00000000e0000000, 0x00000000ef600000, 0x0000000100000000)
  eden space 211968K, 0% used [0x00000000e0000000,0x00000000e0000000,0x00000000ecf00000)
  from space 14848K, 99% used [0x00000000ee780000,0x00000000ef5f91e0,0x00000000ef600000)
  to   space 17920K, 0% used [0x00000000ed300000,0x00000000ed300000,0x00000000ee480000)
 ParOldGen       total 75264K, used 33104K [0x00000000a0000000, 0x00000000a4980000, 0x00000000e0000000)
  object space 75264K, 43% used [0x00000000a0000000,0x00000000a2054320,0x00000000a4980000)
 Metaspace       used 63749K, capacity 66512K, committed 66688K, reserved 1105920K
  class space    used 8937K, capacity 9483K, committed 9600K, reserved 1048576K
}
Event: 96.490 GC heap before
{Heap before GC invocations=20 (full 3):
 PSYoungGen      total 226816K, used 226788K [0x00000000e0000000, 0x00000000ef600000, 0x0000000100000000)
  eden space 211968K, 100% used [0x00000000e0000000,0x00000000ecf00000,0x00000000ecf00000)
  from space 14848K, 99% used [0x00000000ee780000,0x00000000ef5f91e0,0x00000000ef600000)
  to   space 17920K, 0% used [0x00000000ed300000,0x00000000ed300000,0x00000000ee480000)
 ParOldGen       total 75264K, used 33104K [0x00000000a0000000, 0x00000000a4980000, 0x00000000e0000000)
  object space 75264K, 43% used [0x00000000a0000000,0x00000000a2054320,0x00000000a4980000)
 Metaspace       used 73150K, capacity 76442K, committed 76672K, reserved 1116160K
  class space    used 9925K, capacity 10533K, committed 10624K, reserved 1048576K
Event: 96.557 GC heap after
Heap after GC invocations=20 (full 3):
 PSYoungGen      total 233984K, used 11136K [0x00000000e0000000, 0x00000000f1680000, 0x0000000100000000)
  eden space 216064K, 0% used [0x00000000e0000000,0x00000000e0000000,0x00000000ed300000)
  from space 17920K, 62% used [0x00000000ed300000,0x00000000edde0340,0x00000000ee480000)
  to   space 18432K, 0% used [0x00000000f0480000,0x00000000f0480000,0x00000000f1680000)
 ParOldGen       total 75264K, used 42521K [0x00000000a0000000, 0x00000000a4980000, 0x00000000e0000000)
  object space 75264K, 56% used [0x00000000a0000000,0x00000000a2986490,0x00000000a4980000)
 Metaspace       used 73150K, capacity 76442K, committed 76672K, reserved 1116160K
  class space    used 9925K, capacity 10533K, committed 10624K, reserved 1048576K
}
Event: 112.429 GC heap before
{Heap before GC invocations=21 (full 3):
 PSYoungGen      total 233984K, used 227200K [0x00000000e0000000, 0x00000000f1680000, 0x0000000100000000)
  eden space 216064K, 100% used [0x00000000e0000000,0x00000000ed300000,0x00000000ed300000)
  from space 17920K, 62% used [0x00000000ed300000,0x00000000edde0340,0x00000000ee480000)
  to   space 18432K, 0% used [0x00000000f0480000,0x00000000f0480000,0x00000000f1680000)
 ParOldGen       total 75264K, used 42521K [0x00000000a0000000, 0x00000000a4980000, 0x00000000e0000000)
  object space 75264K, 56% used [0x00000000a0000000,0x00000000a2986490,0x00000000a4980000)
 Metaspace       used 83112K, capacity 87290K, committed 87424K, reserved 1124352K
  class space    used 11400K, capacity 12141K, committed 12160K, reserved 1048576K
Event: 112.676 GC heap after
Heap after GC invocations=21 (full 3):
 PSYoungGen      total 234496K, used 18429K [0x00000000e0000000, 0x00000000f1680000, 0x0000000100000000)
  eden space 216064K, 0% used [0x00000000e0000000,0x00000000e0000000,0x00000000ed300000)
  from space 18432K, 99% used [0x00000000f0480000,0x00000000f167f708,0x00000000f1680000)
  to   space 17920K, 0% used [0x00000000ed300000,0x00000000ed300000,0x00000000ee480000)
 ParOldGen       total 75264K, used 67529K [0x00000000a0000000, 0x00000000a4980000, 0x00000000e0000000)
  object space 75264K, 89% used [0x00000000a0000000,0x00000000a41f26e0,0x00000000a4980000)
 Metaspace       used 83112K, capacity 87290K, committed 87424K, reserved 1124352K
  class space    used 11400K, capacity 12141K, committed 12160K, reserved 1048576K
}
Event: 112.676 GC heap before
{Heap before GC invocations=22 (full 4):
 PSYoungGen      total 234496K, used 18429K [0x00000000e0000000, 0x00000000f1680000, 0x0000000100000000)
  eden space 216064K, 0% used [0x00000000e0000000,0x00000000e0000000,0x00000000ed300000)
  from space 18432K, 99% used [0x00000000f0480000,0x00000000f167f708,0x00000000f1680000)
  to   space 17920K, 0% used [0x00000000ed300000,0x00000000ed300000,0x00000000ee480000)
 ParOldGen       total 75264K, used 67529K [0x00000000a0000000, 0x00000000a4980000, 0x00000000e0000000)
  object space 75264K, 89% used [0x00000000a0000000,0x00000000a41f26e0,0x00000000a4980000)
 Metaspace       used 83112K, capacity 87290K, committed 87424K, reserved 1124352K
  class space    used 11400K, capacity 12141K, committed 12160K, reserved 1048576K
Event: 113.587 GC heap after
Heap after GC invocations=22 (full 4):
 PSYoungGen      total 234496K, used 1532K [0x00000000e0000000, 0x00000000f1680000, 0x0000000100000000)
  eden space 216064K, 0% used [0x00000000e0000000,0x00000000e0000000,0x00000000ed300000)
  from space 18432K, 8% used [0x00000000f0480000,0x00000000f05ff0b0,0x00000000f1680000)
  to   space 17920K, 0% used [0x00000000ed300000,0x00000000ed300000,0x00000000ee480000)
 ParOldGen       total 75264K, used 74739K [0x00000000a0000000, 0x00000000a4980000, 0x00000000e0000000)
  object space 75264K, 99% used [0x00000000a0000000,0x00000000a48fcc00,0x00000000a4980000)
 Metaspace       used 83098K, capacity 87246K, committed 87424K, reserved 1124352K
  class space    used 11396K, capacity 12133K, committed 12160K, reserved 1048576K
}

