# JRE version: Java(TM) SE Runtime Environment (8.0_281-b09) (build 1.8.0_281-b09)
# Java VM: Java HotSpot(TM) 64-Bit Server VM (25.281-b09 mixed mode windows-amd64 compressed oops)
Heap:
 PSYoungGen      total 82944K, used 13244K [0x00000000e0000000, 0x00000000e5a80000, 0x0000000100000000)
  eden space 73216K, 18% used [0x00000000e0000000,0x00000000e0cef2d8,0x00000000e4780000)
  from space 9728K, 0% used [0x00000000e4780000,0x00000000e4780000,0x00000000e5100000)
  to   space 8704K, 0% used [0x00000000e5100000,0x00000000e5100000,0x00000000e5980000)
 ParOldGen       total 34304K, used 14872K [0x00000000a0000000, 0x00000000a2180000, 0x00000000e0000000)
  object space 34304K, 43% used [0x00000000a0000000,0x00000000a0e862d8,0x00000000a2180000)
 Metaspace       used 35014K, capacity 36072K, committed 36224K, reserved 1081344K
  class space    used 4929K, capacity 5179K, committed 5248K, reserved 1048576K
GC Heap History (10 events):
Event: 4.205 GC heap before
{Heap before GC invocations=9 (full 1):
 PSYoungGen      total 63488K, used 4927K [0x00000000e0000000, 0x00000000e4600000, 0x0000000100000000)
  eden space 58368K, 0% used [0x00000000e0000000,0x00000000e0000000,0x00000000e3900000)
  from space 5120K, 96% used [0x00000000e3f00000,0x00000000e43cfea0,0x00000000e4400000)
  to   space 6144K, 0% used [0x00000000e3900000,0x00000000e3900000,0x00000000e3f00000)
 ParOldGen       total 38400K, used 8918K [0x00000000a0000000, 0x00000000a2580000, 0x00000000e0000000)
  object space 38400K, 23% used [0x00000000a0000000,0x00000000a08b58a0,0x00000000a2580000)
 Metaspace       used 20605K, capacity 21190K, committed 21296K, reserved 1067008K
  class space    used 2933K, capacity 3107K, committed 3200K, reserved 1048576K
Event: 4.357 GC heap after
Heap after GC invocations=9 (full 1):
 PSYoungGen      total 63488K, used 0K [0x00000000e0000000, 0x00000000e4600000, 0x0000000100000000)
  eden space 58368K, 0% used [0x00000000e0000000,0x00000000e0000000,0x00000000e3900000)
  from space 5120K, 0% used [0x00000000e3f00000,0x00000000e3f00000,0x00000000e4400000)
  to   space 6144K, 0% used [0x00000000e3900000,0x00000000e3900000,0x00000000e3f00000)
 ParOldGen       total 34304K, used 7852K [0x00000000a0000000, 0x00000000a2180000, 0x00000000e0000000)
  object space 34304K, 22% used [0x00000000a0000000,0x00000000a07ab128,0x00000000a2180000)
 Metaspace       used 20605K, capacity 21190K, committed 21296K, reserved 1067008K
  class space    used 2933K, capacity 3107K, committed 3200K, reserved 1048576K
}
Event: 5.080 GC heap before
{Heap before GC invocations=10 (full 1):
 PSYoungGen      total 63488K, used 58368K [0x00000000e0000000, 0x00000000e4600000, 0x0000000100000000)
  eden space 58368K, 100% used [0x00000000e0000000,0x00000000e3900000,0x00000000e3900000)
  from space 5120K, 0% used [0x00000000e3f00000,0x00000000e3f00000,0x00000000e4400000)
  to   space 6144K, 0% used [0x00000000e3900000,0x00000000e3900000,0x00000000e3f00000)
 ParOldGen       total 34304K, used 7852K [0x00000000a0000000, 0x00000000a2180000, 0x00000000e0000000)
  object space 34304K, 22% used [0x00000000a0000000,0x00000000a07ab128,0x00000000a2180000)
 Metaspace       used 25616K, capacity 26416K, committed 26752K, reserved 1073152K
  class space    used 3655K, capacity 3870K, committed 3968K, reserved 1048576K
Event: 5.091 GC heap after
Heap after GC invocations=10 (full 1):
 PSYoungGen      total 64512K, used 6035K [0x00000000e0000000, 0x00000000e5980000, 0x0000000100000000)
  eden space 58368K, 0% used [0x00000000e0000000,0x00000000e0000000,0x00000000e3900000)
  from space 6144K, 98% used [0x00000000e3900000,0x00000000e3ee4df0,0x00000000e3f00000)
  to   space 8704K, 0% used [0x00000000e5100000,0x00000000e5100000,0x00000000e5980000)
 ParOldGen       total 34304K, used 7860K [0x00000000a0000000, 0x00000000a2180000, 0x00000000e0000000)
  object space 34304K, 22% used [0x00000000a0000000,0x00000000a07ad128,0x00000000a2180000)
 Metaspace       used 25616K, capacity 26416K, committed 26752K, reserved 1073152K
  class space    used 3655K, capacity 3870K, committed 3968K, reserved 1048576K
}
Event: 5.962 GC heap before
{Heap before GC invocations=11 (full 1):
 PSYoungGen      total 64512K, used 64403K [0x00000000e0000000, 0x00000000e5980000, 0x0000000100000000)
  eden space 58368K, 100% used [0x00000000e0000000,0x00000000e3900000,0x00000000e3900000)
  from space 6144K, 98% used [0x00000000e3900000,0x00000000e3ee4df0,0x00000000e3f00000)
  to   space 8704K, 0% used [0x00000000e5100000,0x00000000e5100000,0x00000000e5980000)
 ParOldGen       total 34304K, used 7860K [0x00000000a0000000, 0x00000000a2180000, 0x00000000e0000000)
  object space 34304K, 22% used [0x00000000a0000000,0x00000000a07ad128,0x00000000a2180000)
 Metaspace       used 32444K, capacity 33402K, committed 33536K, reserved 1077248K
  class space    used 4532K, capacity 4770K, committed 4864K, reserved 1048576K
Event: 5.976 GC heap after
Heap after GC invocations=11 (full 1):
 PSYoungGen      total 81920K, used 8658K [0x00000000e0000000, 0x00000000e5a80000, 0x0000000100000000)
  eden space 73216K, 0% used [0x00000000e0000000,0x00000000e0000000,0x00000000e4780000)
  from space 8704K, 99% used [0x00000000e5100000,0x00000000e5974990,0x00000000e5980000)
  to   space 9728K, 0% used [0x00000000e4780000,0x00000000e4780000,0x00000000e5100000)
 ParOldGen       total 34304K, used 7868K [0x00000000a0000000, 0x00000000a2180000, 0x00000000e0000000)
  object space 34304K, 22% used [0x00000000a0000000,0x00000000a07af128,0x00000000a2180000)
 Metaspace       used 32444K, capacity 33402K, committed 33536K, reserved 1077248K
  class space    used 4532K, capacity 4770K, committed 4864K, reserved 1048576K
}
Event: 6.435 GC heap before
{Heap before GC invocations=12 (full 1):
 PSYoungGen      total 81920K, used 53895K [0x00000000e0000000, 0x00000000e5a80000, 0x0000000100000000)
  eden space 73216K, 61% used [0x00000000e0000000,0x00000000e2c2d400,0x00000000e4780000)
  from space 8704K, 99% used [0x00000000e5100000,0x00000000e5974990,0x00000000e5980000)
  to   space 9728K, 0% used [0x00000000e4780000,0x00000000e4780000,0x00000000e5100000)
 ParOldGen       total 34304K, used 7868K [0x00000000a0000000, 0x00000000a2180000, 0x00000000e0000000)
  object space 34304K, 22% used [0x00000000a0000000,0x00000000a07af128,0x00000000a2180000)
 Metaspace       used 34357K, capacity 35442K, committed 35496K, reserved 1079296K
  class space    used 4837K, capacity 5096K, committed 5120K, reserved 1048576K
Event: 6.448 GC heap after
Heap after GC invocations=12 (full 1):
 PSYoungGen      total 82944K, used 8349K [0x00000000e0000000, 0x00000000e5a80000, 0x0000000100000000)
  eden space 73216K, 0% used [0x00000000e0000000,0x00000000e0000000,0x00000000e4780000)
  from space 9728K, 85% used [0x00000000e4780000,0x00000000e4fa77f8,0x00000000e5100000)
  to   space 8704K, 0% used [0x00000000e5100000,0x00000000e5100000,0x00000000e5980000)
 ParOldGen       total 34304K, used 7876K [0x00000000a0000000, 0x00000000a2180000, 0x00000000e0000000)
  object space 34304K, 22% used [0x00000000a0000000,0x00000000a07b1128,0x00000000a2180000)
 Metaspace       used 34357K, capacity 35442K, committed 35496K, reserved 1079296K
  class space    used 4837K, capacity 5096K, committed 5120K, reserved 1048576K
}
Event: 6.448 GC heap before
{Heap before GC invocations=13 (full 2):
 PSYoungGen      total 82944K, used 8349K [0x00000000e0000000, 0x00000000e5a80000, 0x0000000100000000)
  eden space 73216K, 0% used [0x00000000e0000000,0x00000000e0000000,0x00000000e4780000)
  from space 9728K, 85% used [0x00000000e4780000,0x00000000e4fa77f8,0x00000000e5100000)
  to   space 8704K, 0% used [0x00000000e5100000,0x00000000e5100000,0x00000000e5980000)
 ParOldGen       total 34304K, used 7876K [0x00000000a0000000, 0x00000000a2180000, 0x00000000e0000000)
  object space 34304K, 22% used [0x00000000a0000000,0x00000000a07b1128,0x00000000a2180000)
 Metaspace       used 34357K, capacity 35442K, committed 35496K, reserved 1079296K
  class space    used 4837K, capacity 5096K, committed 5120K, reserved 1048576K
Event: 6.529 GC heap after
Heap after GC invocations=13 (full 2):
 PSYoungGen      total 82944K, used 0K [0x00000000e0000000, 0x00000000e5a80000, 0x0000000100000000)
  eden space 73216K, 0% used [0x00000000e0000000,0x00000000e0000000,0x00000000e4780000)
  from space 9728K, 0% used [0x00000000e4780000,0x00000000e4780000,0x00000000e5100000)
  to   space 8704K, 0% used [0x00000000e5100000,0x00000000e5100000,0x00000000e5980000)
 ParOldGen       total 34304K, used 14872K [0x00000000a0000000, 0x00000000a2180000, 0x00000000e0000000)
  object space 34304K, 43% used [0x00000000a0000000,0x00000000a0e862d8,0x00000000a2180000)
 Metaspace       used 34357K, capacity 35442K, committed 35496K, reserved 1079296K
  class space    used 4837K, capacity 5096K, committed 5120K, reserved 1048576K
}

