# JRE version: Java(TM) SE Runtime Environment (8.0_281-b09) (build 1.8.0_281-b09)
# Java VM: Java HotSpot(TM) 64-Bit Server VM (25.281-b09 mixed mode windows-amd64 compressed oops)
Heap:
 PSYoungGen      total 211968K, used 70355K [0x00000000e0000000, 0x00000000f1a80000, 0x0000000100000000)
  eden space 194560K, 36% used [0x00000000e0000000,0x00000000e44b4d70,0x00000000ebe00000)
  from space 17408K, 0% used [0x00000000ebe00000,0x00000000ebe00000,0x00000000ecf00000)
  to   space 34816K, 0% used [0x00000000ef880000,0x00000000ef880000,0x00000000f1a80000)
 ParOldGen       total 77824K, used 53837K [0x00000000a0000000, 0x00000000a4c00000, 0x00000000e0000000)
  object space 77824K, 69% used [0x00000000a0000000,0x00000000a3493698,0x00000000a4c00000)
 Metaspace       used 78852K, capacity 82654K, committed 82816K, reserved 1120256K
  class space    used 10897K, capacity 11614K, committed 11648K, reserved 1048576K
GC Heap History (10 events):
Event: 15.734 GC heap before
{Heap before GC invocations=18 (full 3):
 PSYoungGen      total 168448K, used 8880K [0x00000000e0000000, 0x00000000ee180000, 0x0000000100000000)
  eden space 152576K, 0% used [0x00000000e0000000,0x00000000e0000000,0x00000000e9500000)
  from space 15872K, 55% used [0x00000000e9500000,0x00000000e9dac108,0x00000000ea480000)
  to   space 15872K, 0% used [0x00000000ed200000,0x00000000ed200000,0x00000000ee180000)
 ParOldGen       total 45056K, used 30895K [0x00000000a0000000, 0x00000000a2c00000, 0x00000000e0000000)
  object space 45056K, 68% used [0x00000000a0000000,0x00000000a1e2be78,0x00000000a2c00000)
 Metaspace       used 56854K, capacity 59048K, committed 59136K, reserved 1099776K
  class space    used 7928K, capacity 8407K, committed 8448K, reserved 1048576K
Event: 16.014 GC heap after
Heap after GC invocations=18 (full 3):
 PSYoungGen      total 168448K, used 0K [0x00000000e0000000, 0x00000000ee180000, 0x0000000100000000)
  eden space 152576K, 0% used [0x00000000e0000000,0x00000000e0000000,0x00000000e9500000)
  from space 15872K, 0% used [0x00000000e9500000,0x00000000e9500000,0x00000000ea480000)
  to   space 15872K, 0% used [0x00000000ed200000,0x00000000ed200000,0x00000000ee180000)
 ParOldGen       total 77824K, used 33167K [0x00000000a0000000, 0x00000000a4c00000, 0x00000000e0000000)
  object space 77824K, 42% used [0x00000000a0000000,0x00000000a2063e30,0x00000000a4c00000)
 Metaspace       used 56852K, capacity 59042K, committed 59136K, reserved 1099776K
  class space    used 7927K, capacity 8406K, committed 8448K, reserved 1048576K
}
Event: 20.794 GC heap before
{Heap before GC invocations=19 (full 3):
 PSYoungGen      total 168448K, used 152576K [0x00000000e0000000, 0x00000000ee180000, 0x0000000100000000)
  eden space 152576K, 100% used [0x00000000e0000000,0x00000000e9500000,0x00000000e9500000)
  from space 15872K, 0% used [0x00000000e9500000,0x00000000e9500000,0x00000000ea480000)
  to   space 15872K, 0% used [0x00000000ed200000,0x00000000ed200000,0x00000000ee180000)
 ParOldGen       total 77824K, used 33167K [0x00000000a0000000, 0x00000000a4c00000, 0x00000000e0000000)
  object space 77824K, 42% used [0x00000000a0000000,0x00000000a2063e30,0x00000000a4c00000)
 Metaspace       used 63547K, capacity 66354K, committed 66560K, reserved 1105920K
  class space    used 8917K, capacity 9466K, committed 9472K, reserved 1048576K
Event: 20.825 GC heap after
Heap after GC invocations=19 (full 3):
 PSYoungGen      total 202240K, used 13852K [0x00000000e0000000, 0x00000000ee000000, 0x0000000100000000)
  eden space 187904K, 0% used [0x00000000e0000000,0x00000000e0000000,0x00000000eb780000)
  from space 14336K, 96% used [0x00000000ed200000,0x00000000edf87280,0x00000000ee000000)
  to   space 17408K, 0% used [0x00000000ebe00000,0x00000000ebe00000,0x00000000ecf00000)
 ParOldGen       total 77824K, used 33175K [0x00000000a0000000, 0x00000000a4c00000, 0x00000000e0000000)
  object space 77824K, 42% used [0x00000000a0000000,0x00000000a2065e30,0x00000000a4c00000)
 Metaspace       used 63547K, capacity 66354K, committed 66560K, reserved 1105920K
  class space    used 8917K, capacity 9466K, committed 9472K, reserved 1048576K
}
Event: 25.382 GC heap before
{Heap before GC invocations=20 (full 3):
 PSYoungGen      total 202240K, used 201756K [0x00000000e0000000, 0x00000000ee000000, 0x0000000100000000)
  eden space 187904K, 100% used [0x00000000e0000000,0x00000000eb780000,0x00000000eb780000)
  from space 14336K, 96% used [0x00000000ed200000,0x00000000edf87280,0x00000000ee000000)
  to   space 17408K, 0% used [0x00000000ebe00000,0x00000000ebe00000,0x00000000ecf00000)
 ParOldGen       total 77824K, used 33175K [0x00000000a0000000, 0x00000000a4c00000, 0x00000000e0000000)
  object space 77824K, 42% used [0x00000000a0000000,0x00000000a2065e30,0x00000000a4c00000)
 Metaspace       used 70476K, capacity 73854K, committed 73984K, reserved 1112064K
  class space    used 10018K, capacity 10706K, committed 10752K, reserved 1048576K
Event: 25.506 GC heap after
Heap after GC invocations=20 (full 3):
 PSYoungGen      total 211968K, used 17400K [0x00000000e0000000, 0x00000000f1a80000, 0x0000000100000000)
  eden space 194560K, 0% used [0x00000000e0000000,0x00000000e0000000,0x00000000ebe00000)
  from space 17408K, 99% used [0x00000000ebe00000,0x00000000ecefe0e8,0x00000000ecf00000)
  to   space 34816K, 0% used [0x00000000ef880000,0x00000000ef880000,0x00000000f1a80000)
 ParOldGen       total 77824K, used 72354K [0x00000000a0000000, 0x00000000a4c00000, 0x00000000e0000000)
  object space 77824K, 92% used [0x00000000a0000000,0x00000000a46a8b40,0x00000000a4c00000)
 Metaspace       used 70476K, capacity 73854K, committed 73984K, reserved 1112064K
  class space    used 10018K, capacity 10706K, committed 10752K, reserved 1048576K
}
Event: 25.506 GC heap before
{Heap before GC invocations=21 (full 4):
 PSYoungGen      total 211968K, used 17400K [0x00000000e0000000, 0x00000000f1a80000, 0x0000000100000000)
  eden space 194560K, 0% used [0x00000000e0000000,0x00000000e0000000,0x00000000ebe00000)
  from space 17408K, 99% used [0x00000000ebe00000,0x00000000ecefe0e8,0x00000000ecf00000)
  to   space 34816K, 0% used [0x00000000ef880000,0x00000000ef880000,0x00000000f1a80000)
 ParOldGen       total 77824K, used 72354K [0x00000000a0000000, 0x00000000a4c00000, 0x00000000e0000000)
  object space 77824K, 92% used [0x00000000a0000000,0x00000000a46a8b40,0x00000000a4c00000)
 Metaspace       used 70476K, capacity 73854K, committed 73984K, reserved 1112064K
  class space    used 10018K, capacity 10706K, committed 10752K, reserved 1048576K
Event: 26.536 GC heap after
Heap after GC invocations=21 (full 4):
 PSYoungGen      total 211968K, used 6642K [0x00000000e0000000, 0x00000000f1a80000, 0x0000000100000000)
  eden space 194560K, 0% used [0x00000000e0000000,0x00000000e0000000,0x00000000ebe00000)
  from space 17408K, 38% used [0x00000000ebe00000,0x00000000ec47ca30,0x00000000ecf00000)
  to   space 34816K, 0% used [0x00000000ef880000,0x00000000ef880000,0x00000000f1a80000)
 ParOldGen       total 77824K, used 77450K [0x00000000a0000000, 0x00000000a4c00000, 0x00000000e0000000)
  object space 77824K, 99% used [0x00000000a0000000,0x00000000a4ba2850,0x00000000a4c00000)
 Metaspace       used 70469K, capacity 73834K, committed 73984K, reserved 1112064K
  class space    used 10016K, capacity 10702K, committed 10752K, reserved 1048576K
}
Event: 30.632 GC heap before
{Heap before GC invocations=22 (full 5):
 PSYoungGen      total 211968K, used 201100K [0x00000000e0000000, 0x00000000f1a80000, 0x0000000100000000)
  eden space 194560K, 99% used [0x00000000e0000000,0x00000000ebde68c8,0x00000000ebe00000)
  from space 17408K, 38% used [0x00000000ebe00000,0x00000000ec47ca30,0x00000000ecf00000)
  to   space 34816K, 0% used [0x00000000ef880000,0x00000000ef880000,0x00000000f1a80000)
 ParOldGen       total 77824K, used 77450K [0x00000000a0000000, 0x00000000a4c00000, 0x00000000e0000000)
  object space 77824K, 99% used [0x00000000a0000000,0x00000000a4ba2850,0x00000000a4c00000)
 Metaspace       used 75988K, capacity 79746K, committed 79872K, reserved 1118208K
  class space    used 10734K, capacity 11462K, committed 11520K, reserved 1048576K
Event: 30.913 GC heap after
Heap after GC invocations=22 (full 5):
 PSYoungGen      total 211968K, used 0K [0x00000000e0000000, 0x00000000f1a80000, 0x0000000100000000)
  eden space 194560K, 0% used [0x00000000e0000000,0x00000000e0000000,0x00000000ebe00000)
  from space 17408K, 0% used [0x00000000ebe00000,0x00000000ebe00000,0x00000000ecf00000)
  to   space 34816K, 0% used [0x00000000ef880000,0x00000000ef880000,0x00000000f1a80000)
 ParOldGen       total 77824K, used 53837K [0x00000000a0000000, 0x00000000a4c00000, 0x00000000e0000000)
  object space 77824K, 69% used [0x00000000a0000000,0x00000000a3493698,0x00000000a4c00000)
 Metaspace       used 75988K, capacity 79746K, committed 79872K, reserved 1118208K
  class space    used 10734K, capacity 11462K, committed 11520K, reserved 1048576K
}

